CRITICAL - 2025-06-04 23:26:51 --> ErrorException: Undefined array key "categoria"
[Method: GET, Route: listadoProductos]
in APPPATH\Views\backend\admin\listadoProductos.php on line 11.
 1 APPPATH\Views\backend\admin\listadoProductos.php(11): CodeIgniter\Debug\Exceptions->errorHandler(2, 'Undefined array key "categoria"', 'C:\\xampp\\htdocs\\proyecto_esquenon_gomez\\app\\Views\\backend\\admin\\listadoProductos.php', 11)
 2 SYSTEMPATH\View\View.php(224): include('C:\\xampp\\htdocs\\proyecto_esquenon_gomez\\app\\Views\\backend\\admin\\listadoProductos.php')
 3 SYSTEMPATH\View\View.php(227): CodeIgniter\View\View->CodeIgniter\View\{closure}()
 4 SYSTEMPATH\Common.php(1173): CodeIgniter\View\View->render('backend/admin/listadoProductos', [], true)
 5 APPPATH\Controllers\AdminController.php(49): view('backend/admin/listadoProductos', [...])
 6 SYSTEMPATH\CodeIgniter.php(933): App\Controllers\AdminController->listaCompleta()
 7 SYSTEMPATH\CodeIgniter.php(507): CodeIgniter\CodeIgniter->runController(Object(App\Controllers\AdminController))
 8 SYSTEMPATH\CodeIgniter.php(354): CodeIgniter\CodeIgniter->handleRequest(null, Object(Config\Cache), false)
 9 SYSTEMPATH\Boot.php(334): CodeIgniter\CodeIgniter->run()
10 SYSTEMPATH\Boot.php(67): CodeIgniter\Boot::runCodeIgniter(Object(CodeIgniter\CodeIgniter))
11 FCPATH\index.php(57): CodeIgniter\Boot::bootWeb(Object(Config\Paths))
ERROR - 2025-06-04 23:42:19 --> mysqli_sql_exception: Table 'bd_esquenon_gomez.subcategorias' doesn't exist in C:\xampp\htdocs\proyecto_esquenon_gomez\system\Database\MySQLi\Connection.php:327
Stack trace:
#0 C:\xampp\htdocs\proyecto_esquenon_gomez\system\Database\MySQLi\Connection.php(327): mysqli->query('SELECT `product...', 0)
#1 C:\xampp\htdocs\proyecto_esquenon_gomez\system\Database\BaseConnection.php(738): CodeIgniter\Database\MySQLi\Connection->execute('SELECT `product...')
#2 C:\xampp\htdocs\proyecto_esquenon_gomez\system\Database\BaseConnection.php(652): CodeIgniter\Database\BaseConnection->simpleQuery('SELECT `product...')
#3 C:\xampp\htdocs\proyecto_esquenon_gomez\system\Database\BaseBuilder.php(1649): CodeIgniter\Database\BaseConnection->query('SELECT `product...', Array, false)
#4 C:\xampp\htdocs\proyecto_esquenon_gomez\system\Model.php(286): CodeIgniter\Database\BaseBuilder->get()
#5 C:\xampp\htdocs\proyecto_esquenon_gomez\system\BaseModel.php(675): CodeIgniter\Model->doFindAll(0, 0)
#6 C:\xampp\htdocs\proyecto_esquenon_gomez\app\Models\ProductoModel.php(69): CodeIgniter\BaseModel->findAll()
#7 C:\xampp\htdocs\proyecto_esquenon_gomez\app\Controllers\AdminController.php(46): App\Models\ProductoModel->categorias()
#8 C:\xampp\htdocs\proyecto_esquenon_gomez\system\CodeIgniter.php(933): App\Controllers\AdminController->listaCompleta()
#9 C:\xampp\htdocs\proyecto_esquenon_gomez\system\CodeIgniter.php(507): CodeIgniter\CodeIgniter->runController(Object(App\Controllers\AdminController))
#10 C:\xampp\htdocs\proyecto_esquenon_gomez\system\CodeIgniter.php(354): CodeIgniter\CodeIgniter->handleRequest(NULL, Object(Config\Cache), false)
#11 C:\xampp\htdocs\proyecto_esquenon_gomez\system\Boot.php(334): CodeIgniter\CodeIgniter->run()
#12 C:\xampp\htdocs\proyecto_esquenon_gomez\system\Boot.php(67): CodeIgniter\Boot::runCodeIgniter(Object(CodeIgniter\CodeIgniter))
#13 C:\xampp\htdocs\proyecto_esquenon_gomez\index.php(57): CodeIgniter\Boot::bootWeb(Object(Config\Paths))
#14 {main}
CRITICAL - 2025-06-04 23:42:19 --> CodeIgniter\Database\Exceptions\DatabaseException: Table 'bd_esquenon_gomez.subcategorias' doesn't exist
[Method: GET, Route: listadoProductos]
in SYSTEMPATH\Database\BaseConnection.php on line 692.
 1 SYSTEMPATH\Database\BaseBuilder.php(1649): CodeIgniter\Database\BaseConnection->query('SELECT `productos`.*, `categorias`.`nombre` AS `nombre_categoria`, `subcategorias`.`nombre` AS `nombre_subcategoria`
FROM `productos`
JOIN `categorias` ON `categorias`.`id` = `productos`.`categoria_id`
JOIN `subcategorias` ON `subcategorias`.`id` = `productos`.`subcategoria_id`', [], false)
 2 SYSTEMPATH\Model.php(286): CodeIgniter\Database\BaseBuilder->get()
 3 SYSTEMPATH\BaseModel.php(675): CodeIgniter\Model->doFindAll(0, 0)
 4 APPPATH\Models\ProductoModel.php(69): CodeIgniter\BaseModel->findAll()
 5 APPPATH\Controllers\AdminController.php(46): App\Models\ProductoModel->categorias()
 6 SYSTEMPATH\CodeIgniter.php(933): App\Controllers\AdminController->listaCompleta()
 7 SYSTEMPATH\CodeIgniter.php(507): CodeIgniter\CodeIgniter->runController(Object(App\Controllers\AdminController))
 8 SYSTEMPATH\CodeIgniter.php(354): CodeIgniter\CodeIgniter->handleRequest(null, Object(Config\Cache), false)
 9 SYSTEMPATH\Boot.php(334): CodeIgniter\CodeIgniter->run()
10 SYSTEMPATH\Boot.php(67): CodeIgniter\Boot::runCodeIgniter(Object(CodeIgniter\CodeIgniter))
11 FCPATH\index.php(57): CodeIgniter\Boot::bootWeb(Object(Config\Paths))
CRITICAL - 2025-06-04 23:42:19 --> [Caused by] CodeIgniter\Database\Exceptions\DatabaseException: Table 'bd_esquenon_gomez.subcategorias' doesn't exist
in SYSTEMPATH\Database\MySQLi\Connection.php on line 332.
 1 SYSTEMPATH\Database\BaseConnection.php(738): CodeIgniter\Database\MySQLi\Connection->execute('SELECT `productos`.*, `categorias`.`nombre` AS `nombre_categoria`, `subcategorias`.`nombre` AS `nombre_subcategoria`
FROM `productos`
JOIN `categorias` ON `categorias`.`id` = `productos`.`categoria_id`
JOIN `subcategorias` ON `subcategorias`.`id` = `productos`.`subcategoria_id`')
 2 SYSTEMPATH\Database\BaseConnection.php(652): CodeIgniter\Database\BaseConnection->simpleQuery('SELECT `productos`.*, `categorias`.`nombre` AS `nombre_categoria`, `subcategorias`.`nombre` AS `nombre_subcategoria`
FROM `productos`
JOIN `categorias` ON `categorias`.`id` = `productos`.`categoria_id`
JOIN `subcategorias` ON `subcategorias`.`id` = `productos`.`subcategoria_id`')
 3 SYSTEMPATH\Database\BaseBuilder.php(1649): CodeIgniter\Database\BaseConnection->query('SELECT `productos`.*, `categorias`.`nombre` AS `nombre_categoria`, `subcategorias`.`nombre` AS `nombre_subcategoria`
FROM `productos`
JOIN `categorias` ON `categorias`.`id` = `productos`.`categoria_id`
JOIN `subcategorias` ON `subcategorias`.`id` = `productos`.`subcategoria_id`', [], false)
 4 SYSTEMPATH\Model.php(286): CodeIgniter\Database\BaseBuilder->get()
 5 SYSTEMPATH\BaseModel.php(675): CodeIgniter\Model->doFindAll(0, 0)
 6 APPPATH\Models\ProductoModel.php(69): CodeIgniter\BaseModel->findAll()
 7 APPPATH\Controllers\AdminController.php(46): App\Models\ProductoModel->categorias()
 8 SYSTEMPATH\CodeIgniter.php(933): App\Controllers\AdminController->listaCompleta()
 9 SYSTEMPATH\CodeIgniter.php(507): CodeIgniter\CodeIgniter->runController(Object(App\Controllers\AdminController))
10 SYSTEMPATH\CodeIgniter.php(354): CodeIgniter\CodeIgniter->handleRequest(null, Object(Config\Cache), false)
11 SYSTEMPATH\Boot.php(334): CodeIgniter\CodeIgniter->run()
12 SYSTEMPATH\Boot.php(67): CodeIgniter\Boot::runCodeIgniter(Object(CodeIgniter\CodeIgniter))
13 FCPATH\index.php(57): CodeIgniter\Boot::bootWeb(Object(Config\Paths))
CRITICAL - 2025-06-04 23:42:19 --> [Caused by] mysqli_sql_exception: Table 'bd_esquenon_gomez.subcategorias' doesn't exist
in SYSTEMPATH\Database\MySQLi\Connection.php on line 327.
 1 SYSTEMPATH\Database\MySQLi\Connection.php(327): mysqli->query('SELECT `productos`.*, `categorias`.`nombre` AS `nombre_categoria`, `subcategorias`.`nombre` AS `nombre_subcategoria`
FROM `productos`
JOIN `categorias` ON `categorias`.`id` = `productos`.`categoria_id`
JOIN `subcategorias` ON `subcategorias`.`id` = `productos`.`subcategoria_id`', 0)
 2 SYSTEMPATH\Database\BaseConnection.php(738): CodeIgniter\Database\MySQLi\Connection->execute('SELECT `productos`.*, `categorias`.`nombre` AS `nombre_categoria`, `subcategorias`.`nombre` AS `nombre_subcategoria`
FROM `productos`
JOIN `categorias` ON `categorias`.`id` = `productos`.`categoria_id`
JOIN `subcategorias` ON `subcategorias`.`id` = `productos`.`subcategoria_id`')
 3 SYSTEMPATH\Database\BaseConnection.php(652): CodeIgniter\Database\BaseConnection->simpleQuery('SELECT `productos`.*, `categorias`.`nombre` AS `nombre_categoria`, `subcategorias`.`nombre` AS `nombre_subcategoria`
FROM `productos`
JOIN `categorias` ON `categorias`.`id` = `productos`.`categoria_id`
JOIN `subcategorias` ON `subcategorias`.`id` = `productos`.`subcategoria_id`')
 4 SYSTEMPATH\Database\BaseBuilder.php(1649): CodeIgniter\Database\BaseConnection->query('SELECT `productos`.*, `categorias`.`nombre` AS `nombre_categoria`, `subcategorias`.`nombre` AS `nombre_subcategoria`
FROM `productos`
JOIN `categorias` ON `categorias`.`id` = `productos`.`categoria_id`
JOIN `subcategorias` ON `subcategorias`.`id` = `productos`.`subcategoria_id`', [], false)
 5 SYSTEMPATH\Model.php(286): CodeIgniter\Database\BaseBuilder->get()
 6 SYSTEMPATH\BaseModel.php(675): CodeIgniter\Model->doFindAll(0, 0)
 7 APPPATH\Models\ProductoModel.php(69): CodeIgniter\BaseModel->findAll()
 8 APPPATH\Controllers\AdminController.php(46): App\Models\ProductoModel->categorias()
 9 SYSTEMPATH\CodeIgniter.php(933): App\Controllers\AdminController->listaCompleta()
10 SYSTEMPATH\CodeIgniter.php(507): CodeIgniter\CodeIgniter->runController(Object(App\Controllers\AdminController))
11 SYSTEMPATH\CodeIgniter.php(354): CodeIgniter\CodeIgniter->handleRequest(null, Object(Config\Cache), false)
12 SYSTEMPATH\Boot.php(334): CodeIgniter\CodeIgniter->run()
13 SYSTEMPATH\Boot.php(67): CodeIgniter\Boot::runCodeIgniter(Object(CodeIgniter\CodeIgniter))
14 FCPATH\index.php(57): CodeIgniter\Boot::bootWeb(Object(Config\Paths))
ERROR - 2025-06-04 23:42:59 --> mysqli_sql_exception: Unknown column 'subcategorias.id' in 'on clause' in C:\xampp\htdocs\proyecto_esquenon_gomez\system\Database\MySQLi\Connection.php:327
Stack trace:
#0 C:\xampp\htdocs\proyecto_esquenon_gomez\system\Database\MySQLi\Connection.php(327): mysqli->query('SELECT `product...', 0)
#1 C:\xampp\htdocs\proyecto_esquenon_gomez\system\Database\BaseConnection.php(738): CodeIgniter\Database\MySQLi\Connection->execute('SELECT `product...')
#2 C:\xampp\htdocs\proyecto_esquenon_gomez\system\Database\BaseConnection.php(652): CodeIgniter\Database\BaseConnection->simpleQuery('SELECT `product...')
#3 C:\xampp\htdocs\proyecto_esquenon_gomez\system\Database\BaseBuilder.php(1649): CodeIgniter\Database\BaseConnection->query('SELECT `product...', Array, false)
#4 C:\xampp\htdocs\proyecto_esquenon_gomez\system\Model.php(286): CodeIgniter\Database\BaseBuilder->get()
#5 C:\xampp\htdocs\proyecto_esquenon_gomez\system\BaseModel.php(675): CodeIgniter\Model->doFindAll(0, 0)
#6 C:\xampp\htdocs\proyecto_esquenon_gomez\app\Models\ProductoModel.php(69): CodeIgniter\BaseModel->findAll()
#7 C:\xampp\htdocs\proyecto_esquenon_gomez\app\Controllers\AdminController.php(46): App\Models\ProductoModel->categorias()
#8 C:\xampp\htdocs\proyecto_esquenon_gomez\system\CodeIgniter.php(933): App\Controllers\AdminController->listaCompleta()
#9 C:\xampp\htdocs\proyecto_esquenon_gomez\system\CodeIgniter.php(507): CodeIgniter\CodeIgniter->runController(Object(App\Controllers\AdminController))
#10 C:\xampp\htdocs\proyecto_esquenon_gomez\system\CodeIgniter.php(354): CodeIgniter\CodeIgniter->handleRequest(NULL, Object(Config\Cache), false)
#11 C:\xampp\htdocs\proyecto_esquenon_gomez\system\Boot.php(334): CodeIgniter\CodeIgniter->run()
#12 C:\xampp\htdocs\proyecto_esquenon_gomez\system\Boot.php(67): CodeIgniter\Boot::runCodeIgniter(Object(CodeIgniter\CodeIgniter))
#13 C:\xampp\htdocs\proyecto_esquenon_gomez\index.php(57): CodeIgniter\Boot::bootWeb(Object(Config\Paths))
#14 {main}
CRITICAL - 2025-06-04 23:42:59 --> CodeIgniter\Database\Exceptions\DatabaseException: Unknown column 'subcategorias.id' in 'on clause'
[Method: GET, Route: listadoProductos]
in SYSTEMPATH\Database\BaseConnection.php on line 692.
 1 SYSTEMPATH\Database\BaseBuilder.php(1649): CodeIgniter\Database\BaseConnection->query('SELECT `productos`.*, `categorias`.`nombre` AS `nombre_categoria`, `sub_categorias`.`nombre` AS `nombre_subcategoria`
FROM `productos`
JOIN `categorias` ON `categorias`.`id` = `productos`.`categoria_id`
JOIN `sub_categorias` ON `subcategorias`.`id` = `productos`.`subcategoria_id`', [], false)
 2 SYSTEMPATH\Model.php(286): CodeIgniter\Database\BaseBuilder->get()
 3 SYSTEMPATH\BaseModel.php(675): CodeIgniter\Model->doFindAll(0, 0)
 4 APPPATH\Models\ProductoModel.php(69): CodeIgniter\BaseModel->findAll()
 5 APPPATH\Controllers\AdminController.php(46): App\Models\ProductoModel->categorias()
 6 SYSTEMPATH\CodeIgniter.php(933): App\Controllers\AdminController->listaCompleta()
 7 SYSTEMPATH\CodeIgniter.php(507): CodeIgniter\CodeIgniter->runController(Object(App\Controllers\AdminController))
 8 SYSTEMPATH\CodeIgniter.php(354): CodeIgniter\CodeIgniter->handleRequest(null, Object(Config\Cache), false)
 9 SYSTEMPATH\Boot.php(334): CodeIgniter\CodeIgniter->run()
10 SYSTEMPATH\Boot.php(67): CodeIgniter\Boot::runCodeIgniter(Object(CodeIgniter\CodeIgniter))
11 FCPATH\index.php(57): CodeIgniter\Boot::bootWeb(Object(Config\Paths))
CRITICAL - 2025-06-04 23:42:59 --> [Caused by] CodeIgniter\Database\Exceptions\DatabaseException: Unknown column 'subcategorias.id' in 'on clause'
in SYSTEMPATH\Database\MySQLi\Connection.php on line 332.
 1 SYSTEMPATH\Database\BaseConnection.php(738): CodeIgniter\Database\MySQLi\Connection->execute('SELECT `productos`.*, `categorias`.`nombre` AS `nombre_categoria`, `sub_categorias`.`nombre` AS `nombre_subcategoria`
FROM `productos`
JOIN `categorias` ON `categorias`.`id` = `productos`.`categoria_id`
JOIN `sub_categorias` ON `subcategorias`.`id` = `productos`.`subcategoria_id`')
 2 SYSTEMPATH\Database\BaseConnection.php(652): CodeIgniter\Database\BaseConnection->simpleQuery('SELECT `productos`.*, `categorias`.`nombre` AS `nombre_categoria`, `sub_categorias`.`nombre` AS `nombre_subcategoria`
FROM `productos`
JOIN `categorias` ON `categorias`.`id` = `productos`.`categoria_id`
JOIN `sub_categorias` ON `subcategorias`.`id` = `productos`.`subcategoria_id`')
 3 SYSTEMPATH\Database\BaseBuilder.php(1649): CodeIgniter\Database\BaseConnection->query('SELECT `productos`.*, `categorias`.`nombre` AS `nombre_categoria`, `sub_categorias`.`nombre` AS `nombre_subcategoria`
FROM `productos`
JOIN `categorias` ON `categorias`.`id` = `productos`.`categoria_id`
JOIN `sub_categorias` ON `subcategorias`.`id` = `productos`.`subcategoria_id`', [], false)
 4 SYSTEMPATH\Model.php(286): CodeIgniter\Database\BaseBuilder->get()
 5 SYSTEMPATH\BaseModel.php(675): CodeIgniter\Model->doFindAll(0, 0)
 6 APPPATH\Models\ProductoModel.php(69): CodeIgniter\BaseModel->findAll()
 7 APPPATH\Controllers\AdminController.php(46): App\Models\ProductoModel->categorias()
 8 SYSTEMPATH\CodeIgniter.php(933): App\Controllers\AdminController->listaCompleta()
 9 SYSTEMPATH\CodeIgniter.php(507): CodeIgniter\CodeIgniter->runController(Object(App\Controllers\AdminController))
10 SYSTEMPATH\CodeIgniter.php(354): CodeIgniter\CodeIgniter->handleRequest(null, Object(Config\Cache), false)
11 SYSTEMPATH\Boot.php(334): CodeIgniter\CodeIgniter->run()
12 SYSTEMPATH\Boot.php(67): CodeIgniter\Boot::runCodeIgniter(Object(CodeIgniter\CodeIgniter))
13 FCPATH\index.php(57): CodeIgniter\Boot::bootWeb(Object(Config\Paths))
CRITICAL - 2025-06-04 23:42:59 --> [Caused by] mysqli_sql_exception: Unknown column 'subcategorias.id' in 'on clause'
in SYSTEMPATH\Database\MySQLi\Connection.php on line 327.
 1 SYSTEMPATH\Database\MySQLi\Connection.php(327): mysqli->query('SELECT `productos`.*, `categorias`.`nombre` AS `nombre_categoria`, `sub_categorias`.`nombre` AS `nombre_subcategoria`
FROM `productos`
JOIN `categorias` ON `categorias`.`id` = `productos`.`categoria_id`
JOIN `sub_categorias` ON `subcategorias`.`id` = `productos`.`subcategoria_id`', 0)
 2 SYSTEMPATH\Database\BaseConnection.php(738): CodeIgniter\Database\MySQLi\Connection->execute('SELECT `productos`.*, `categorias`.`nombre` AS `nombre_categoria`, `sub_categorias`.`nombre` AS `nombre_subcategoria`
FROM `productos`
JOIN `categorias` ON `categorias`.`id` = `productos`.`categoria_id`
JOIN `sub_categorias` ON `subcategorias`.`id` = `productos`.`subcategoria_id`')
 3 SYSTEMPATH\Database\BaseConnection.php(652): CodeIgniter\Database\BaseConnection->simpleQuery('SELECT `productos`.*, `categorias`.`nombre` AS `nombre_categoria`, `sub_categorias`.`nombre` AS `nombre_subcategoria`
FROM `productos`
JOIN `categorias` ON `categorias`.`id` = `productos`.`categoria_id`
JOIN `sub_categorias` ON `subcategorias`.`id` = `productos`.`subcategoria_id`')
 4 SYSTEMPATH\Database\BaseBuilder.php(1649): CodeIgniter\Database\BaseConnection->query('SELECT `productos`.*, `categorias`.`nombre` AS `nombre_categoria`, `sub_categorias`.`nombre` AS `nombre_subcategoria`
FROM `productos`
JOIN `categorias` ON `categorias`.`id` = `productos`.`categoria_id`
JOIN `sub_categorias` ON `subcategorias`.`id` = `productos`.`subcategoria_id`', [], false)
 5 SYSTEMPATH\Model.php(286): CodeIgniter\Database\BaseBuilder->get()
 6 SYSTEMPATH\BaseModel.php(675): CodeIgniter\Model->doFindAll(0, 0)
 7 APPPATH\Models\ProductoModel.php(69): CodeIgniter\BaseModel->findAll()
 8 APPPATH\Controllers\AdminController.php(46): App\Models\ProductoModel->categorias()
 9 SYSTEMPATH\CodeIgniter.php(933): App\Controllers\AdminController->listaCompleta()
10 SYSTEMPATH\CodeIgniter.php(507): CodeIgniter\CodeIgniter->runController(Object(App\Controllers\AdminController))
11 SYSTEMPATH\CodeIgniter.php(354): CodeIgniter\CodeIgniter->handleRequest(null, Object(Config\Cache), false)
12 SYSTEMPATH\Boot.php(334): CodeIgniter\CodeIgniter->run()
13 SYSTEMPATH\Boot.php(67): CodeIgniter\Boot::runCodeIgniter(Object(CodeIgniter\CodeIgniter))
14 FCPATH\index.php(57): CodeIgniter\Boot::bootWeb(Object(Config\Paths))
