DEBUG - 2025-06-17 13:05:35 --> Session: Class initialized using 'CodeIgniter\Session\Handlers\FileHandler' driver.
DEBUG - 2025-06-17 13:05:51 --> Session: Class initialized using 'CodeIgniter\Session\Handlers\FileHandler' driver.
DEBUG - 2025-06-17 13:06:03 --> Session: Class initialized using 'CodeIgniter\Session\Handlers\FileHandler' driver.
DEBUG - 2025-06-17 13:06:04 --> Session: Class initialized using 'CodeIgniter\Session\Handlers\FileHandler' driver.
DEBUG - 2025-06-17 13:06:13 --> Session: Class initialized using 'CodeIgniter\Session\Handlers\FileHandler' driver.
DEBUG - 2025-06-17 13:06:13 --> Session: Class initialized using 'CodeIgniter\Session\Handlers\FileHandler' driver.
DEBUG - 2025-06-17 13:06:17 --> Session: Class initialized using 'CodeIgniter\Session\Handlers\FileHandler' driver.
INFO - 2025-06-17 13:06:17 --> Cart Class Initialized
DEBUG - 2025-06-17 13:06:21 --> Session: Class initialized using 'CodeIgniter\Session\Handlers\FileHandler' driver.
DEBUG - 2025-06-17 13:06:27 --> Session: Class initialized using 'CodeIgniter\Session\Handlers\FileHandler' driver.
INFO - 2025-06-17 13:06:27 --> Cart Class Initialized
DEBUG - 2025-06-17 13:06:27 --> Session: Class initialized using 'CodeIgniter\Session\Handlers\FileHandler' driver.
INFO - 2025-06-17 13:06:27 --> Cart Class Initialized
DEBUG - 2025-06-17 13:06:32 --> Session: Class initialized using 'CodeIgniter\Session\Handlers\FileHandler' driver.
DEBUG - 2025-06-17 13:06:37 --> Session: Class initialized using 'CodeIgniter\Session\Handlers\FileHandler' driver.
INFO - 2025-06-17 13:06:37 --> Cart Class Initialized
DEBUG - 2025-06-17 13:06:37 --> Session: Class initialized using 'CodeIgniter\Session\Handlers\FileHandler' driver.
INFO - 2025-06-17 13:06:37 --> Cart Class Initialized
DEBUG - 2025-06-17 13:06:46 --> Session: Class initialized using 'CodeIgniter\Session\Handlers\FileHandler' driver.
DEBUG - 2025-06-17 13:06:49 --> Session: Class initialized using 'CodeIgniter\Session\Handlers\FileHandler' driver.
INFO - 2025-06-17 13:06:49 --> Cart Class Initialized
DEBUG - 2025-06-17 13:06:49 --> Session: Class initialized using 'CodeIgniter\Session\Handlers\FileHandler' driver.
INFO - 2025-06-17 13:06:49 --> Cart Class Initialized
DEBUG - 2025-06-17 13:06:53 --> Session: Class initialized using 'CodeIgniter\Session\Handlers\FileHandler' driver.
DEBUG - 2025-06-17 13:06:57 --> Session: Class initialized using 'CodeIgniter\Session\Handlers\FileHandler' driver.
INFO - 2025-06-17 13:06:57 --> Cart Class Initialized
DEBUG - 2025-06-17 13:06:57 --> Session: Class initialized using 'CodeIgniter\Session\Handlers\FileHandler' driver.
INFO - 2025-06-17 13:06:57 --> Cart Class Initialized
DEBUG - 2025-06-17 13:07:32 --> Session: Class initialized using 'CodeIgniter\Session\Handlers\FileHandler' driver.
INFO - 2025-06-17 13:07:32 --> Cart Class Initialized
DEBUG - 2025-06-17 13:07:32 --> Session: Class initialized using 'CodeIgniter\Session\Handlers\FileHandler' driver.
INFO - 2025-06-17 13:07:32 --> Cart Class Initialized
DEBUG - 2025-06-17 13:07:36 --> Session: Class initialized using 'CodeIgniter\Session\Handlers\FileHandler' driver.
INFO - 2025-06-17 13:07:36 --> Cart Class Initialized
DEBUG - 2025-06-17 13:07:36 --> Session: Class initialized using 'CodeIgniter\Session\Handlers\FileHandler' driver.
INFO - 2025-06-17 13:07:36 --> Cart Class Initialized
DEBUG - 2025-06-17 13:07:39 --> Session: Class initialized using 'CodeIgniter\Session\Handlers\FileHandler' driver.
DEBUG - 2025-06-17 13:07:41 --> Session: Class initialized using 'CodeIgniter\Session\Handlers\FileHandler' driver.
INFO - 2025-06-17 13:07:41 --> Cart Class Initialized
DEBUG - 2025-06-17 13:07:41 --> Session: Class initialized using 'CodeIgniter\Session\Handlers\FileHandler' driver.
INFO - 2025-06-17 13:07:41 --> Cart Class Initialized
DEBUG - 2025-06-17 13:07:43 --> Session: Class initialized using 'CodeIgniter\Session\Handlers\FileHandler' driver.
INFO - 2025-06-17 13:07:43 --> Cart Class Initialized
DEBUG - 2025-06-17 13:07:44 --> Session: Class initialized using 'CodeIgniter\Session\Handlers\FileHandler' driver.
DEBUG - 2025-06-17 13:08:57 --> Session: Class initialized using 'CodeIgniter\Session\Handlers\FileHandler' driver.
INFO - 2025-06-17 13:08:57 --> Cart Class Initialized
DEBUG - 2025-06-17 13:08:57 --> Session: Class initialized using 'CodeIgniter\Session\Handlers\FileHandler' driver.
INFO - 2025-06-17 13:08:57 --> Cart Class Initialized
DEBUG - 2025-06-17 13:11:24 --> Session: Class initialized using 'CodeIgniter\Session\Handlers\FileHandler' driver.
DEBUG - 2025-06-17 14:05:07 --> Session: Class initialized using 'CodeIgniter\Session\Handlers\FileHandler' driver.
DEBUG - 2025-06-17 14:05:11 --> Session: Class initialized using 'CodeIgniter\Session\Handlers\FileHandler' driver.
INFO - 2025-06-17 14:05:11 --> Cart Class Initialized
DEBUG - 2025-06-17 14:05:42 --> Session: Class initialized using 'CodeIgniter\Session\Handlers\FileHandler' driver.
INFO - 2025-06-17 14:05:42 --> Cart Class Initialized
DEBUG - 2025-06-17 14:08:41 --> Session: Class initialized using 'CodeIgniter\Session\Handlers\FileHandler' driver.
INFO - 2025-06-17 14:08:41 --> Cart Class Initialized
DEBUG - 2025-06-17 14:08:43 --> Session: Class initialized using 'CodeIgniter\Session\Handlers\FileHandler' driver.
DEBUG - 2025-06-17 14:09:14 --> Session: Class initialized using 'CodeIgniter\Session\Handlers\FileHandler' driver.
INFO - 2025-06-17 14:09:14 --> Cart Class Initialized
DEBUG - 2025-06-17 14:09:15 --> Session: Class initialized using 'CodeIgniter\Session\Handlers\FileHandler' driver.
DEBUG - 2025-06-17 14:09:16 --> Session: Class initialized using 'CodeIgniter\Session\Handlers\FileHandler' driver.
DEBUG - 2025-06-17 14:09:24 --> Session: Class initialized using 'CodeIgniter\Session\Handlers\FileHandler' driver.
INFO - 2025-06-17 14:09:24 --> Cart Class Initialized
DEBUG - 2025-06-17 14:09:34 --> Session: Class initialized using 'CodeIgniter\Session\Handlers\FileHandler' driver.
INFO - 2025-06-17 14:09:34 --> Cart Class Initialized
DEBUG - 2025-06-17 14:09:38 --> Session: Class initialized using 'CodeIgniter\Session\Handlers\FileHandler' driver.
DEBUG - 2025-06-17 14:09:39 --> Session: Class initialized using 'CodeIgniter\Session\Handlers\FileHandler' driver.
DEBUG - 2025-06-17 14:10:00 --> Session: Class initialized using 'CodeIgniter\Session\Handlers\FileHandler' driver.
INFO - 2025-06-17 14:10:00 --> Cart Class Initialized
DEBUG - 2025-06-17 14:10:03 --> Session: Class initialized using 'CodeIgniter\Session\Handlers\FileHandler' driver.
DEBUG - 2025-06-17 14:10:06 --> Session: Class initialized using 'CodeIgniter\Session\Handlers\FileHandler' driver.
INFO - 2025-06-17 14:10:06 --> Cart Class Initialized
DEBUG - 2025-06-17 14:10:06 --> Session: Class initialized using 'CodeIgniter\Session\Handlers\FileHandler' driver.
INFO - 2025-06-17 14:10:06 --> Cart Class Initialized
DEBUG - 2025-06-17 14:10:08 --> Session: Class initialized using 'CodeIgniter\Session\Handlers\FileHandler' driver.
DEBUG - 2025-06-17 14:16:29 --> Session: Class initialized using 'CodeIgniter\Session\Handlers\FileHandler' driver.
DEBUG - 2025-06-17 14:17:14 --> Session: Class initialized using 'CodeIgniter\Session\Handlers\FileHandler' driver.
DEBUG - 2025-06-17 14:17:16 --> Session: Class initialized using 'CodeIgniter\Session\Handlers\FileHandler' driver.
INFO - 2025-06-17 14:17:16 --> Cart Class Initialized
DEBUG - 2025-06-17 14:17:16 --> Session: Class initialized using 'CodeIgniter\Session\Handlers\FileHandler' driver.
INFO - 2025-06-17 14:17:16 --> Cart Class Initialized
DEBUG - 2025-06-17 14:17:20 --> Session: Class initialized using 'CodeIgniter\Session\Handlers\FileHandler' driver.
INFO - 2025-06-17 14:17:20 --> Cart Class Initialized
DEBUG - 2025-06-17 14:19:48 --> Session: Class initialized using 'CodeIgniter\Session\Handlers\FileHandler' driver.
INFO - 2025-06-17 14:19:48 --> Cart Class Initialized
DEBUG - 2025-06-17 14:19:50 --> Session: Class initialized using 'CodeIgniter\Session\Handlers\FileHandler' driver.
DEBUG - 2025-06-17 14:19:53 --> Session: Class initialized using 'CodeIgniter\Session\Handlers\FileHandler' driver.
INFO - 2025-06-17 14:19:53 --> Cart Class Initialized
DEBUG - 2025-06-17 14:19:53 --> Session: Class initialized using 'CodeIgniter\Session\Handlers\FileHandler' driver.
INFO - 2025-06-17 14:19:53 --> Cart Class Initialized
DEBUG - 2025-06-17 14:19:55 --> Session: Class initialized using 'CodeIgniter\Session\Handlers\FileHandler' driver.
DEBUG - 2025-06-17 14:21:32 --> Session: Class initialized using 'CodeIgniter\Session\Handlers\FileHandler' driver.
DEBUG - 2025-06-17 14:21:35 --> Session: Class initialized using 'CodeIgniter\Session\Handlers\FileHandler' driver.
INFO - 2025-06-17 14:21:35 --> Cart Class Initialized
DEBUG - 2025-06-17 14:21:38 --> Session: Class initialized using 'CodeIgniter\Session\Handlers\FileHandler' driver.
INFO - 2025-06-17 14:21:38 --> Cart Class Initialized
DEBUG - 2025-06-17 14:23:22 --> Session: Class initialized using 'CodeIgniter\Session\Handlers\FileHandler' driver.
INFO - 2025-06-17 14:23:22 --> Cart Class Initialized
DEBUG - 2025-06-17 14:23:26 --> Session: Class initialized using 'CodeIgniter\Session\Handlers\FileHandler' driver.
INFO - 2025-06-17 14:23:26 --> Cart Class Initialized
DEBUG - 2025-06-17 14:23:28 --> Session: Class initialized using 'CodeIgniter\Session\Handlers\FileHandler' driver.
INFO - 2025-06-17 14:23:28 --> Cart Class Initialized
DEBUG - 2025-06-17 14:24:07 --> Session: Class initialized using 'CodeIgniter\Session\Handlers\FileHandler' driver.
INFO - 2025-06-17 14:24:07 --> Cart Class Initialized
DEBUG - 2025-06-17 14:24:09 --> Session: Class initialized using 'CodeIgniter\Session\Handlers\FileHandler' driver.
INFO - 2025-06-17 14:24:09 --> Cart Class Initialized
DEBUG - 2025-06-17 14:24:09 --> Session: Class initialized using 'CodeIgniter\Session\Handlers\FileHandler' driver.
DEBUG - 2025-06-17 14:26:58 --> Session: Class initialized using 'CodeIgniter\Session\Handlers\FileHandler' driver.
DEBUG - 2025-06-17 14:27:59 --> Session: Class initialized using 'CodeIgniter\Session\Handlers\FileHandler' driver.
ERROR - 2025-06-17 14:27:59 --> mysqli_sql_exception: Unknown column 'id_venta' in 'where clause' in C:\xampp\htdocs\proyecto_esquenon_gomez\system\Database\MySQLi\Connection.php:327
Stack trace:
#0 C:\xampp\htdocs\proyecto_esquenon_gomez\system\Database\MySQLi\Connection.php(327): mysqli->query('SELECT *\nFROM `...', 0)
#1 C:\xampp\htdocs\proyecto_esquenon_gomez\system\Database\BaseConnection.php(738): CodeIgniter\Database\MySQLi\Connection->execute('SELECT *\nFROM `...')
#2 C:\xampp\htdocs\proyecto_esquenon_gomez\system\Database\BaseConnection.php(652): CodeIgniter\Database\BaseConnection->simpleQuery('SELECT *\nFROM `...')
#3 C:\xampp\htdocs\proyecto_esquenon_gomez\system\Database\BaseBuilder.php(1649): CodeIgniter\Database\BaseConnection->query('SELECT *\nFROM `...', Array, false)
#4 C:\xampp\htdocs\proyecto_esquenon_gomez\system\Model.php(286): CodeIgniter\Database\BaseBuilder->get()
#5 C:\xampp\htdocs\proyecto_esquenon_gomez\system\BaseModel.php(675): CodeIgniter\Model->doFindAll(0, 0)
#6 C:\xampp\htdocs\proyecto_esquenon_gomez\app\Controllers\VentasController.php(83): CodeIgniter\BaseModel->findAll()
#7 C:\xampp\htdocs\proyecto_esquenon_gomez\system\CodeIgniter.php(933): App\Controllers\VentasController->ver_compra('11')
#8 C:\xampp\htdocs\proyecto_esquenon_gomez\system\CodeIgniter.php(507): CodeIgniter\CodeIgniter->runController(Object(App\Controllers\VentasController))
#9 C:\xampp\htdocs\proyecto_esquenon_gomez\system\CodeIgniter.php(354): CodeIgniter\CodeIgniter->handleRequest(NULL, Object(Config\Cache), false)
#10 C:\xampp\htdocs\proyecto_esquenon_gomez\system\Boot.php(334): CodeIgniter\CodeIgniter->run()
#11 C:\xampp\htdocs\proyecto_esquenon_gomez\system\Boot.php(67): CodeIgniter\Boot::runCodeIgniter(Object(CodeIgniter\CodeIgniter))
#12 C:\xampp\htdocs\proyecto_esquenon_gomez\index.php(57): CodeIgniter\Boot::bootWeb(Object(Config\Paths))
#13 {main}
CRITICAL - 2025-06-17 14:27:59 --> CodeIgniter\Database\Exceptions\DatabaseException: Unknown column 'id_venta' in 'where clause'
[Method: GET, Route: ver_compra/11]
in SYSTEMPATH\Database\BaseConnection.php on line 692.
 1 SYSTEMPATH\Database\BaseBuilder.php(1649): CodeIgniter\Database\BaseConnection->query('SELECT *
FROM `detalle_venta`
WHERE `id_venta` = :id_venta:', [...], false)
 2 SYSTEMPATH\Model.php(286): CodeIgniter\Database\BaseBuilder->get()
 3 SYSTEMPATH\BaseModel.php(675): CodeIgniter\Model->doFindAll(0, 0)
 4 APPPATH\Controllers\VentasController.php(83): CodeIgniter\BaseModel->findAll()
 5 SYSTEMPATH\CodeIgniter.php(933): App\Controllers\VentasController->ver_compra('11')
 6 SYSTEMPATH\CodeIgniter.php(507): CodeIgniter\CodeIgniter->runController(Object(App\Controllers\VentasController))
 7 SYSTEMPATH\CodeIgniter.php(354): CodeIgniter\CodeIgniter->handleRequest(null, Object(Config\Cache), false)
 8 SYSTEMPATH\Boot.php(334): CodeIgniter\CodeIgniter->run()
 9 SYSTEMPATH\Boot.php(67): CodeIgniter\Boot::runCodeIgniter(Object(CodeIgniter\CodeIgniter))
10 FCPATH\index.php(57): CodeIgniter\Boot::bootWeb(Object(Config\Paths))
CRITICAL - 2025-06-17 14:27:59 --> [Caused by] CodeIgniter\Database\Exceptions\DatabaseException: Unknown column 'id_venta' in 'where clause'
in SYSTEMPATH\Database\MySQLi\Connection.php on line 332.
 1 SYSTEMPATH\Database\BaseConnection.php(738): CodeIgniter\Database\MySQLi\Connection->execute('SELECT *
FROM `detalle_venta`
WHERE `id_venta` = \'11\'')
 2 SYSTEMPATH\Database\BaseConnection.php(652): CodeIgniter\Database\BaseConnection->simpleQuery('SELECT *
FROM `detalle_venta`
WHERE `id_venta` = \'11\'')
 3 SYSTEMPATH\Database\BaseBuilder.php(1649): CodeIgniter\Database\BaseConnection->query('SELECT *
FROM `detalle_venta`
WHERE `id_venta` = :id_venta:', [...], false)
 4 SYSTEMPATH\Model.php(286): CodeIgniter\Database\BaseBuilder->get()
 5 SYSTEMPATH\BaseModel.php(675): CodeIgniter\Model->doFindAll(0, 0)
 6 APPPATH\Controllers\VentasController.php(83): CodeIgniter\BaseModel->findAll()
 7 SYSTEMPATH\CodeIgniter.php(933): App\Controllers\VentasController->ver_compra('11')
 8 SYSTEMPATH\CodeIgniter.php(507): CodeIgniter\CodeIgniter->runController(Object(App\Controllers\VentasController))
 9 SYSTEMPATH\CodeIgniter.php(354): CodeIgniter\CodeIgniter->handleRequest(null, Object(Config\Cache), false)
10 SYSTEMPATH\Boot.php(334): CodeIgniter\CodeIgniter->run()
11 SYSTEMPATH\Boot.php(67): CodeIgniter\Boot::runCodeIgniter(Object(CodeIgniter\CodeIgniter))
12 FCPATH\index.php(57): CodeIgniter\Boot::bootWeb(Object(Config\Paths))
CRITICAL - 2025-06-17 14:27:59 --> [Caused by] mysqli_sql_exception: Unknown column 'id_venta' in 'where clause'
in SYSTEMPATH\Database\MySQLi\Connection.php on line 327.
 1 SYSTEMPATH\Database\MySQLi\Connection.php(327): mysqli->query('SELECT *
FROM `detalle_venta`
WHERE `id_venta` = \'11\'', 0)
 2 SYSTEMPATH\Database\BaseConnection.php(738): CodeIgniter\Database\MySQLi\Connection->execute('SELECT *
FROM `detalle_venta`
WHERE `id_venta` = \'11\'')
 3 SYSTEMPATH\Database\BaseConnection.php(652): CodeIgniter\Database\BaseConnection->simpleQuery('SELECT *
FROM `detalle_venta`
WHERE `id_venta` = \'11\'')
 4 SYSTEMPATH\Database\BaseBuilder.php(1649): CodeIgniter\Database\BaseConnection->query('SELECT *
FROM `detalle_venta`
WHERE `id_venta` = :id_venta:', [...], false)
 5 SYSTEMPATH\Model.php(286): CodeIgniter\Database\BaseBuilder->get()
 6 SYSTEMPATH\BaseModel.php(675): CodeIgniter\Model->doFindAll(0, 0)
 7 APPPATH\Controllers\VentasController.php(83): CodeIgniter\BaseModel->findAll()
 8 SYSTEMPATH\CodeIgniter.php(933): App\Controllers\VentasController->ver_compra('11')
 9 SYSTEMPATH\CodeIgniter.php(507): CodeIgniter\CodeIgniter->runController(Object(App\Controllers\VentasController))
10 SYSTEMPATH\CodeIgniter.php(354): CodeIgniter\CodeIgniter->handleRequest(null, Object(Config\Cache), false)
11 SYSTEMPATH\Boot.php(334): CodeIgniter\CodeIgniter->run()
12 SYSTEMPATH\Boot.php(67): CodeIgniter\Boot::runCodeIgniter(Object(CodeIgniter\CodeIgniter))
13 FCPATH\index.php(57): CodeIgniter\Boot::bootWeb(Object(Config\Paths))
DEBUG - 2025-06-17 14:28:51 --> Session: Class initialized using 'CodeIgniter\Session\Handlers\FileHandler' driver.
CRITICAL - 2025-06-17 14:28:51 --> ErrorException: foreach() argument must be of type array|object, string given
[Method: GET, Route: ver_compra/11]
in APPPATH\Views\Contenido\registroVentas_view.php on line 31.
 1 APPPATH\Views\Contenido\registroVentas_view.php(31): CodeIgniter\Debug\Exceptions->errorHandler(2, 'foreach() argument must be of type array|object, string given', 'C:\\xampp\\htdocs\\proyecto_esquenon_gomez\\app\\Views\\Contenido\\registroVentas_view.php', 31)
 2 SYSTEMPATH\View\View.php(224): include('C:\\xampp\\htdocs\\proyecto_esquenon_gomez\\app\\Views\\Contenido\\registroVentas_view.php')
 3 SYSTEMPATH\View\View.php(227): CodeIgniter\View\View->CodeIgniter\View\{closure}()
 4 SYSTEMPATH\Common.php(1173): CodeIgniter\View\View->render('contenido/registroVentas_view', [], true)
 5 APPPATH\Controllers\VentasController.php(89): view('contenido/registroVentas_view', [...])
 6 SYSTEMPATH\CodeIgniter.php(933): App\Controllers\VentasController->ver_compra('11')
 7 SYSTEMPATH\CodeIgniter.php(507): CodeIgniter\CodeIgniter->runController(Object(App\Controllers\VentasController))
 8 SYSTEMPATH\CodeIgniter.php(354): CodeIgniter\CodeIgniter->handleRequest(null, Object(Config\Cache), false)
 9 SYSTEMPATH\Boot.php(334): CodeIgniter\CodeIgniter->run()
10 SYSTEMPATH\Boot.php(67): CodeIgniter\Boot::runCodeIgniter(Object(CodeIgniter\CodeIgniter))
11 FCPATH\index.php(57): CodeIgniter\Boot::bootWeb(Object(Config\Paths))
DEBUG - 2025-06-17 14:31:53 --> Session: Class initialized using 'CodeIgniter\Session\Handlers\FileHandler' driver.
DEBUG - 2025-06-17 14:33:01 --> Session: Class initialized using 'CodeIgniter\Session\Handlers\FileHandler' driver.
DEBUG - 2025-06-17 14:33:42 --> Session: Class initialized using 'CodeIgniter\Session\Handlers\FileHandler' driver.
CRITICAL - 2025-06-17 14:33:42 --> ErrorException: Undefined variable $id_ventas
[Method: GET, Route: ver_compra/11]
in APPPATH\Views\Contenido\registroVentas_view.php on line 31.
 1 APPPATH\Views\Contenido\registroVentas_view.php(31): CodeIgniter\Debug\Exceptions->errorHandler(2, 'Undefined variable $id_ventas', 'C:\\xampp\\htdocs\\proyecto_esquenon_gomez\\app\\Views\\Contenido\\registroVentas_view.php', 31)
 2 SYSTEMPATH\View\View.php(224): include('C:\\xampp\\htdocs\\proyecto_esquenon_gomez\\app\\Views\\Contenido\\registroVentas_view.php')
 3 SYSTEMPATH\View\View.php(227): CodeIgniter\View\View->CodeIgniter\View\{closure}()
 4 SYSTEMPATH\Common.php(1173): CodeIgniter\View\View->render('contenido/registroVentas_view', [], true)
 5 APPPATH\Controllers\VentasController.php(89): view('contenido/registroVentas_view', [...])
 6 SYSTEMPATH\CodeIgniter.php(933): App\Controllers\VentasController->ver_compra('11')
 7 SYSTEMPATH\CodeIgniter.php(507): CodeIgniter\CodeIgniter->runController(Object(App\Controllers\VentasController))
 8 SYSTEMPATH\CodeIgniter.php(354): CodeIgniter\CodeIgniter->handleRequest(null, Object(Config\Cache), false)
 9 SYSTEMPATH\Boot.php(334): CodeIgniter\CodeIgniter->run()
10 SYSTEMPATH\Boot.php(67): CodeIgniter\Boot::runCodeIgniter(Object(CodeIgniter\CodeIgniter))
11 FCPATH\index.php(57): CodeIgniter\Boot::bootWeb(Object(Config\Paths))
DEBUG - 2025-06-17 14:34:24 --> Session: Class initialized using 'CodeIgniter\Session\Handlers\FileHandler' driver.
CRITICAL - 2025-06-17 14:34:24 --> ErrorException: Undefined variable $id_venta
[Method: GET, Route: ver_compra/11]
in APPPATH\Views\Contenido\registroVentas_view.php on line 31.
 1 APPPATH\Views\Contenido\registroVentas_view.php(31): CodeIgniter\Debug\Exceptions->errorHandler(2, 'Undefined variable $id_venta', 'C:\\xampp\\htdocs\\proyecto_esquenon_gomez\\app\\Views\\Contenido\\registroVentas_view.php', 31)
 2 SYSTEMPATH\View\View.php(224): include('C:\\xampp\\htdocs\\proyecto_esquenon_gomez\\app\\Views\\Contenido\\registroVentas_view.php')
 3 SYSTEMPATH\View\View.php(227): CodeIgniter\View\View->CodeIgniter\View\{closure}()
 4 SYSTEMPATH\Common.php(1173): CodeIgniter\View\View->render('contenido/registroVentas_view', [], true)
 5 APPPATH\Controllers\VentasController.php(89): view('contenido/registroVentas_view', [...])
 6 SYSTEMPATH\CodeIgniter.php(933): App\Controllers\VentasController->ver_compra('11')
 7 SYSTEMPATH\CodeIgniter.php(507): CodeIgniter\CodeIgniter->runController(Object(App\Controllers\VentasController))
 8 SYSTEMPATH\CodeIgniter.php(354): CodeIgniter\CodeIgniter->handleRequest(null, Object(Config\Cache), false)
 9 SYSTEMPATH\Boot.php(334): CodeIgniter\CodeIgniter->run()
10 SYSTEMPATH\Boot.php(67): CodeIgniter\Boot::runCodeIgniter(Object(CodeIgniter\CodeIgniter))
11 FCPATH\index.php(57): CodeIgniter\Boot::bootWeb(Object(Config\Paths))
DEBUG - 2025-06-17 14:35:15 --> Session: Class initialized using 'CodeIgniter\Session\Handlers\FileHandler' driver.
CRITICAL - 2025-06-17 14:35:15 --> ErrorException: Undefined array key "id_ventas"
[Method: GET, Route: ver_compra/11]
in APPPATH\Views\Contenido\registroVentas_view.php on line 33.
 1 APPPATH\Views\Contenido\registroVentas_view.php(33): CodeIgniter\Debug\Exceptions->errorHandler(2, 'Undefined array key "id_ventas"', 'C:\\xampp\\htdocs\\proyecto_esquenon_gomez\\app\\Views\\Contenido\\registroVentas_view.php', 33)
 2 SYSTEMPATH\View\View.php(224): include('C:\\xampp\\htdocs\\proyecto_esquenon_gomez\\app\\Views\\Contenido\\registroVentas_view.php')
 3 SYSTEMPATH\View\View.php(227): CodeIgniter\View\View->CodeIgniter\View\{closure}()
 4 SYSTEMPATH\Common.php(1173): CodeIgniter\View\View->render('contenido/registroVentas_view', [], true)
 5 APPPATH\Controllers\VentasController.php(89): view('contenido/registroVentas_view', [...])
 6 SYSTEMPATH\CodeIgniter.php(933): App\Controllers\VentasController->ver_compra('11')
 7 SYSTEMPATH\CodeIgniter.php(507): CodeIgniter\CodeIgniter->runController(Object(App\Controllers\VentasController))
 8 SYSTEMPATH\CodeIgniter.php(354): CodeIgniter\CodeIgniter->handleRequest(null, Object(Config\Cache), false)
 9 SYSTEMPATH\Boot.php(334): CodeIgniter\CodeIgniter->run()
10 SYSTEMPATH\Boot.php(67): CodeIgniter\Boot::runCodeIgniter(Object(CodeIgniter\CodeIgniter))
11 FCPATH\index.php(57): CodeIgniter\Boot::bootWeb(Object(Config\Paths))
DEBUG - 2025-06-17 14:35:41 --> Session: Class initialized using 'CodeIgniter\Session\Handlers\FileHandler' driver.
CRITICAL - 2025-06-17 14:35:41 --> ErrorException: Undefined array key "id_venta"
[Method: GET, Route: ver_compra/11]
in APPPATH\Views\Contenido\registroVentas_view.php on line 33.
 1 APPPATH\Views\Contenido\registroVentas_view.php(33): CodeIgniter\Debug\Exceptions->errorHandler(2, 'Undefined array key "id_venta"', 'C:\\xampp\\htdocs\\proyecto_esquenon_gomez\\app\\Views\\Contenido\\registroVentas_view.php', 33)
 2 SYSTEMPATH\View\View.php(224): include('C:\\xampp\\htdocs\\proyecto_esquenon_gomez\\app\\Views\\Contenido\\registroVentas_view.php')
 3 SYSTEMPATH\View\View.php(227): CodeIgniter\View\View->CodeIgniter\View\{closure}()
 4 SYSTEMPATH\Common.php(1173): CodeIgniter\View\View->render('contenido/registroVentas_view', [], true)
 5 APPPATH\Controllers\VentasController.php(89): view('contenido/registroVentas_view', [...])
 6 SYSTEMPATH\CodeIgniter.php(933): App\Controllers\VentasController->ver_compra('11')
 7 SYSTEMPATH\CodeIgniter.php(507): CodeIgniter\CodeIgniter->runController(Object(App\Controllers\VentasController))
 8 SYSTEMPATH\CodeIgniter.php(354): CodeIgniter\CodeIgniter->handleRequest(null, Object(Config\Cache), false)
 9 SYSTEMPATH\Boot.php(334): CodeIgniter\CodeIgniter->run()
10 SYSTEMPATH\Boot.php(67): CodeIgniter\Boot::runCodeIgniter(Object(CodeIgniter\CodeIgniter))
11 FCPATH\index.php(57): CodeIgniter\Boot::bootWeb(Object(Config\Paths))
DEBUG - 2025-06-17 14:36:00 --> Session: Class initialized using 'CodeIgniter\Session\Handlers\FileHandler' driver.
CRITICAL - 2025-06-17 14:36:00 --> ErrorException: Undefined array key "nombre"
[Method: GET, Route: ver_compra/11]
in APPPATH\Views\Contenido\registroVentas_view.php on line 34.
 1 APPPATH\Views\Contenido\registroVentas_view.php(34): CodeIgniter\Debug\Exceptions->errorHandler(2, 'Undefined array key "nombre"', 'C:\\xampp\\htdocs\\proyecto_esquenon_gomez\\app\\Views\\Contenido\\registroVentas_view.php', 34)
 2 SYSTEMPATH\View\View.php(224): include('C:\\xampp\\htdocs\\proyecto_esquenon_gomez\\app\\Views\\Contenido\\registroVentas_view.php')
 3 SYSTEMPATH\View\View.php(227): CodeIgniter\View\View->CodeIgniter\View\{closure}()
 4 SYSTEMPATH\Common.php(1173): CodeIgniter\View\View->render('contenido/registroVentas_view', [], true)
 5 APPPATH\Controllers\VentasController.php(89): view('contenido/registroVentas_view', [...])
 6 SYSTEMPATH\CodeIgniter.php(933): App\Controllers\VentasController->ver_compra('11')
 7 SYSTEMPATH\CodeIgniter.php(507): CodeIgniter\CodeIgniter->runController(Object(App\Controllers\VentasController))
 8 SYSTEMPATH\CodeIgniter.php(354): CodeIgniter\CodeIgniter->handleRequest(null, Object(Config\Cache), false)
 9 SYSTEMPATH\Boot.php(334): CodeIgniter\CodeIgniter->run()
10 SYSTEMPATH\Boot.php(67): CodeIgniter\Boot::runCodeIgniter(Object(CodeIgniter\CodeIgniter))
11 FCPATH\index.php(57): CodeIgniter\Boot::bootWeb(Object(Config\Paths))
DEBUG - 2025-06-17 14:36:41 --> Session: Class initialized using 'CodeIgniter\Session\Handlers\FileHandler' driver.
CRITICAL - 2025-06-17 14:36:41 --> ErrorException: Undefined array key "fecha_venta"
[Method: GET, Route: ver_compra/11]
in APPPATH\Views\Contenido\registroVentas_view.php on line 37.
 1 APPPATH\Views\Contenido\registroVentas_view.php(37): CodeIgniter\Debug\Exceptions->errorHandler(2, 'Undefined array key "fecha_venta"', 'C:\\xampp\\htdocs\\proyecto_esquenon_gomez\\app\\Views\\Contenido\\registroVentas_view.php', 37)
 2 SYSTEMPATH\View\View.php(224): include('C:\\xampp\\htdocs\\proyecto_esquenon_gomez\\app\\Views\\Contenido\\registroVentas_view.php')
 3 SYSTEMPATH\View\View.php(227): CodeIgniter\View\View->CodeIgniter\View\{closure}()
 4 SYSTEMPATH\Common.php(1173): CodeIgniter\View\View->render('contenido/registroVentas_view', [], true)
 5 APPPATH\Controllers\VentasController.php(89): view('contenido/registroVentas_view', [...])
 6 SYSTEMPATH\CodeIgniter.php(933): App\Controllers\VentasController->ver_compra('11')
 7 SYSTEMPATH\CodeIgniter.php(507): CodeIgniter\CodeIgniter->runController(Object(App\Controllers\VentasController))
 8 SYSTEMPATH\CodeIgniter.php(354): CodeIgniter\CodeIgniter->handleRequest(null, Object(Config\Cache), false)
 9 SYSTEMPATH\Boot.php(334): CodeIgniter\CodeIgniter->run()
10 SYSTEMPATH\Boot.php(67): CodeIgniter\Boot::runCodeIgniter(Object(CodeIgniter\CodeIgniter))
11 FCPATH\index.php(57): CodeIgniter\Boot::bootWeb(Object(Config\Paths))
DEBUG - 2025-06-17 14:37:04 --> Session: Class initialized using 'CodeIgniter\Session\Handlers\FileHandler' driver.
DEBUG - 2025-06-17 23:14:30 --> Session: Class initialized using 'CodeIgniter\Session\Handlers\FileHandler' driver.
DEBUG - 2025-06-17 23:14:42 --> Session: Class initialized using 'CodeIgniter\Session\Handlers\FileHandler' driver.
DEBUG - 2025-06-17 23:14:50 --> Session: Class initialized using 'CodeIgniter\Session\Handlers\FileHandler' driver.
DEBUG - 2025-06-17 23:14:50 --> Session: Class initialized using 'CodeIgniter\Session\Handlers\FileHandler' driver.
DEBUG - 2025-06-17 23:14:59 --> Session: Class initialized using 'CodeIgniter\Session\Handlers\FileHandler' driver.
DEBUG - 2025-06-17 23:15:24 --> Session: Class initialized using 'CodeIgniter\Session\Handlers\FileHandler' driver.
INFO - 2025-06-17 23:15:24 --> Cart Class Initialized
DEBUG - 2025-06-17 23:15:24 --> Session: Class initialized using 'CodeIgniter\Session\Handlers\FileHandler' driver.
INFO - 2025-06-17 23:15:24 --> Cart Class Initialized
DEBUG - 2025-06-17 23:16:49 --> Session: Class initialized using 'CodeIgniter\Session\Handlers\FileHandler' driver.
DEBUG - 2025-06-17 23:16:50 --> Session: Class initialized using 'CodeIgniter\Session\Handlers\FileHandler' driver.
DEBUG - 2025-06-17 23:17:18 --> Session: Class initialized using 'CodeIgniter\Session\Handlers\FileHandler' driver.
DEBUG - 2025-06-17 23:17:19 --> Session: Class initialized using 'CodeIgniter\Session\Handlers\FileHandler' driver.
DEBUG - 2025-06-17 23:17:20 --> Session: Class initialized using 'CodeIgniter\Session\Handlers\FileHandler' driver.
DEBUG - 2025-06-17 23:17:22 --> Session: Class initialized using 'CodeIgniter\Session\Handlers\FileHandler' driver.
DEBUG - 2025-06-17 23:17:22 --> Session: Class initialized using 'CodeIgniter\Session\Handlers\FileHandler' driver.
DEBUG - 2025-06-17 23:17:31 --> Session: Class initialized using 'CodeIgniter\Session\Handlers\FileHandler' driver.
DEBUG - 2025-06-17 23:17:31 --> Session: Class initialized using 'CodeIgniter\Session\Handlers\FileHandler' driver.
DEBUG - 2025-06-17 23:17:39 --> Session: Class initialized using 'CodeIgniter\Session\Handlers\FileHandler' driver.
DEBUG - 2025-06-17 23:20:36 --> Session: Class initialized using 'CodeIgniter\Session\Handlers\FileHandler' driver.
DEBUG - 2025-06-17 23:20:37 --> Session: Class initialized using 'CodeIgniter\Session\Handlers\FileHandler' driver.
DEBUG - 2025-06-17 23:21:51 --> Session: Class initialized using 'CodeIgniter\Session\Handlers\FileHandler' driver.
DEBUG - 2025-06-17 23:21:52 --> Session: Class initialized using 'CodeIgniter\Session\Handlers\FileHandler' driver.
DEBUG - 2025-06-17 23:21:54 --> Session: Class initialized using 'CodeIgniter\Session\Handlers\FileHandler' driver.
DEBUG - 2025-06-17 23:22:29 --> Session: Class initialized using 'CodeIgniter\Session\Handlers\FileHandler' driver.
DEBUG - 2025-06-17 23:22:29 --> Session: Class initialized using 'CodeIgniter\Session\Handlers\FileHandler' driver.
DEBUG - 2025-06-17 23:22:30 --> Session: Class initialized using 'CodeIgniter\Session\Handlers\FileHandler' driver.
DEBUG - 2025-06-17 23:22:41 --> Session: Class initialized using 'CodeIgniter\Session\Handlers\FileHandler' driver.
DEBUG - 2025-06-17 23:22:41 --> Session: Class initialized using 'CodeIgniter\Session\Handlers\FileHandler' driver.
DEBUG - 2025-06-17 23:22:50 --> Session: Class initialized using 'CodeIgniter\Session\Handlers\FileHandler' driver.
DEBUG - 2025-06-17 23:22:51 --> Session: Class initialized using 'CodeIgniter\Session\Handlers\FileHandler' driver.
DEBUG - 2025-06-17 23:22:57 --> Session: Class initialized using 'CodeIgniter\Session\Handlers\FileHandler' driver.
INFO - 2025-06-17 23:22:57 --> Cart Class Initialized
DEBUG - 2025-06-17 23:23:00 --> Session: Class initialized using 'CodeIgniter\Session\Handlers\FileHandler' driver.
DEBUG - 2025-06-17 23:23:02 --> Session: Class initialized using 'CodeIgniter\Session\Handlers\FileHandler' driver.
INFO - 2025-06-17 23:23:02 --> Cart Class Initialized
DEBUG - 2025-06-17 23:23:02 --> Session: Class initialized using 'CodeIgniter\Session\Handlers\FileHandler' driver.
INFO - 2025-06-17 23:23:02 --> Cart Class Initialized
DEBUG - 2025-06-17 23:28:23 --> Session: Class initialized using 'CodeIgniter\Session\Handlers\FileHandler' driver.
INFO - 2025-06-17 23:28:23 --> Cart Class Initialized
DEBUG - 2025-06-17 23:28:26 --> Session: Class initialized using 'CodeIgniter\Session\Handlers\FileHandler' driver.
DEBUG - 2025-06-17 23:28:26 --> Session: Class initialized using 'CodeIgniter\Session\Handlers\FileHandler' driver.
DEBUG - 2025-06-17 23:28:34 --> Session: Class initialized using 'CodeIgniter\Session\Handlers\FileHandler' driver.
DEBUG - 2025-06-17 23:28:34 --> Session: Class initialized using 'CodeIgniter\Session\Handlers\FileHandler' driver.
DEBUG - 2025-06-17 23:28:41 --> Session: Class initialized using 'CodeIgniter\Session\Handlers\FileHandler' driver.
DEBUG - 2025-06-17 23:29:19 --> Session: Class initialized using 'CodeIgniter\Session\Handlers\FileHandler' driver.
DEBUG - 2025-06-17 23:29:22 --> Session: Class initialized using 'CodeIgniter\Session\Handlers\FileHandler' driver.
DEBUG - 2025-06-17 23:30:05 --> Session: Class initialized using 'CodeIgniter\Session\Handlers\FileHandler' driver.
DEBUG - 2025-06-17 23:32:25 --> Session: Class initialized using 'CodeIgniter\Session\Handlers\FileHandler' driver.
CRITICAL - 2025-06-17 23:32:25 --> ErrorException: Undefined array key "id_ventas"
[Method: GET, Route: ver_compra]
in APPPATH\Views\backend\admin\registroVentas_view.php on line 31.
 1 APPPATH\Views\backend\admin\registroVentas_view.php(31): CodeIgniter\Debug\Exceptions->errorHandler(2, 'Undefined array key "id_ventas"', 'C:\\xampp\\htdocs\\proyecto_esquenon_gomez\\app\\Views\\backend\\admin\\registroVentas_view.php', 31)
 2 SYSTEMPATH\View\View.php(224): include('C:\\xampp\\htdocs\\proyecto_esquenon_gomez\\app\\Views\\backend\\admin\\registroVentas_view.php')
 3 SYSTEMPATH\View\View.php(227): CodeIgniter\View\View->CodeIgniter\View\{closure}()
 4 SYSTEMPATH\Common.php(1173): CodeIgniter\View\View->render('backend/admin/registroVentas_view', [], true)
 5 APPPATH\Controllers\VentasController.php(89): view('backend/admin/registroVentas_view', [...])
 6 SYSTEMPATH\CodeIgniter.php(933): App\Controllers\VentasController->ver_compra('$1')
 7 SYSTEMPATH\CodeIgniter.php(507): CodeIgniter\CodeIgniter->runController(Object(App\Controllers\VentasController))
 8 SYSTEMPATH\CodeIgniter.php(354): CodeIgniter\CodeIgniter->handleRequest(null, Object(Config\Cache), false)
 9 SYSTEMPATH\Boot.php(334): CodeIgniter\CodeIgniter->run()
10 SYSTEMPATH\Boot.php(67): CodeIgniter\Boot::runCodeIgniter(Object(CodeIgniter\CodeIgniter))
11 FCPATH\index.php(57): CodeIgniter\Boot::bootWeb(Object(Config\Paths))
DEBUG - 2025-06-17 23:35:22 --> Session: Class initialized using 'CodeIgniter\Session\Handlers\FileHandler' driver.
CRITICAL - 2025-06-17 23:35:22 --> ErrorException: Undefined variable $ventas
[Method: GET, Route: ver_compra]
in APPPATH\Views\backend\admin\registroVentas_view.php on line 29.
 1 APPPATH\Views\backend\admin\registroVentas_view.php(29): CodeIgniter\Debug\Exceptions->errorHandler(2, 'Undefined variable $ventas', 'C:\\xampp\\htdocs\\proyecto_esquenon_gomez\\app\\Views\\backend\\admin\\registroVentas_view.php', 29)
 2 SYSTEMPATH\View\View.php(224): include('C:\\xampp\\htdocs\\proyecto_esquenon_gomez\\app\\Views\\backend\\admin\\registroVentas_view.php')
 3 SYSTEMPATH\View\View.php(227): CodeIgniter\View\View->CodeIgniter\View\{closure}()
 4 SYSTEMPATH\Common.php(1173): CodeIgniter\View\View->render('backend/admin/registroVentas_view', [], true)
 5 APPPATH\Controllers\VentasController.php(89): view('backend/admin/registroVentas_view', [...])
 6 SYSTEMPATH\CodeIgniter.php(933): App\Controllers\VentasController->ver_compra('$1')
 7 SYSTEMPATH\CodeIgniter.php(507): CodeIgniter\CodeIgniter->runController(Object(App\Controllers\VentasController))
 8 SYSTEMPATH\CodeIgniter.php(354): CodeIgniter\CodeIgniter->handleRequest(null, Object(Config\Cache), false)
 9 SYSTEMPATH\Boot.php(334): CodeIgniter\CodeIgniter->run()
10 SYSTEMPATH\Boot.php(67): CodeIgniter\Boot::runCodeIgniter(Object(CodeIgniter\CodeIgniter))
11 FCPATH\index.php(57): CodeIgniter\Boot::bootWeb(Object(Config\Paths))
DEBUG - 2025-06-17 23:36:04 --> Session: Class initialized using 'CodeIgniter\Session\Handlers\FileHandler' driver.
DEBUG - 2025-06-17 23:38:41 --> Session: Class initialized using 'CodeIgniter\Session\Handlers\FileHandler' driver.
DEBUG - 2025-06-17 23:39:46 --> Session: Class initialized using 'CodeIgniter\Session\Handlers\FileHandler' driver.
DEBUG - 2025-06-17 23:39:46 --> Session: Class initialized using 'CodeIgniter\Session\Handlers\FileHandler' driver.
DEBUG - 2025-06-17 23:39:55 --> Session: Class initialized using 'CodeIgniter\Session\Handlers\FileHandler' driver.
DEBUG - 2025-06-17 23:39:55 --> Session: Class initialized using 'CodeIgniter\Session\Handlers\FileHandler' driver.
DEBUG - 2025-06-17 23:40:00 --> Session: Class initialized using 'CodeIgniter\Session\Handlers\FileHandler' driver.
DEBUG - 2025-06-17 23:40:03 --> Session: Class initialized using 'CodeIgniter\Session\Handlers\FileHandler' driver.
INFO - 2025-06-17 23:40:03 --> Cart Class Initialized
DEBUG - 2025-06-17 23:40:03 --> Session: Class initialized using 'CodeIgniter\Session\Handlers\FileHandler' driver.
INFO - 2025-06-17 23:40:03 --> Cart Class Initialized
DEBUG - 2025-06-17 23:40:07 --> Session: Class initialized using 'CodeIgniter\Session\Handlers\FileHandler' driver.
INFO - 2025-06-17 23:40:07 --> Cart Class Initialized
DEBUG - 2025-06-17 23:40:48 --> Session: Class initialized using 'CodeIgniter\Session\Handlers\FileHandler' driver.
INFO - 2025-06-17 23:40:48 --> Cart Class Initialized
DEBUG - 2025-06-17 23:40:50 --> Session: Class initialized using 'CodeIgniter\Session\Handlers\FileHandler' driver.
INFO - 2025-06-17 23:40:50 --> Cart Class Initialized
DEBUG - 2025-06-17 23:41:43 --> Session: Class initialized using 'CodeIgniter\Session\Handlers\FileHandler' driver.
INFO - 2025-06-17 23:41:43 --> Cart Class Initialized
DEBUG - 2025-06-17 23:41:45 --> Session: Class initialized using 'CodeIgniter\Session\Handlers\FileHandler' driver.
DEBUG - 2025-06-17 23:41:50 --> Session: Class initialized using 'CodeIgniter\Session\Handlers\FileHandler' driver.
INFO - 2025-06-17 23:41:50 --> Cart Class Initialized
DEBUG - 2025-06-17 23:41:50 --> Session: Class initialized using 'CodeIgniter\Session\Handlers\FileHandler' driver.
INFO - 2025-06-17 23:41:50 --> Cart Class Initialized
DEBUG - 2025-06-17 23:41:51 --> Session: Class initialized using 'CodeIgniter\Session\Handlers\FileHandler' driver.
INFO - 2025-06-17 23:41:51 --> Cart Class Initialized
DEBUG - 2025-06-17 23:41:52 --> Session: Class initialized using 'CodeIgniter\Session\Handlers\FileHandler' driver.
INFO - 2025-06-17 23:41:52 --> Cart Class Initialized
DEBUG - 2025-06-17 23:41:57 --> Session: Class initialized using 'CodeIgniter\Session\Handlers\FileHandler' driver.
DEBUG - 2025-06-17 23:41:57 --> Session: Class initialized using 'CodeIgniter\Session\Handlers\FileHandler' driver.
DEBUG - 2025-06-17 23:42:07 --> Session: Class initialized using 'CodeIgniter\Session\Handlers\FileHandler' driver.
DEBUG - 2025-06-17 23:42:07 --> Session: Class initialized using 'CodeIgniter\Session\Handlers\FileHandler' driver.
DEBUG - 2025-06-17 23:42:10 --> Session: Class initialized using 'CodeIgniter\Session\Handlers\FileHandler' driver.
DEBUG - 2025-06-17 23:45:34 --> Session: Class initialized using 'CodeIgniter\Session\Handlers\FileHandler' driver.
CRITICAL - 2025-06-17 23:45:34 --> CodeIgniter\Exceptions\BadMethodCallException: Call to undefined method App\Models\Detalle_ventasModel::obtenerVentasConProducto
[Method: GET, Route: ver_compra]
in SYSTEMPATH\Model.php on line 930.
 1 APPPATH\Controllers\VentasController.php(82): CodeIgniter\Model->__call('obtenerVentasConProducto', [])
 2 SYSTEMPATH\CodeIgniter.php(933): App\Controllers\VentasController->ver_compra('$1')
 3 SYSTEMPATH\CodeIgniter.php(507): CodeIgniter\CodeIgniter->runController(Object(App\Controllers\VentasController))
 4 SYSTEMPATH\CodeIgniter.php(354): CodeIgniter\CodeIgniter->handleRequest(null, Object(Config\Cache), false)
 5 SYSTEMPATH\Boot.php(334): CodeIgniter\CodeIgniter->run()
 6 SYSTEMPATH\Boot.php(67): CodeIgniter\Boot::runCodeIgniter(Object(CodeIgniter\CodeIgniter))
 7 FCPATH\index.php(57): CodeIgniter\Boot::bootWeb(Object(Config\Paths))
DEBUG - 2025-06-17 23:45:50 --> Session: Class initialized using 'CodeIgniter\Session\Handlers\FileHandler' driver.
ERROR - 2025-06-17 23:45:50 --> mysqli_sql_exception: Unknown table 'bd_esquenon_gomez.detalle_ventas' in C:\xampp\htdocs\proyecto_esquenon_gomez\system\Database\MySQLi\Connection.php:327
Stack trace:
#0 C:\xampp\htdocs\proyecto_esquenon_gomez\system\Database\MySQLi\Connection.php(327): mysqli->query('SELECT `detalle...', 0)
#1 C:\xampp\htdocs\proyecto_esquenon_gomez\system\Database\BaseConnection.php(738): CodeIgniter\Database\MySQLi\Connection->execute('SELECT `detalle...')
#2 C:\xampp\htdocs\proyecto_esquenon_gomez\system\Database\BaseConnection.php(652): CodeIgniter\Database\BaseConnection->simpleQuery('SELECT `detalle...')
#3 C:\xampp\htdocs\proyecto_esquenon_gomez\system\Database\BaseBuilder.php(1649): CodeIgniter\Database\BaseConnection->query('SELECT `detalle...', Array, false)
#4 C:\xampp\htdocs\proyecto_esquenon_gomez\system\Model.php(286): CodeIgniter\Database\BaseBuilder->get()
#5 C:\xampp\htdocs\proyecto_esquenon_gomez\system\BaseModel.php(675): CodeIgniter\Model->doFindAll(0, 0)
#6 C:\xampp\htdocs\proyecto_esquenon_gomez\app\Models\Detalle_ventasModel.php(29): CodeIgniter\BaseModel->findAll()
#7 C:\xampp\htdocs\proyecto_esquenon_gomez\app\Controllers\VentasController.php(82): App\Models\Detalle_ventasModel->detallesProducto()
#8 C:\xampp\htdocs\proyecto_esquenon_gomez\system\CodeIgniter.php(933): App\Controllers\VentasController->ver_compra('$1')
#9 C:\xampp\htdocs\proyecto_esquenon_gomez\system\CodeIgniter.php(507): CodeIgniter\CodeIgniter->runController(Object(App\Controllers\VentasController))
#10 C:\xampp\htdocs\proyecto_esquenon_gomez\system\CodeIgniter.php(354): CodeIgniter\CodeIgniter->handleRequest(NULL, Object(Config\Cache), false)
#11 C:\xampp\htdocs\proyecto_esquenon_gomez\system\Boot.php(334): CodeIgniter\CodeIgniter->run()
#12 C:\xampp\htdocs\proyecto_esquenon_gomez\system\Boot.php(67): CodeIgniter\Boot::runCodeIgniter(Object(CodeIgniter\CodeIgniter))
#13 C:\xampp\htdocs\proyecto_esquenon_gomez\index.php(57): CodeIgniter\Boot::bootWeb(Object(Config\Paths))
#14 {main}
CRITICAL - 2025-06-17 23:45:50 --> CodeIgniter\Database\Exceptions\DatabaseException: Unknown table 'bd_esquenon_gomez.detalle_ventas'
[Method: GET, Route: ver_compra]
in SYSTEMPATH\Database\BaseConnection.php on line 692.
 1 SYSTEMPATH\Database\BaseBuilder.php(1649): CodeIgniter\Database\BaseConnection->query('SELECT `detalle_ventas`.*, `productos`.`nombre_producto`
FROM `detalle_venta`
JOIN `productos` ON `productos`.`id` = `detalle_ventas`.`id_producto`', [], false)
 2 SYSTEMPATH\Model.php(286): CodeIgniter\Database\BaseBuilder->get()
 3 SYSTEMPATH\BaseModel.php(675): CodeIgniter\Model->doFindAll(0, 0)
 4 APPPATH\Models\Detalle_ventasModel.php(29): CodeIgniter\BaseModel->findAll()
 5 APPPATH\Controllers\VentasController.php(82): App\Models\Detalle_ventasModel->detallesProducto()
 6 SYSTEMPATH\CodeIgniter.php(933): App\Controllers\VentasController->ver_compra('$1')
 7 SYSTEMPATH\CodeIgniter.php(507): CodeIgniter\CodeIgniter->runController(Object(App\Controllers\VentasController))
 8 SYSTEMPATH\CodeIgniter.php(354): CodeIgniter\CodeIgniter->handleRequest(null, Object(Config\Cache), false)
 9 SYSTEMPATH\Boot.php(334): CodeIgniter\CodeIgniter->run()
10 SYSTEMPATH\Boot.php(67): CodeIgniter\Boot::runCodeIgniter(Object(CodeIgniter\CodeIgniter))
11 FCPATH\index.php(57): CodeIgniter\Boot::bootWeb(Object(Config\Paths))
CRITICAL - 2025-06-17 23:45:50 --> [Caused by] CodeIgniter\Database\Exceptions\DatabaseException: Unknown table 'bd_esquenon_gomez.detalle_ventas'
in SYSTEMPATH\Database\MySQLi\Connection.php on line 332.
 1 SYSTEMPATH\Database\BaseConnection.php(738): CodeIgniter\Database\MySQLi\Connection->execute('SELECT `detalle_ventas`.*, `productos`.`nombre_producto`
FROM `detalle_venta`
JOIN `productos` ON `productos`.`id` = `detalle_ventas`.`id_producto`')
 2 SYSTEMPATH\Database\BaseConnection.php(652): CodeIgniter\Database\BaseConnection->simpleQuery('SELECT `detalle_ventas`.*, `productos`.`nombre_producto`
FROM `detalle_venta`
JOIN `productos` ON `productos`.`id` = `detalle_ventas`.`id_producto`')
 3 SYSTEMPATH\Database\BaseBuilder.php(1649): CodeIgniter\Database\BaseConnection->query('SELECT `detalle_ventas`.*, `productos`.`nombre_producto`
FROM `detalle_venta`
JOIN `productos` ON `productos`.`id` = `detalle_ventas`.`id_producto`', [], false)
 4 SYSTEMPATH\Model.php(286): CodeIgniter\Database\BaseBuilder->get()
 5 SYSTEMPATH\BaseModel.php(675): CodeIgniter\Model->doFindAll(0, 0)
 6 APPPATH\Models\Detalle_ventasModel.php(29): CodeIgniter\BaseModel->findAll()
 7 APPPATH\Controllers\VentasController.php(82): App\Models\Detalle_ventasModel->detallesProducto()
 8 SYSTEMPATH\CodeIgniter.php(933): App\Controllers\VentasController->ver_compra('$1')
 9 SYSTEMPATH\CodeIgniter.php(507): CodeIgniter\CodeIgniter->runController(Object(App\Controllers\VentasController))
10 SYSTEMPATH\CodeIgniter.php(354): CodeIgniter\CodeIgniter->handleRequest(null, Object(Config\Cache), false)
11 SYSTEMPATH\Boot.php(334): CodeIgniter\CodeIgniter->run()
12 SYSTEMPATH\Boot.php(67): CodeIgniter\Boot::runCodeIgniter(Object(CodeIgniter\CodeIgniter))
13 FCPATH\index.php(57): CodeIgniter\Boot::bootWeb(Object(Config\Paths))
CRITICAL - 2025-06-17 23:45:50 --> [Caused by] mysqli_sql_exception: Unknown table 'bd_esquenon_gomez.detalle_ventas'
in SYSTEMPATH\Database\MySQLi\Connection.php on line 327.
 1 SYSTEMPATH\Database\MySQLi\Connection.php(327): mysqli->query('SELECT `detalle_ventas`.*, `productos`.`nombre_producto`
FROM `detalle_venta`
JOIN `productos` ON `productos`.`id` = `detalle_ventas`.`id_producto`', 0)
 2 SYSTEMPATH\Database\BaseConnection.php(738): CodeIgniter\Database\MySQLi\Connection->execute('SELECT `detalle_ventas`.*, `productos`.`nombre_producto`
FROM `detalle_venta`
JOIN `productos` ON `productos`.`id` = `detalle_ventas`.`id_producto`')
 3 SYSTEMPATH\Database\BaseConnection.php(652): CodeIgniter\Database\BaseConnection->simpleQuery('SELECT `detalle_ventas`.*, `productos`.`nombre_producto`
FROM `detalle_venta`
JOIN `productos` ON `productos`.`id` = `detalle_ventas`.`id_producto`')
 4 SYSTEMPATH\Database\BaseBuilder.php(1649): CodeIgniter\Database\BaseConnection->query('SELECT `detalle_ventas`.*, `productos`.`nombre_producto`
FROM `detalle_venta`
JOIN `productos` ON `productos`.`id` = `detalle_ventas`.`id_producto`', [], false)
 5 SYSTEMPATH\Model.php(286): CodeIgniter\Database\BaseBuilder->get()
 6 SYSTEMPATH\BaseModel.php(675): CodeIgniter\Model->doFindAll(0, 0)
 7 APPPATH\Models\Detalle_ventasModel.php(29): CodeIgniter\BaseModel->findAll()
 8 APPPATH\Controllers\VentasController.php(82): App\Models\Detalle_ventasModel->detallesProducto()
 9 SYSTEMPATH\CodeIgniter.php(933): App\Controllers\VentasController->ver_compra('$1')
10 SYSTEMPATH\CodeIgniter.php(507): CodeIgniter\CodeIgniter->runController(Object(App\Controllers\VentasController))
11 SYSTEMPATH\CodeIgniter.php(354): CodeIgniter\CodeIgniter->handleRequest(null, Object(Config\Cache), false)
12 SYSTEMPATH\Boot.php(334): CodeIgniter\CodeIgniter->run()
13 SYSTEMPATH\Boot.php(67): CodeIgniter\Boot::runCodeIgniter(Object(CodeIgniter\CodeIgniter))
14 FCPATH\index.php(57): CodeIgniter\Boot::bootWeb(Object(Config\Paths))
DEBUG - 2025-06-17 23:46:27 --> Session: Class initialized using 'CodeIgniter\Session\Handlers\FileHandler' driver.
CRITICAL - 2025-06-17 23:46:27 --> ErrorException: Undefined variable $venta
[Method: GET, Route: ver_compra]
in APPPATH\Controllers\VentasController.php on line 84.
 1 APPPATH\Controllers\VentasController.php(84): CodeIgniter\Debug\Exceptions->errorHandler(2, 'Undefined variable $venta', 'C:\\xampp\\htdocs\\proyecto_esquenon_gomez\\app\\Controllers\\VentasController.php', 84)
 2 SYSTEMPATH\CodeIgniter.php(933): App\Controllers\VentasController->ver_compra('$1')
 3 SYSTEMPATH\CodeIgniter.php(507): CodeIgniter\CodeIgniter->runController(Object(App\Controllers\VentasController))
 4 SYSTEMPATH\CodeIgniter.php(354): CodeIgniter\CodeIgniter->handleRequest(null, Object(Config\Cache), false)
 5 SYSTEMPATH\Boot.php(334): CodeIgniter\CodeIgniter->run()
 6 SYSTEMPATH\Boot.php(67): CodeIgniter\Boot::runCodeIgniter(Object(CodeIgniter\CodeIgniter))
 7 FCPATH\index.php(57): CodeIgniter\Boot::bootWeb(Object(Config\Paths))
DEBUG - 2025-06-17 23:46:51 --> Session: Class initialized using 'CodeIgniter\Session\Handlers\FileHandler' driver.
DEBUG - 2025-06-17 23:48:33 --> Session: Class initialized using 'CodeIgniter\Session\Handlers\FileHandler' driver.
DEBUG - 2025-06-17 23:52:58 --> Session: Class initialized using 'CodeIgniter\Session\Handlers\FileHandler' driver.
ERROR - 2025-06-17 23:52:58 --> mysqli_sql_exception: Unknown column 'venta.usuario_id' in 'field list' in C:\xampp\htdocs\proyecto_esquenon_gomez\system\Database\MySQLi\Connection.php:327
Stack trace:
#0 C:\xampp\htdocs\proyecto_esquenon_gomez\system\Database\MySQLi\Connection.php(327): mysqli->query('SELECT `detalle...', 0)
#1 C:\xampp\htdocs\proyecto_esquenon_gomez\system\Database\BaseConnection.php(738): CodeIgniter\Database\MySQLi\Connection->execute('SELECT `detalle...')
#2 C:\xampp\htdocs\proyecto_esquenon_gomez\system\Database\BaseConnection.php(652): CodeIgniter\Database\BaseConnection->simpleQuery('SELECT `detalle...')
#3 C:\xampp\htdocs\proyecto_esquenon_gomez\system\Database\BaseBuilder.php(1649): CodeIgniter\Database\BaseConnection->query('SELECT `detalle...', Array, false)
#4 C:\xampp\htdocs\proyecto_esquenon_gomez\system\Model.php(286): CodeIgniter\Database\BaseBuilder->get()
#5 C:\xampp\htdocs\proyecto_esquenon_gomez\system\BaseModel.php(675): CodeIgniter\Model->doFindAll(0, 0)
#6 C:\xampp\htdocs\proyecto_esquenon_gomez\app\Models\Detalle_ventasModel.php(31): CodeIgniter\BaseModel->findAll()
#7 C:\xampp\htdocs\proyecto_esquenon_gomez\app\Controllers\VentasController.php(82): App\Models\Detalle_ventasModel->detallesProducto()
#8 C:\xampp\htdocs\proyecto_esquenon_gomez\system\CodeIgniter.php(933): App\Controllers\VentasController->ver_compra('$1')
#9 C:\xampp\htdocs\proyecto_esquenon_gomez\system\CodeIgniter.php(507): CodeIgniter\CodeIgniter->runController(Object(App\Controllers\VentasController))
#10 C:\xampp\htdocs\proyecto_esquenon_gomez\system\CodeIgniter.php(354): CodeIgniter\CodeIgniter->handleRequest(NULL, Object(Config\Cache), false)
#11 C:\xampp\htdocs\proyecto_esquenon_gomez\system\Boot.php(334): CodeIgniter\CodeIgniter->run()
#12 C:\xampp\htdocs\proyecto_esquenon_gomez\system\Boot.php(67): CodeIgniter\Boot::runCodeIgniter(Object(CodeIgniter\CodeIgniter))
#13 C:\xampp\htdocs\proyecto_esquenon_gomez\index.php(57): CodeIgniter\Boot::bootWeb(Object(Config\Paths))
#14 {main}
CRITICAL - 2025-06-17 23:52:58 --> CodeIgniter\Database\Exceptions\DatabaseException: Unknown column 'venta.usuario_id' in 'field list'
[Method: GET, Route: ver_compra]
in SYSTEMPATH\Database\BaseConnection.php on line 692.
 1 SYSTEMPATH\Database\BaseBuilder.php(1649): CodeIgniter\Database\BaseConnection->query('SELECT `detalle_venta`.*, `productos`.`nombre_producto`, `venta`.`usuario_id`, `usuarios`.`nombre` AS `nombre_usuario`
FROM `detalle_venta`
JOIN `productos` ON `productos`.`id` = `detalle_venta`.`id_producto`
JOIN `venta` ON `venta`.`id` = `detalle_venta`.`venta_id`
JOIN `usuarios` ON `usuarios`.`id` = `venta`.`usuario_id`', [], false)
 2 SYSTEMPATH\Model.php(286): CodeIgniter\Database\BaseBuilder->get()
 3 SYSTEMPATH\BaseModel.php(675): CodeIgniter\Model->doFindAll(0, 0)
 4 APPPATH\Models\Detalle_ventasModel.php(31): CodeIgniter\BaseModel->findAll()
 5 APPPATH\Controllers\VentasController.php(82): App\Models\Detalle_ventasModel->detallesProducto()
 6 SYSTEMPATH\CodeIgniter.php(933): App\Controllers\VentasController->ver_compra('$1')
 7 SYSTEMPATH\CodeIgniter.php(507): CodeIgniter\CodeIgniter->runController(Object(App\Controllers\VentasController))
 8 SYSTEMPATH\CodeIgniter.php(354): CodeIgniter\CodeIgniter->handleRequest(null, Object(Config\Cache), false)
 9 SYSTEMPATH\Boot.php(334): CodeIgniter\CodeIgniter->run()
10 SYSTEMPATH\Boot.php(67): CodeIgniter\Boot::runCodeIgniter(Object(CodeIgniter\CodeIgniter))
11 FCPATH\index.php(57): CodeIgniter\Boot::bootWeb(Object(Config\Paths))
CRITICAL - 2025-06-17 23:52:58 --> [Caused by] CodeIgniter\Database\Exceptions\DatabaseException: Unknown column 'venta.usuario_id' in 'field list'
in SYSTEMPATH\Database\MySQLi\Connection.php on line 332.
 1 SYSTEMPATH\Database\BaseConnection.php(738): CodeIgniter\Database\MySQLi\Connection->execute('SELECT `detalle_venta`.*, `productos`.`nombre_producto`, `venta`.`usuario_id`, `usuarios`.`nombre` AS `nombre_usuario`
FROM `detalle_venta`
JOIN `productos` ON `productos`.`id` = `detalle_venta`.`id_producto`
JOIN `venta` ON `venta`.`id` = `detalle_venta`.`venta_id`
JOIN `usuarios` ON `usuarios`.`id` = `venta`.`usuario_id`')
 2 SYSTEMPATH\Database\BaseConnection.php(652): CodeIgniter\Database\BaseConnection->simpleQuery('SELECT `detalle_venta`.*, `productos`.`nombre_producto`, `venta`.`usuario_id`, `usuarios`.`nombre` AS `nombre_usuario`
FROM `detalle_venta`
JOIN `productos` ON `productos`.`id` = `detalle_venta`.`id_producto`
JOIN `venta` ON `venta`.`id` = `detalle_venta`.`venta_id`
JOIN `usuarios` ON `usuarios`.`id` = `venta`.`usuario_id`')
 3 SYSTEMPATH\Database\BaseBuilder.php(1649): CodeIgniter\Database\BaseConnection->query('SELECT `detalle_venta`.*, `productos`.`nombre_producto`, `venta`.`usuario_id`, `usuarios`.`nombre` AS `nombre_usuario`
FROM `detalle_venta`
JOIN `productos` ON `productos`.`id` = `detalle_venta`.`id_producto`
JOIN `venta` ON `venta`.`id` = `detalle_venta`.`venta_id`
JOIN `usuarios` ON `usuarios`.`id` = `venta`.`usuario_id`', [], false)
 4 SYSTEMPATH\Model.php(286): CodeIgniter\Database\BaseBuilder->get()
 5 SYSTEMPATH\BaseModel.php(675): CodeIgniter\Model->doFindAll(0, 0)
 6 APPPATH\Models\Detalle_ventasModel.php(31): CodeIgniter\BaseModel->findAll()
 7 APPPATH\Controllers\VentasController.php(82): App\Models\Detalle_ventasModel->detallesProducto()
 8 SYSTEMPATH\CodeIgniter.php(933): App\Controllers\VentasController->ver_compra('$1')
 9 SYSTEMPATH\CodeIgniter.php(507): CodeIgniter\CodeIgniter->runController(Object(App\Controllers\VentasController))
10 SYSTEMPATH\CodeIgniter.php(354): CodeIgniter\CodeIgniter->handleRequest(null, Object(Config\Cache), false)
11 SYSTEMPATH\Boot.php(334): CodeIgniter\CodeIgniter->run()
12 SYSTEMPATH\Boot.php(67): CodeIgniter\Boot::runCodeIgniter(Object(CodeIgniter\CodeIgniter))
13 FCPATH\index.php(57): CodeIgniter\Boot::bootWeb(Object(Config\Paths))
CRITICAL - 2025-06-17 23:52:58 --> [Caused by] mysqli_sql_exception: Unknown column 'venta.usuario_id' in 'field list'
in SYSTEMPATH\Database\MySQLi\Connection.php on line 327.
 1 SYSTEMPATH\Database\MySQLi\Connection.php(327): mysqli->query('SELECT `detalle_venta`.*, `productos`.`nombre_producto`, `venta`.`usuario_id`, `usuarios`.`nombre` AS `nombre_usuario`
FROM `detalle_venta`
JOIN `productos` ON `productos`.`id` = `detalle_venta`.`id_producto`
JOIN `venta` ON `venta`.`id` = `detalle_venta`.`venta_id`
JOIN `usuarios` ON `usuarios`.`id` = `venta`.`usuario_id`', 0)
 2 SYSTEMPATH\Database\BaseConnection.php(738): CodeIgniter\Database\MySQLi\Connection->execute('SELECT `detalle_venta`.*, `productos`.`nombre_producto`, `venta`.`usuario_id`, `usuarios`.`nombre` AS `nombre_usuario`
FROM `detalle_venta`
JOIN `productos` ON `productos`.`id` = `detalle_venta`.`id_producto`
JOIN `venta` ON `venta`.`id` = `detalle_venta`.`venta_id`
JOIN `usuarios` ON `usuarios`.`id` = `venta`.`usuario_id`')
 3 SYSTEMPATH\Database\BaseConnection.php(652): CodeIgniter\Database\BaseConnection->simpleQuery('SELECT `detalle_venta`.*, `productos`.`nombre_producto`, `venta`.`usuario_id`, `usuarios`.`nombre` AS `nombre_usuario`
FROM `detalle_venta`
JOIN `productos` ON `productos`.`id` = `detalle_venta`.`id_producto`
JOIN `venta` ON `venta`.`id` = `detalle_venta`.`venta_id`
JOIN `usuarios` ON `usuarios`.`id` = `venta`.`usuario_id`')
 4 SYSTEMPATH\Database\BaseBuilder.php(1649): CodeIgniter\Database\BaseConnection->query('SELECT `detalle_venta`.*, `productos`.`nombre_producto`, `venta`.`usuario_id`, `usuarios`.`nombre` AS `nombre_usuario`
FROM `detalle_venta`
JOIN `productos` ON `productos`.`id` = `detalle_venta`.`id_producto`
JOIN `venta` ON `venta`.`id` = `detalle_venta`.`venta_id`
JOIN `usuarios` ON `usuarios`.`id` = `venta`.`usuario_id`', [], false)
 5 SYSTEMPATH\Model.php(286): CodeIgniter\Database\BaseBuilder->get()
 6 SYSTEMPATH\BaseModel.php(675): CodeIgniter\Model->doFindAll(0, 0)
 7 APPPATH\Models\Detalle_ventasModel.php(31): CodeIgniter\BaseModel->findAll()
 8 APPPATH\Controllers\VentasController.php(82): App\Models\Detalle_ventasModel->detallesProducto()
 9 SYSTEMPATH\CodeIgniter.php(933): App\Controllers\VentasController->ver_compra('$1')
10 SYSTEMPATH\CodeIgniter.php(507): CodeIgniter\CodeIgniter->runController(Object(App\Controllers\VentasController))
11 SYSTEMPATH\CodeIgniter.php(354): CodeIgniter\CodeIgniter->handleRequest(null, Object(Config\Cache), false)
12 SYSTEMPATH\Boot.php(334): CodeIgniter\CodeIgniter->run()
13 SYSTEMPATH\Boot.php(67): CodeIgniter\Boot::runCodeIgniter(Object(CodeIgniter\CodeIgniter))
14 FCPATH\index.php(57): CodeIgniter\Boot::bootWeb(Object(Config\Paths))
DEBUG - 2025-06-17 23:53:48 --> Session: Class initialized using 'CodeIgniter\Session\Handlers\FileHandler' driver.
ERROR - 2025-06-17 23:53:48 --> mysqli_sql_exception: Unknown column 'venta.id' in 'on clause' in C:\xampp\htdocs\proyecto_esquenon_gomez\system\Database\MySQLi\Connection.php:327
Stack trace:
#0 C:\xampp\htdocs\proyecto_esquenon_gomez\system\Database\MySQLi\Connection.php(327): mysqli->query('SELECT `detalle...', 0)
#1 C:\xampp\htdocs\proyecto_esquenon_gomez\system\Database\BaseConnection.php(738): CodeIgniter\Database\MySQLi\Connection->execute('SELECT `detalle...')
#2 C:\xampp\htdocs\proyecto_esquenon_gomez\system\Database\BaseConnection.php(652): CodeIgniter\Database\BaseConnection->simpleQuery('SELECT `detalle...')
#3 C:\xampp\htdocs\proyecto_esquenon_gomez\system\Database\BaseBuilder.php(1649): CodeIgniter\Database\BaseConnection->query('SELECT `detalle...', Array, false)
#4 C:\xampp\htdocs\proyecto_esquenon_gomez\system\Model.php(286): CodeIgniter\Database\BaseBuilder->get()
#5 C:\xampp\htdocs\proyecto_esquenon_gomez\system\BaseModel.php(675): CodeIgniter\Model->doFindAll(0, 0)
#6 C:\xampp\htdocs\proyecto_esquenon_gomez\app\Models\Detalle_ventasModel.php(31): CodeIgniter\BaseModel->findAll()
#7 C:\xampp\htdocs\proyecto_esquenon_gomez\app\Controllers\VentasController.php(82): App\Models\Detalle_ventasModel->detallesProducto()
#8 C:\xampp\htdocs\proyecto_esquenon_gomez\system\CodeIgniter.php(933): App\Controllers\VentasController->ver_compra('$1')
#9 C:\xampp\htdocs\proyecto_esquenon_gomez\system\CodeIgniter.php(507): CodeIgniter\CodeIgniter->runController(Object(App\Controllers\VentasController))
#10 C:\xampp\htdocs\proyecto_esquenon_gomez\system\CodeIgniter.php(354): CodeIgniter\CodeIgniter->handleRequest(NULL, Object(Config\Cache), false)
#11 C:\xampp\htdocs\proyecto_esquenon_gomez\system\Boot.php(334): CodeIgniter\CodeIgniter->run()
#12 C:\xampp\htdocs\proyecto_esquenon_gomez\system\Boot.php(67): CodeIgniter\Boot::runCodeIgniter(Object(CodeIgniter\CodeIgniter))
#13 C:\xampp\htdocs\proyecto_esquenon_gomez\index.php(57): CodeIgniter\Boot::bootWeb(Object(Config\Paths))
#14 {main}
CRITICAL - 2025-06-17 23:53:48 --> CodeIgniter\Database\Exceptions\DatabaseException: Unknown column 'venta.id' in 'on clause'
[Method: GET, Route: ver_compra]
in SYSTEMPATH\Database\BaseConnection.php on line 692.
 1 SYSTEMPATH\Database\BaseBuilder.php(1649): CodeIgniter\Database\BaseConnection->query('SELECT `detalle_venta`.*, `productos`.`nombre_producto`, `venta`.`id_cliente`, `usuarios`.`nombre` AS `nombre_usuario`
FROM `detalle_venta`
JOIN `productos` ON `productos`.`id` = `detalle_venta`.`id_producto`
JOIN `venta` ON `venta`.`id` = `detalle_venta`.`venta_id`
JOIN `usuarios` ON `id_cliente` = `venta`.`usuario_id`', [], false)
 2 SYSTEMPATH\Model.php(286): CodeIgniter\Database\BaseBuilder->get()
 3 SYSTEMPATH\BaseModel.php(675): CodeIgniter\Model->doFindAll(0, 0)
 4 APPPATH\Models\Detalle_ventasModel.php(31): CodeIgniter\BaseModel->findAll()
 5 APPPATH\Controllers\VentasController.php(82): App\Models\Detalle_ventasModel->detallesProducto()
 6 SYSTEMPATH\CodeIgniter.php(933): App\Controllers\VentasController->ver_compra('$1')
 7 SYSTEMPATH\CodeIgniter.php(507): CodeIgniter\CodeIgniter->runController(Object(App\Controllers\VentasController))
 8 SYSTEMPATH\CodeIgniter.php(354): CodeIgniter\CodeIgniter->handleRequest(null, Object(Config\Cache), false)
 9 SYSTEMPATH\Boot.php(334): CodeIgniter\CodeIgniter->run()
10 SYSTEMPATH\Boot.php(67): CodeIgniter\Boot::runCodeIgniter(Object(CodeIgniter\CodeIgniter))
11 FCPATH\index.php(57): CodeIgniter\Boot::bootWeb(Object(Config\Paths))
CRITICAL - 2025-06-17 23:53:48 --> [Caused by] CodeIgniter\Database\Exceptions\DatabaseException: Unknown column 'venta.id' in 'on clause'
in SYSTEMPATH\Database\MySQLi\Connection.php on line 332.
 1 SYSTEMPATH\Database\BaseConnection.php(738): CodeIgniter\Database\MySQLi\Connection->execute('SELECT `detalle_venta`.*, `productos`.`nombre_producto`, `venta`.`id_cliente`, `usuarios`.`nombre` AS `nombre_usuario`
FROM `detalle_venta`
JOIN `productos` ON `productos`.`id` = `detalle_venta`.`id_producto`
JOIN `venta` ON `venta`.`id` = `detalle_venta`.`venta_id`
JOIN `usuarios` ON `id_cliente` = `venta`.`usuario_id`')
 2 SYSTEMPATH\Database\BaseConnection.php(652): CodeIgniter\Database\BaseConnection->simpleQuery('SELECT `detalle_venta`.*, `productos`.`nombre_producto`, `venta`.`id_cliente`, `usuarios`.`nombre` AS `nombre_usuario`
FROM `detalle_venta`
JOIN `productos` ON `productos`.`id` = `detalle_venta`.`id_producto`
JOIN `venta` ON `venta`.`id` = `detalle_venta`.`venta_id`
JOIN `usuarios` ON `id_cliente` = `venta`.`usuario_id`')
 3 SYSTEMPATH\Database\BaseBuilder.php(1649): CodeIgniter\Database\BaseConnection->query('SELECT `detalle_venta`.*, `productos`.`nombre_producto`, `venta`.`id_cliente`, `usuarios`.`nombre` AS `nombre_usuario`
FROM `detalle_venta`
JOIN `productos` ON `productos`.`id` = `detalle_venta`.`id_producto`
JOIN `venta` ON `venta`.`id` = `detalle_venta`.`venta_id`
JOIN `usuarios` ON `id_cliente` = `venta`.`usuario_id`', [], false)
 4 SYSTEMPATH\Model.php(286): CodeIgniter\Database\BaseBuilder->get()
 5 SYSTEMPATH\BaseModel.php(675): CodeIgniter\Model->doFindAll(0, 0)
 6 APPPATH\Models\Detalle_ventasModel.php(31): CodeIgniter\BaseModel->findAll()
 7 APPPATH\Controllers\VentasController.php(82): App\Models\Detalle_ventasModel->detallesProducto()
 8 SYSTEMPATH\CodeIgniter.php(933): App\Controllers\VentasController->ver_compra('$1')
 9 SYSTEMPATH\CodeIgniter.php(507): CodeIgniter\CodeIgniter->runController(Object(App\Controllers\VentasController))
10 SYSTEMPATH\CodeIgniter.php(354): CodeIgniter\CodeIgniter->handleRequest(null, Object(Config\Cache), false)
11 SYSTEMPATH\Boot.php(334): CodeIgniter\CodeIgniter->run()
12 SYSTEMPATH\Boot.php(67): CodeIgniter\Boot::runCodeIgniter(Object(CodeIgniter\CodeIgniter))
13 FCPATH\index.php(57): CodeIgniter\Boot::bootWeb(Object(Config\Paths))
CRITICAL - 2025-06-17 23:53:48 --> [Caused by] mysqli_sql_exception: Unknown column 'venta.id' in 'on clause'
in SYSTEMPATH\Database\MySQLi\Connection.php on line 327.
 1 SYSTEMPATH\Database\MySQLi\Connection.php(327): mysqli->query('SELECT `detalle_venta`.*, `productos`.`nombre_producto`, `venta`.`id_cliente`, `usuarios`.`nombre` AS `nombre_usuario`
FROM `detalle_venta`
JOIN `productos` ON `productos`.`id` = `detalle_venta`.`id_producto`
JOIN `venta` ON `venta`.`id` = `detalle_venta`.`venta_id`
JOIN `usuarios` ON `id_cliente` = `venta`.`usuario_id`', 0)
 2 SYSTEMPATH\Database\BaseConnection.php(738): CodeIgniter\Database\MySQLi\Connection->execute('SELECT `detalle_venta`.*, `productos`.`nombre_producto`, `venta`.`id_cliente`, `usuarios`.`nombre` AS `nombre_usuario`
FROM `detalle_venta`
JOIN `productos` ON `productos`.`id` = `detalle_venta`.`id_producto`
JOIN `venta` ON `venta`.`id` = `detalle_venta`.`venta_id`
JOIN `usuarios` ON `id_cliente` = `venta`.`usuario_id`')
 3 SYSTEMPATH\Database\BaseConnection.php(652): CodeIgniter\Database\BaseConnection->simpleQuery('SELECT `detalle_venta`.*, `productos`.`nombre_producto`, `venta`.`id_cliente`, `usuarios`.`nombre` AS `nombre_usuario`
FROM `detalle_venta`
JOIN `productos` ON `productos`.`id` = `detalle_venta`.`id_producto`
JOIN `venta` ON `venta`.`id` = `detalle_venta`.`venta_id`
JOIN `usuarios` ON `id_cliente` = `venta`.`usuario_id`')
 4 SYSTEMPATH\Database\BaseBuilder.php(1649): CodeIgniter\Database\BaseConnection->query('SELECT `detalle_venta`.*, `productos`.`nombre_producto`, `venta`.`id_cliente`, `usuarios`.`nombre` AS `nombre_usuario`
FROM `detalle_venta`
JOIN `productos` ON `productos`.`id` = `detalle_venta`.`id_producto`
JOIN `venta` ON `venta`.`id` = `detalle_venta`.`venta_id`
JOIN `usuarios` ON `id_cliente` = `venta`.`usuario_id`', [], false)
 5 SYSTEMPATH\Model.php(286): CodeIgniter\Database\BaseBuilder->get()
 6 SYSTEMPATH\BaseModel.php(675): CodeIgniter\Model->doFindAll(0, 0)
 7 APPPATH\Models\Detalle_ventasModel.php(31): CodeIgniter\BaseModel->findAll()
 8 APPPATH\Controllers\VentasController.php(82): App\Models\Detalle_ventasModel->detallesProducto()
 9 SYSTEMPATH\CodeIgniter.php(933): App\Controllers\VentasController->ver_compra('$1')
10 SYSTEMPATH\CodeIgniter.php(507): CodeIgniter\CodeIgniter->runController(Object(App\Controllers\VentasController))
11 SYSTEMPATH\CodeIgniter.php(354): CodeIgniter\CodeIgniter->handleRequest(null, Object(Config\Cache), false)
12 SYSTEMPATH\Boot.php(334): CodeIgniter\CodeIgniter->run()
13 SYSTEMPATH\Boot.php(67): CodeIgniter\Boot::runCodeIgniter(Object(CodeIgniter\CodeIgniter))
14 FCPATH\index.php(57): CodeIgniter\Boot::bootWeb(Object(Config\Paths))
DEBUG - 2025-06-17 23:57:03 --> Session: Class initialized using 'CodeIgniter\Session\Handlers\FileHandler' driver.
ERROR - 2025-06-17 23:57:03 --> mysqli_sql_exception: Unknown column 'venta.usuario_id' in 'on clause' in C:\xampp\htdocs\proyecto_esquenon_gomez\system\Database\MySQLi\Connection.php:327
Stack trace:
#0 C:\xampp\htdocs\proyecto_esquenon_gomez\system\Database\MySQLi\Connection.php(327): mysqli->query('SELECT `detalle...', 0)
#1 C:\xampp\htdocs\proyecto_esquenon_gomez\system\Database\BaseConnection.php(738): CodeIgniter\Database\MySQLi\Connection->execute('SELECT `detalle...')
#2 C:\xampp\htdocs\proyecto_esquenon_gomez\system\Database\BaseConnection.php(652): CodeIgniter\Database\BaseConnection->simpleQuery('SELECT `detalle...')
#3 C:\xampp\htdocs\proyecto_esquenon_gomez\system\Database\BaseBuilder.php(1649): CodeIgniter\Database\BaseConnection->query('SELECT `detalle...', Array, false)
#4 C:\xampp\htdocs\proyecto_esquenon_gomez\system\Model.php(286): CodeIgniter\Database\BaseBuilder->get()
#5 C:\xampp\htdocs\proyecto_esquenon_gomez\system\BaseModel.php(675): CodeIgniter\Model->doFindAll(0, 0)
#6 C:\xampp\htdocs\proyecto_esquenon_gomez\app\Models\Detalle_ventasModel.php(31): CodeIgniter\BaseModel->findAll()
#7 C:\xampp\htdocs\proyecto_esquenon_gomez\app\Controllers\VentasController.php(82): App\Models\Detalle_ventasModel->detallesProducto()
#8 C:\xampp\htdocs\proyecto_esquenon_gomez\system\CodeIgniter.php(933): App\Controllers\VentasController->ver_compra('$1')
#9 C:\xampp\htdocs\proyecto_esquenon_gomez\system\CodeIgniter.php(507): CodeIgniter\CodeIgniter->runController(Object(App\Controllers\VentasController))
#10 C:\xampp\htdocs\proyecto_esquenon_gomez\system\CodeIgniter.php(354): CodeIgniter\CodeIgniter->handleRequest(NULL, Object(Config\Cache), false)
#11 C:\xampp\htdocs\proyecto_esquenon_gomez\system\Boot.php(334): CodeIgniter\CodeIgniter->run()
#12 C:\xampp\htdocs\proyecto_esquenon_gomez\system\Boot.php(67): CodeIgniter\Boot::runCodeIgniter(Object(CodeIgniter\CodeIgniter))
#13 C:\xampp\htdocs\proyecto_esquenon_gomez\index.php(57): CodeIgniter\Boot::bootWeb(Object(Config\Paths))
#14 {main}
CRITICAL - 2025-06-17 23:57:03 --> CodeIgniter\Database\Exceptions\DatabaseException: Unknown column 'venta.usuario_id' in 'on clause'
[Method: GET, Route: ver_compra]
in SYSTEMPATH\Database\BaseConnection.php on line 692.
 1 SYSTEMPATH\Database\BaseBuilder.php(1649): CodeIgniter\Database\BaseConnection->query('SELECT `detalle_venta`.*, `productos`.`nombre_producto`, `venta`.`id_cliente`, `usuarios`.`nombre` AS `nombre_usuario`
FROM `detalle_venta`
JOIN `productos` ON `productos`.`id` = `detalle_venta`.`id_producto`
JOIN `venta` ON `venta`.`id_ventas` = `detalle_venta`.`venta_id`
JOIN `usuarios` ON `id_cliente` = `venta`.`usuario_id`', [], false)
 2 SYSTEMPATH\Model.php(286): CodeIgniter\Database\BaseBuilder->get()
 3 SYSTEMPATH\BaseModel.php(675): CodeIgniter\Model->doFindAll(0, 0)
 4 APPPATH\Models\Detalle_ventasModel.php(31): CodeIgniter\BaseModel->findAll()
 5 APPPATH\Controllers\VentasController.php(82): App\Models\Detalle_ventasModel->detallesProducto()
 6 SYSTEMPATH\CodeIgniter.php(933): App\Controllers\VentasController->ver_compra('$1')
 7 SYSTEMPATH\CodeIgniter.php(507): CodeIgniter\CodeIgniter->runController(Object(App\Controllers\VentasController))
 8 SYSTEMPATH\CodeIgniter.php(354): CodeIgniter\CodeIgniter->handleRequest(null, Object(Config\Cache), false)
 9 SYSTEMPATH\Boot.php(334): CodeIgniter\CodeIgniter->run()
10 SYSTEMPATH\Boot.php(67): CodeIgniter\Boot::runCodeIgniter(Object(CodeIgniter\CodeIgniter))
11 FCPATH\index.php(57): CodeIgniter\Boot::bootWeb(Object(Config\Paths))
CRITICAL - 2025-06-17 23:57:03 --> [Caused by] CodeIgniter\Database\Exceptions\DatabaseException: Unknown column 'venta.usuario_id' in 'on clause'
in SYSTEMPATH\Database\MySQLi\Connection.php on line 332.
 1 SYSTEMPATH\Database\BaseConnection.php(738): CodeIgniter\Database\MySQLi\Connection->execute('SELECT `detalle_venta`.*, `productos`.`nombre_producto`, `venta`.`id_cliente`, `usuarios`.`nombre` AS `nombre_usuario`
FROM `detalle_venta`
JOIN `productos` ON `productos`.`id` = `detalle_venta`.`id_producto`
JOIN `venta` ON `venta`.`id_ventas` = `detalle_venta`.`venta_id`
JOIN `usuarios` ON `id_cliente` = `venta`.`usuario_id`')
 2 SYSTEMPATH\Database\BaseConnection.php(652): CodeIgniter\Database\BaseConnection->simpleQuery('SELECT `detalle_venta`.*, `productos`.`nombre_producto`, `venta`.`id_cliente`, `usuarios`.`nombre` AS `nombre_usuario`
FROM `detalle_venta`
JOIN `productos` ON `productos`.`id` = `detalle_venta`.`id_producto`
JOIN `venta` ON `venta`.`id_ventas` = `detalle_venta`.`venta_id`
JOIN `usuarios` ON `id_cliente` = `venta`.`usuario_id`')
 3 SYSTEMPATH\Database\BaseBuilder.php(1649): CodeIgniter\Database\BaseConnection->query('SELECT `detalle_venta`.*, `productos`.`nombre_producto`, `venta`.`id_cliente`, `usuarios`.`nombre` AS `nombre_usuario`
FROM `detalle_venta`
JOIN `productos` ON `productos`.`id` = `detalle_venta`.`id_producto`
JOIN `venta` ON `venta`.`id_ventas` = `detalle_venta`.`venta_id`
JOIN `usuarios` ON `id_cliente` = `venta`.`usuario_id`', [], false)
 4 SYSTEMPATH\Model.php(286): CodeIgniter\Database\BaseBuilder->get()
 5 SYSTEMPATH\BaseModel.php(675): CodeIgniter\Model->doFindAll(0, 0)
 6 APPPATH\Models\Detalle_ventasModel.php(31): CodeIgniter\BaseModel->findAll()
 7 APPPATH\Controllers\VentasController.php(82): App\Models\Detalle_ventasModel->detallesProducto()
 8 SYSTEMPATH\CodeIgniter.php(933): App\Controllers\VentasController->ver_compra('$1')
 9 SYSTEMPATH\CodeIgniter.php(507): CodeIgniter\CodeIgniter->runController(Object(App\Controllers\VentasController))
10 SYSTEMPATH\CodeIgniter.php(354): CodeIgniter\CodeIgniter->handleRequest(null, Object(Config\Cache), false)
11 SYSTEMPATH\Boot.php(334): CodeIgniter\CodeIgniter->run()
12 SYSTEMPATH\Boot.php(67): CodeIgniter\Boot::runCodeIgniter(Object(CodeIgniter\CodeIgniter))
13 FCPATH\index.php(57): CodeIgniter\Boot::bootWeb(Object(Config\Paths))
CRITICAL - 2025-06-17 23:57:03 --> [Caused by] mysqli_sql_exception: Unknown column 'venta.usuario_id' in 'on clause'
in SYSTEMPATH\Database\MySQLi\Connection.php on line 327.
 1 SYSTEMPATH\Database\MySQLi\Connection.php(327): mysqli->query('SELECT `detalle_venta`.*, `productos`.`nombre_producto`, `venta`.`id_cliente`, `usuarios`.`nombre` AS `nombre_usuario`
FROM `detalle_venta`
JOIN `productos` ON `productos`.`id` = `detalle_venta`.`id_producto`
JOIN `venta` ON `venta`.`id_ventas` = `detalle_venta`.`venta_id`
JOIN `usuarios` ON `id_cliente` = `venta`.`usuario_id`', 0)
 2 SYSTEMPATH\Database\BaseConnection.php(738): CodeIgniter\Database\MySQLi\Connection->execute('SELECT `detalle_venta`.*, `productos`.`nombre_producto`, `venta`.`id_cliente`, `usuarios`.`nombre` AS `nombre_usuario`
FROM `detalle_venta`
JOIN `productos` ON `productos`.`id` = `detalle_venta`.`id_producto`
JOIN `venta` ON `venta`.`id_ventas` = `detalle_venta`.`venta_id`
JOIN `usuarios` ON `id_cliente` = `venta`.`usuario_id`')
 3 SYSTEMPATH\Database\BaseConnection.php(652): CodeIgniter\Database\BaseConnection->simpleQuery('SELECT `detalle_venta`.*, `productos`.`nombre_producto`, `venta`.`id_cliente`, `usuarios`.`nombre` AS `nombre_usuario`
FROM `detalle_venta`
JOIN `productos` ON `productos`.`id` = `detalle_venta`.`id_producto`
JOIN `venta` ON `venta`.`id_ventas` = `detalle_venta`.`venta_id`
JOIN `usuarios` ON `id_cliente` = `venta`.`usuario_id`')
 4 SYSTEMPATH\Database\BaseBuilder.php(1649): CodeIgniter\Database\BaseConnection->query('SELECT `detalle_venta`.*, `productos`.`nombre_producto`, `venta`.`id_cliente`, `usuarios`.`nombre` AS `nombre_usuario`
FROM `detalle_venta`
JOIN `productos` ON `productos`.`id` = `detalle_venta`.`id_producto`
JOIN `venta` ON `venta`.`id_ventas` = `detalle_venta`.`venta_id`
JOIN `usuarios` ON `id_cliente` = `venta`.`usuario_id`', [], false)
 5 SYSTEMPATH\Model.php(286): CodeIgniter\Database\BaseBuilder->get()
 6 SYSTEMPATH\BaseModel.php(675): CodeIgniter\Model->doFindAll(0, 0)
 7 APPPATH\Models\Detalle_ventasModel.php(31): CodeIgniter\BaseModel->findAll()
 8 APPPATH\Controllers\VentasController.php(82): App\Models\Detalle_ventasModel->detallesProducto()
 9 SYSTEMPATH\CodeIgniter.php(933): App\Controllers\VentasController->ver_compra('$1')
10 SYSTEMPATH\CodeIgniter.php(507): CodeIgniter\CodeIgniter->runController(Object(App\Controllers\VentasController))
11 SYSTEMPATH\CodeIgniter.php(354): CodeIgniter\CodeIgniter->handleRequest(null, Object(Config\Cache), false)
12 SYSTEMPATH\Boot.php(334): CodeIgniter\CodeIgniter->run()
13 SYSTEMPATH\Boot.php(67): CodeIgniter\Boot::runCodeIgniter(Object(CodeIgniter\CodeIgniter))
14 FCPATH\index.php(57): CodeIgniter\Boot::bootWeb(Object(Config\Paths))
DEBUG - 2025-06-17 23:57:19 --> Session: Class initialized using 'CodeIgniter\Session\Handlers\FileHandler' driver.
