CRITICAL - 2025-06-03 02:12:46 --> Error: Undefined constant "Config\App"
[Method: GET, Route: /]
in SYSTEMPATH\Config\Factories.php on line 235.
 1 SYSTEMPATH\Config\Factories.php(169): CodeIgniter\Config\Factories::createInstance('config', 'Config\\Filters', [])
 2 SYSTEMPATH\Config\Factories.php(188): CodeIgniter\Config\Factories::__callStatic('config', [])
 3 SYSTEMPATH\Common.php(210): CodeIgniter\Config\Factories::get('config', 'Config\\Filters')
 4 SYSTEMPATH\Config\Services.php(295): config('Config\\Filters')
 5 SYSTEMPATH\Config\BaseService.php(312): CodeIgniter\Config\Services::filters(null, false)
 6 SYSTEMPATH\Config\BaseService.php(251): CodeIgniter\Config\BaseService::__callStatic('filters', [...])
 7 SYSTEMPATH\Config\Services.php(292): CodeIgniter\Config\BaseService::getSharedInstance('filters', null)
 8 SYSTEMPATH\Config\BaseService.php(321): CodeIgniter\Config\Services::filters()
 9 SYSTEMPATH\CodeIgniter.php(345): CodeIgniter\Config\BaseService::__callStatic('filters', [])
10 SYSTEMPATH\Boot.php(334): CodeIgniter\CodeIgniter->run()
11 SYSTEMPATH\Boot.php(67): CodeIgniter\Boot::runCodeIgniter(Object(CodeIgniter\CodeIgniter))
12 FCPATH\index.php(57): CodeIgniter\Boot::bootWeb(Object(Config\Paths))
CRITICAL - 2025-06-03 02:12:46 --> Error: Undefined constant "Config\App"
[Method: GET, Route: /]
in SYSTEMPATH\Config\Factories.php on line 235.
 1 SYSTEMPATH\Config\Factories.php(169): CodeIgniter\Config\Factories::createInstance('config', 'Config\\Filters', [])
 2 SYSTEMPATH\Config\Factories.php(188): CodeIgniter\Config\Factories::__callStatic('config', [])
 3 SYSTEMPATH\Common.php(210): CodeIgniter\Config\Factories::get('config', 'Config\\Filters')
 4 SYSTEMPATH\Config\Services.php(295): config('Config\\Filters')
 5 SYSTEMPATH\Config\BaseService.php(312): CodeIgniter\Config\Services::filters(null, false)
 6 SYSTEMPATH\Config\BaseService.php(251): CodeIgniter\Config\BaseService::__callStatic('filters', [...])
 7 SYSTEMPATH\Config\Services.php(292): CodeIgniter\Config\BaseService::getSharedInstance('filters', null)
 8 SYSTEMPATH\Config\BaseService.php(321): CodeIgniter\Config\Services::filters()
 9 SYSTEMPATH\CodeIgniter.php(345): CodeIgniter\Config\BaseService::__callStatic('filters', [])
10 SYSTEMPATH\Boot.php(334): CodeIgniter\CodeIgniter->run()
11 SYSTEMPATH\Boot.php(67): CodeIgniter\Boot::runCodeIgniter(Object(CodeIgniter\CodeIgniter))
12 FCPATH\index.php(57): CodeIgniter\Boot::bootWeb(Object(Config\Paths))
DEBUG - 2025-06-03 02:13:15 --> Session: Class initialized using 'CodeIgniter\Session\Handlers\FileHandler' driver.
DEBUG - 2025-06-03 02:13:19 --> Session: Class initialized using 'CodeIgniter\Session\Handlers\FileHandler' driver.
DEBUG - 2025-06-03 02:14:36 --> Session: Class initialized using 'CodeIgniter\Session\Handlers\FileHandler' driver.
DEBUG - 2025-06-03 02:14:36 --> Session: Class initialized using 'CodeIgniter\Session\Handlers\FileHandler' driver.
DEBUG - 2025-06-03 02:14:53 --> Session: Class initialized using 'CodeIgniter\Session\Handlers\FileHandler' driver.
DEBUG - 2025-06-03 02:15:21 --> Session: Class initialized using 'CodeIgniter\Session\Handlers\FileHandler' driver.
DEBUG - 2025-06-03 02:15:21 --> Session: Class initialized using 'CodeIgniter\Session\Handlers\FileHandler' driver.
DEBUG - 2025-06-03 02:15:30 --> Session: Class initialized using 'CodeIgniter\Session\Handlers\FileHandler' driver.
DEBUG - 2025-06-03 02:15:47 --> Session: Class initialized using 'CodeIgniter\Session\Handlers\FileHandler' driver.
DEBUG - 2025-06-03 02:15:48 --> Session: Class initialized using 'CodeIgniter\Session\Handlers\FileHandler' driver.
