DEBUG - 2025-06-05 00:16:48 --> Session: Class initialized using 'CodeIgniter\Session\Handlers\FileHandler' driver.
DEBUG - 2025-06-05 00:18:09 --> Session: Class initialized using 'CodeIgniter\Session\Handlers\FileHandler' driver.
DEBUG - 2025-06-05 00:20:44 --> Session: Class initialized using 'CodeIgniter\Session\Handlers\FileHandler' driver.
DEBUG - 2025-06-05 00:26:27 --> Session: Class initialized using 'CodeIgniter\Session\Handlers\FileHandler' driver.
DEBUG - 2025-06-05 00:34:25 --> Session: Class initialized using 'CodeIgniter\Session\Handlers\FileHandler' driver.
DEBUG - 2025-06-05 00:35:36 --> Session: Class initialized using 'CodeIgniter\Session\Handlers\FileHandler' driver.
DEBUG - 2025-06-05 00:37:27 --> Session: Class initialized using 'CodeIgniter\Session\Handlers\FileHandler' driver.
DEBUG - 2025-06-05 13:00:38 --> Session: Class initialized using 'CodeIgniter\Session\Handlers\FileHandler' driver.
CRITICAL - 2025-06-05 13:15:09 --> Error: Call to undefined function setvalue()
[Method: GET, Route: altaProductos]
in APPPATH\Views\backend\admin\altaProductos.php on line 7.
 1 SYSTEMPATH\View\View.php(224): include()
 2 SYSTEMPATH\View\View.php(227): CodeIgniter\View\View->CodeIgniter\View\{closure}()
 3 SYSTEMPATH\Common.php(1173): CodeIgniter\View\View->render('backend/admin/altaProductos', [], true)
 4 APPPATH\Controllers\AdminController.php(36): view('backend/admin/altaProductos', [...])
 5 SYSTEMPATH\CodeIgniter.php(933): App\Controllers\AdminController->alta()
 6 SYSTEMPATH\CodeIgniter.php(507): CodeIgniter\CodeIgniter->runController(Object(App\Controllers\AdminController))
 7 SYSTEMPATH\CodeIgniter.php(354): CodeIgniter\CodeIgniter->handleRequest(null, Object(Config\Cache), false)
 8 SYSTEMPATH\Boot.php(334): CodeIgniter\CodeIgniter->run()
 9 SYSTEMPATH\Boot.php(67): CodeIgniter\Boot::runCodeIgniter(Object(CodeIgniter\CodeIgniter))
10 FCPATH\index.php(57): CodeIgniter\Boot::bootWeb(Object(Config\Paths))
DEBUG - 2025-06-05 13:23:20 --> Session: Class initialized using 'CodeIgniter\Session\Handlers\FileHandler' driver.
DEBUG - 2025-06-05 13:26:05 --> Session: Class initialized using 'CodeIgniter\Session\Handlers\FileHandler' driver.
DEBUG - 2025-06-05 13:29:35 --> Session: Class initialized using 'CodeIgniter\Session\Handlers\FileHandler' driver.
DEBUG - 2025-06-05 13:29:39 --> Session: Class initialized using 'CodeIgniter\Session\Handlers\FileHandler' driver.
DEBUG - 2025-06-05 13:39:33 --> Session: Class initialized using 'CodeIgniter\Session\Handlers\FileHandler' driver.
DEBUG - 2025-06-05 13:39:36 --> Session: Class initialized using 'CodeIgniter\Session\Handlers\FileHandler' driver.
DEBUG - 2025-06-05 13:39:36 --> Session: Class initialized using 'CodeIgniter\Session\Handlers\FileHandler' driver.
DEBUG - 2025-06-05 13:40:14 --> Session: Class initialized using 'CodeIgniter\Session\Handlers\FileHandler' driver.
DEBUG - 2025-06-05 13:40:17 --> Session: Class initialized using 'CodeIgniter\Session\Handlers\FileHandler' driver.
DEBUG - 2025-06-05 13:40:17 --> Session: Class initialized using 'CodeIgniter\Session\Handlers\FileHandler' driver.
DEBUG - 2025-06-05 13:55:44 --> Session: Class initialized using 'CodeIgniter\Session\Handlers\FileHandler' driver.
DEBUG - 2025-06-05 13:55:55 --> Session: Class initialized using 'CodeIgniter\Session\Handlers\FileHandler' driver.
DEBUG - 2025-06-05 13:55:55 --> Session: Class initialized using 'CodeIgniter\Session\Handlers\FileHandler' driver.
DEBUG - 2025-06-05 13:56:23 --> Session: Class initialized using 'CodeIgniter\Session\Handlers\FileHandler' driver.
DEBUG - 2025-06-05 13:56:24 --> Session: Class initialized using 'CodeIgniter\Session\Handlers\FileHandler' driver.
DEBUG - 2025-06-05 13:58:10 --> Session: Class initialized using 'CodeIgniter\Session\Handlers\FileHandler' driver.
DEBUG - 2025-06-05 13:58:39 --> Session: Class initialized using 'CodeIgniter\Session\Handlers\FileHandler' driver.
DEBUG - 2025-06-05 14:02:46 --> Session: Class initialized using 'CodeIgniter\Session\Handlers\FileHandler' driver.
DEBUG - 2025-06-05 14:03:09 --> Session: Class initialized using 'CodeIgniter\Session\Handlers\FileHandler' driver.
DEBUG - 2025-06-05 14:03:27 --> Session: Class initialized using 'CodeIgniter\Session\Handlers\FileHandler' driver.
CRITICAL - 2025-06-05 14:07:34 --> Error: Call to undefined function form()
[Method: GET, Route: altaProductos]
in APPPATH\Views\backend\admin\altaProductos.php on line 4.
 1 SYSTEMPATH\View\View.php(224): include()
 2 SYSTEMPATH\View\View.php(227): CodeIgniter\View\View->CodeIgniter\View\{closure}()
 3 SYSTEMPATH\Common.php(1173): CodeIgniter\View\View->render('backend/admin/altaProductos', [], true)
 4 APPPATH\Controllers\AdminController.php(36): view('backend/admin/altaProductos', [...])
 5 SYSTEMPATH\CodeIgniter.php(933): App\Controllers\AdminController->alta()
 6 SYSTEMPATH\CodeIgniter.php(507): CodeIgniter\CodeIgniter->runController(Object(App\Controllers\AdminController))
 7 SYSTEMPATH\CodeIgniter.php(354): CodeIgniter\CodeIgniter->handleRequest(null, Object(Config\Cache), false)
 8 SYSTEMPATH\Boot.php(334): CodeIgniter\CodeIgniter->run()
 9 SYSTEMPATH\Boot.php(67): CodeIgniter\Boot::runCodeIgniter(Object(CodeIgniter\CodeIgniter))
10 FCPATH\index.php(57): CodeIgniter\Boot::bootWeb(Object(Config\Paths))
DEBUG - 2025-06-05 14:08:04 --> Session: Class initialized using 'CodeIgniter\Session\Handlers\FileHandler' driver.
CRITICAL - 2025-06-05 14:11:38 --> ParseError: syntax error, unexpected token "(", expecting identifier or variable or "{" or "$"
[Method: POST, Route: guardar_producto]
in APPPATH\Controllers\AdminController.php on line 99.
 1 SYSTEMPATH\Autoloader\Autoloader.php(295): CodeIgniter\Autoloader\Autoloader->includeFile('C:\\xampp\\htdocs\\proyecto_esquenon_gomez\\app\\Controllers\\AdminController.php')
 2 SYSTEMPATH\Autoloader\Autoloader.php(271): CodeIgniter\Autoloader\Autoloader->loadInNamespace('App\\Controllers\\AdminController')
 3 [internal function]: CodeIgniter\Autoloader\Autoloader->loadClass('App\\Controllers\\AdminController')
 4 SYSTEMPATH\CodeIgniter.php(885): class_exists('\\App\\Controllers\\AdminController', true)
 5 SYSTEMPATH\CodeIgniter.php(494): CodeIgniter\CodeIgniter->startController()
 6 SYSTEMPATH\CodeIgniter.php(354): CodeIgniter\CodeIgniter->handleRequest(null, Object(Config\Cache), false)
 7 SYSTEMPATH\Boot.php(334): CodeIgniter\CodeIgniter->run()
 8 SYSTEMPATH\Boot.php(67): CodeIgniter\Boot::runCodeIgniter(Object(CodeIgniter\CodeIgniter))
 9 FCPATH\index.php(57): CodeIgniter\Boot::bootWeb(Object(Config\Paths))
CRITICAL - 2025-06-05 14:11:53 --> ParseError: syntax error, unexpected token "(", expecting identifier or variable or "{" or "$"
[Method: POST, Route: guardar_producto]
in APPPATH\Controllers\AdminController.php on line 99.
 1 SYSTEMPATH\Autoloader\Autoloader.php(295): CodeIgniter\Autoloader\Autoloader->includeFile('C:\\xampp\\htdocs\\proyecto_esquenon_gomez\\app\\Controllers\\AdminController.php')
 2 SYSTEMPATH\Autoloader\Autoloader.php(271): CodeIgniter\Autoloader\Autoloader->loadInNamespace('App\\Controllers\\AdminController')
 3 [internal function]: CodeIgniter\Autoloader\Autoloader->loadClass('App\\Controllers\\AdminController')
 4 SYSTEMPATH\CodeIgniter.php(885): class_exists('\\App\\Controllers\\AdminController', true)
 5 SYSTEMPATH\CodeIgniter.php(494): CodeIgniter\CodeIgniter->startController()
 6 SYSTEMPATH\CodeIgniter.php(354): CodeIgniter\CodeIgniter->handleRequest(null, Object(Config\Cache), false)
 7 SYSTEMPATH\Boot.php(334): CodeIgniter\CodeIgniter->run()
 8 SYSTEMPATH\Boot.php(67): CodeIgniter\Boot::runCodeIgniter(Object(CodeIgniter\CodeIgniter))
 9 FCPATH\index.php(57): CodeIgniter\Boot::bootWeb(Object(Config\Paths))
DEBUG - 2025-06-05 14:12:45 --> Session: Class initialized using 'CodeIgniter\Session\Handlers\FileHandler' driver.
DEBUG - 2025-06-05 14:12:50 --> Session: Class initialized using 'CodeIgniter\Session\Handlers\FileHandler' driver.
DEBUG - 2025-06-05 14:13:15 --> Session: Class initialized using 'CodeIgniter\Session\Handlers\FileHandler' driver.
CRITICAL - 2025-06-05 14:14:23 --> CodeIgniter\Exceptions\BadMethodCallException: Call to undefined method App\Models\ProductoModel::categorias
[Method: GET, Route: listadoProductos]
in SYSTEMPATH\Model.php on line 930.
 1 APPPATH\Controllers\AdminController.php(46): CodeIgniter\Model->__call('categorias', [])
 2 SYSTEMPATH\CodeIgniter.php(933): App\Controllers\AdminController->listaCompleta()
 3 SYSTEMPATH\CodeIgniter.php(507): CodeIgniter\CodeIgniter->runController(Object(App\Controllers\AdminController))
 4 SYSTEMPATH\CodeIgniter.php(354): CodeIgniter\CodeIgniter->handleRequest(null, Object(Config\Cache), false)
 5 SYSTEMPATH\Boot.php(334): CodeIgniter\CodeIgniter->run()
 6 SYSTEMPATH\Boot.php(67): CodeIgniter\Boot::runCodeIgniter(Object(CodeIgniter\CodeIgniter))
 7 FCPATH\index.php(57): CodeIgniter\Boot::bootWeb(Object(Config\Paths))
CRITICAL - 2025-06-05 14:15:38 --> CodeIgniter\Exceptions\BadMethodCallException: Call to undefined method App\Models\ProductoModel::categorias
[Method: GET, Route: listadoProductos]
in SYSTEMPATH\Model.php on line 930.
 1 APPPATH\Controllers\AdminController.php(46): CodeIgniter\Model->__call('categorias', [])
 2 SYSTEMPATH\CodeIgniter.php(933): App\Controllers\AdminController->listaCompleta()
 3 SYSTEMPATH\CodeIgniter.php(507): CodeIgniter\CodeIgniter->runController(Object(App\Controllers\AdminController))
 4 SYSTEMPATH\CodeIgniter.php(354): CodeIgniter\CodeIgniter->handleRequest(null, Object(Config\Cache), false)
 5 SYSTEMPATH\Boot.php(334): CodeIgniter\CodeIgniter->run()
 6 SYSTEMPATH\Boot.php(67): CodeIgniter\Boot::runCodeIgniter(Object(CodeIgniter\CodeIgniter))
 7 FCPATH\index.php(57): CodeIgniter\Boot::bootWeb(Object(Config\Paths))
CRITICAL - 2025-06-05 14:16:05 --> CodeIgniter\Exceptions\BadMethodCallException: Call to undefined method App\Models\ProductoModel::categorias
[Method: GET, Route: listadoProductos]
in SYSTEMPATH\Model.php on line 930.
 1 APPPATH\Controllers\AdminController.php(46): CodeIgniter\Model->__call('categorias', [])
 2 SYSTEMPATH\CodeIgniter.php(933): App\Controllers\AdminController->listaCompleta()
 3 SYSTEMPATH\CodeIgniter.php(507): CodeIgniter\CodeIgniter->runController(Object(App\Controllers\AdminController))
 4 SYSTEMPATH\CodeIgniter.php(354): CodeIgniter\CodeIgniter->handleRequest(null, Object(Config\Cache), false)
 5 SYSTEMPATH\Boot.php(334): CodeIgniter\CodeIgniter->run()
 6 SYSTEMPATH\Boot.php(67): CodeIgniter\Boot::runCodeIgniter(Object(CodeIgniter\CodeIgniter))
 7 FCPATH\index.php(57): CodeIgniter\Boot::bootWeb(Object(Config\Paths))
CRITICAL - 2025-06-05 14:16:08 --> CodeIgniter\Exceptions\BadMethodCallException: Call to undefined method App\Models\ProductoModel::categorias
[Method: GET, Route: listadoProductos]
in SYSTEMPATH\Model.php on line 930.
 1 APPPATH\Controllers\AdminController.php(46): CodeIgniter\Model->__call('categorias', [])
 2 SYSTEMPATH\CodeIgniter.php(933): App\Controllers\AdminController->listaCompleta()
 3 SYSTEMPATH\CodeIgniter.php(507): CodeIgniter\CodeIgniter->runController(Object(App\Controllers\AdminController))
 4 SYSTEMPATH\CodeIgniter.php(354): CodeIgniter\CodeIgniter->handleRequest(null, Object(Config\Cache), false)
 5 SYSTEMPATH\Boot.php(334): CodeIgniter\CodeIgniter->run()
 6 SYSTEMPATH\Boot.php(67): CodeIgniter\Boot::runCodeIgniter(Object(CodeIgniter\CodeIgniter))
 7 FCPATH\index.php(57): CodeIgniter\Boot::bootWeb(Object(Config\Paths))
CRITICAL - 2025-06-05 14:16:55 --> CodeIgniter\Exceptions\BadMethodCallException: Call to undefined method App\Models\ProductoModel::categorias
[Method: GET, Route: listadoProductos]
in SYSTEMPATH\Model.php on line 930.
 1 APPPATH\Controllers\AdminController.php(46): CodeIgniter\Model->__call('categorias', [])
 2 SYSTEMPATH\CodeIgniter.php(933): App\Controllers\AdminController->listaCompleta()
 3 SYSTEMPATH\CodeIgniter.php(507): CodeIgniter\CodeIgniter->runController(Object(App\Controllers\AdminController))
 4 SYSTEMPATH\CodeIgniter.php(354): CodeIgniter\CodeIgniter->handleRequest(null, Object(Config\Cache), false)
 5 SYSTEMPATH\Boot.php(334): CodeIgniter\CodeIgniter->run()
 6 SYSTEMPATH\Boot.php(67): CodeIgniter\Boot::runCodeIgniter(Object(CodeIgniter\CodeIgniter))
 7 FCPATH\index.php(57): CodeIgniter\Boot::bootWeb(Object(Config\Paths))
DEBUG - 2025-06-05 14:16:57 --> Session: Class initialized using 'CodeIgniter\Session\Handlers\FileHandler' driver.
CRITICAL - 2025-06-05 14:17:00 --> CodeIgniter\Exceptions\BadMethodCallException: Call to undefined method App\Models\ProductoModel::categorias
[Method: GET, Route: listadoProductos]
in SYSTEMPATH\Model.php on line 930.
 1 APPPATH\Controllers\AdminController.php(46): CodeIgniter\Model->__call('categorias', [])
 2 SYSTEMPATH\CodeIgniter.php(933): App\Controllers\AdminController->listaCompleta()
 3 SYSTEMPATH\CodeIgniter.php(507): CodeIgniter\CodeIgniter->runController(Object(App\Controllers\AdminController))
 4 SYSTEMPATH\CodeIgniter.php(354): CodeIgniter\CodeIgniter->handleRequest(null, Object(Config\Cache), false)
 5 SYSTEMPATH\Boot.php(334): CodeIgniter\CodeIgniter->run()
 6 SYSTEMPATH\Boot.php(67): CodeIgniter\Boot::runCodeIgniter(Object(CodeIgniter\CodeIgniter))
 7 FCPATH\index.php(57): CodeIgniter\Boot::bootWeb(Object(Config\Paths))
DEBUG - 2025-06-05 14:18:46 --> Session: Class initialized using 'CodeIgniter\Session\Handlers\FileHandler' driver.
DEBUG - 2025-06-05 14:18:50 --> Session: Class initialized using 'CodeIgniter\Session\Handlers\FileHandler' driver.
DEBUG - 2025-06-05 14:19:33 --> Session: Class initialized using 'CodeIgniter\Session\Handlers\FileHandler' driver.
DEBUG - 2025-06-05 14:20:02 --> Session: Class initialized using 'CodeIgniter\Session\Handlers\FileHandler' driver.
DEBUG - 2025-06-05 14:20:05 --> Session: Class initialized using 'CodeIgniter\Session\Handlers\FileHandler' driver.
DEBUG - 2025-06-05 14:20:08 --> Session: Class initialized using 'CodeIgniter\Session\Handlers\FileHandler' driver.
DEBUG - 2025-06-05 14:21:54 --> Session: Class initialized using 'CodeIgniter\Session\Handlers\FileHandler' driver.
CRITICAL - 2025-06-05 14:21:56 --> CodeIgniter\Exceptions\BadMethodCallException: Call to undefined method App\Models\ProductoModel::categorias
[Method: GET, Route: listadoProductos]
in SYSTEMPATH\Model.php on line 930.
 1 APPPATH\Controllers\AdminController.php(46): CodeIgniter\Model->__call('categorias', [])
 2 SYSTEMPATH\CodeIgniter.php(933): App\Controllers\AdminController->listaCompleta()
 3 SYSTEMPATH\CodeIgniter.php(507): CodeIgniter\CodeIgniter->runController(Object(App\Controllers\AdminController))
 4 SYSTEMPATH\CodeIgniter.php(354): CodeIgniter\CodeIgniter->handleRequest(null, Object(Config\Cache), false)
 5 SYSTEMPATH\Boot.php(334): CodeIgniter\CodeIgniter->run()
 6 SYSTEMPATH\Boot.php(67): CodeIgniter\Boot::runCodeIgniter(Object(CodeIgniter\CodeIgniter))
 7 FCPATH\index.php(57): CodeIgniter\Boot::bootWeb(Object(Config\Paths))
CRITICAL - 2025-06-05 14:30:13 --> ErrorException: Undefined array key "categoria_id.descripcion"
[Method: GET, Route: listadoProductos]
in APPPATH\Views\backend\admin\listadoProductos.php on line 13.
 1 APPPATH\Views\backend\admin\listadoProductos.php(13): CodeIgniter\Debug\Exceptions->errorHandler(2, 'Undefined array key "categoria_id.descripcion"', 'C:\\xampp\\htdocs\\proyecto_esquenon_gomez\\app\\Views\\backend\\admin\\listadoProductos.php', 13)
 2 SYSTEMPATH\View\View.php(224): include('C:\\xampp\\htdocs\\proyecto_esquenon_gomez\\app\\Views\\backend\\admin\\listadoProductos.php')
 3 SYSTEMPATH\View\View.php(227): CodeIgniter\View\View->CodeIgniter\View\{closure}()
 4 SYSTEMPATH\Common.php(1173): CodeIgniter\View\View->render('backend/admin/listadoProductos', [], true)
 5 APPPATH\Controllers\AdminController.php(49): view('backend/admin/listadoProductos', [...])
 6 SYSTEMPATH\CodeIgniter.php(933): App\Controllers\AdminController->listaCompleta()
 7 SYSTEMPATH\CodeIgniter.php(507): CodeIgniter\CodeIgniter->runController(Object(App\Controllers\AdminController))
 8 SYSTEMPATH\CodeIgniter.php(354): CodeIgniter\CodeIgniter->handleRequest(null, Object(Config\Cache), false)
 9 SYSTEMPATH\Boot.php(334): CodeIgniter\CodeIgniter->run()
10 SYSTEMPATH\Boot.php(67): CodeIgniter\Boot::runCodeIgniter(Object(CodeIgniter\CodeIgniter))
11 FCPATH\index.php(57): CodeIgniter\Boot::bootWeb(Object(Config\Paths))
DEBUG - 2025-06-05 14:32:38 --> Session: Class initialized using 'CodeIgniter\Session\Handlers\FileHandler' driver.
DEBUG - 2025-06-05 14:32:42 --> Session: Class initialized using 'CodeIgniter\Session\Handlers\FileHandler' driver.
DEBUG - 2025-06-05 14:36:34 --> Session: Class initialized using 'CodeIgniter\Session\Handlers\FileHandler' driver.
CRITICAL - 2025-06-05 14:36:43 --> Error: Call to a member function withRequest() on array
[Method: POST, Route: guardar_producto]
in APPPATH\Controllers\AdminController.php on line 79.
 1 SYSTEMPATH\CodeIgniter.php(933): App\Controllers\AdminController->guardar_producto()
 2 SYSTEMPATH\CodeIgniter.php(507): CodeIgniter\CodeIgniter->runController(Object(App\Controllers\AdminController))
 3 SYSTEMPATH\CodeIgniter.php(354): CodeIgniter\CodeIgniter->handleRequest(null, Object(Config\Cache), false)
 4 SYSTEMPATH\Boot.php(334): CodeIgniter\CodeIgniter->run()
 5 SYSTEMPATH\Boot.php(67): CodeIgniter\Boot::runCodeIgniter(Object(CodeIgniter\CodeIgniter))
 6 FCPATH\index.php(57): CodeIgniter\Boot::bootWeb(Object(Config\Paths))
CRITICAL - 2025-06-05 14:41:13 --> ParseError: syntax error, unexpected token ";", expecting ")"
[Method: POST, Route: guardar_producto]
in APPPATH\Controllers\AdminController.php on line 68.
 1 SYSTEMPATH\Autoloader\Autoloader.php(295): CodeIgniter\Autoloader\Autoloader->includeFile('C:\\xampp\\htdocs\\proyecto_esquenon_gomez\\app\\Controllers\\AdminController.php')
 2 SYSTEMPATH\Autoloader\Autoloader.php(271): CodeIgniter\Autoloader\Autoloader->loadInNamespace('App\\Controllers\\AdminController')
 3 [internal function]: CodeIgniter\Autoloader\Autoloader->loadClass('App\\Controllers\\AdminController')
 4 SYSTEMPATH\CodeIgniter.php(885): class_exists('\\App\\Controllers\\AdminController', true)
 5 SYSTEMPATH\CodeIgniter.php(494): CodeIgniter\CodeIgniter->startController()
 6 SYSTEMPATH\CodeIgniter.php(354): CodeIgniter\CodeIgniter->handleRequest(null, Object(Config\Cache), false)
 7 SYSTEMPATH\Boot.php(334): CodeIgniter\CodeIgniter->run()
 8 SYSTEMPATH\Boot.php(67): CodeIgniter\Boot::runCodeIgniter(Object(CodeIgniter\CodeIgniter))
 9 FCPATH\index.php(57): CodeIgniter\Boot::bootWeb(Object(Config\Paths))
CRITICAL - 2025-06-05 14:41:37 --> ParseError: syntax error, unexpected token "=>", expecting "]"
[Method: POST, Route: guardar_producto]
in APPPATH\Controllers\AdminController.php on line 71.
 1 SYSTEMPATH\Autoloader\Autoloader.php(295): CodeIgniter\Autoloader\Autoloader->includeFile('C:\\xampp\\htdocs\\proyecto_esquenon_gomez\\app\\Controllers\\AdminController.php')
 2 SYSTEMPATH\Autoloader\Autoloader.php(271): CodeIgniter\Autoloader\Autoloader->loadInNamespace('App\\Controllers\\AdminController')
 3 [internal function]: CodeIgniter\Autoloader\Autoloader->loadClass('App\\Controllers\\AdminController')
 4 SYSTEMPATH\CodeIgniter.php(885): class_exists('\\App\\Controllers\\AdminController', true)
 5 SYSTEMPATH\CodeIgniter.php(494): CodeIgniter\CodeIgniter->startController()
 6 SYSTEMPATH\CodeIgniter.php(354): CodeIgniter\CodeIgniter->handleRequest(null, Object(Config\Cache), false)
 7 SYSTEMPATH\Boot.php(334): CodeIgniter\CodeIgniter->run()
 8 SYSTEMPATH\Boot.php(67): CodeIgniter\Boot::runCodeIgniter(Object(CodeIgniter\CodeIgniter))
 9 FCPATH\index.php(57): CodeIgniter\Boot::bootWeb(Object(Config\Paths))
DEBUG - 2025-06-05 14:41:46 --> Session: Class initialized using 'CodeIgniter\Session\Handlers\FileHandler' driver.
DEBUG - 2025-06-05 14:41:50 --> Session: Class initialized using 'CodeIgniter\Session\Handlers\FileHandler' driver.
DEBUG - 2025-06-05 14:44:39 --> Session: Class initialized using 'CodeIgniter\Session\Handlers\FileHandler' driver.
DEBUG - 2025-06-05 14:44:42 --> Session: Class initialized using 'CodeIgniter\Session\Handlers\FileHandler' driver.
DEBUG - 2025-06-05 14:46:11 --> Session: Class initialized using 'CodeIgniter\Session\Handlers\FileHandler' driver.
CRITICAL - 2025-06-05 14:46:17 --> CodeIgniter\Exceptions\BadMethodCallException: Call to undefined method App\Models\ProductoModel::categorias
[Method: GET, Route: listarProductos]
in SYSTEMPATH\Model.php on line 930.
 1 APPPATH\Controllers\AdminController.php(17): CodeIgniter\Model->__call('categorias', [])
 2 SYSTEMPATH\CodeIgniter.php(933): App\Controllers\AdminController->lista()
 3 SYSTEMPATH\CodeIgniter.php(507): CodeIgniter\CodeIgniter->runController(Object(App\Controllers\AdminController))
 4 SYSTEMPATH\CodeIgniter.php(354): CodeIgniter\CodeIgniter->handleRequest(null, Object(Config\Cache), false)
 5 SYSTEMPATH\Boot.php(334): CodeIgniter\CodeIgniter->run()
 6 SYSTEMPATH\Boot.php(67): CodeIgniter\Boot::runCodeIgniter(Object(CodeIgniter\CodeIgniter))
 7 FCPATH\index.php(57): CodeIgniter\Boot::bootWeb(Object(Config\Paths))
DEBUG - 2025-06-05 14:55:50 --> Session: Class initialized using 'CodeIgniter\Session\Handlers\FileHandler' driver.
DEBUG - 2025-06-05 14:58:05 --> Session: Class initialized using 'CodeIgniter\Session\Handlers\FileHandler' driver.
DEBUG - 2025-06-05 14:58:53 --> Session: Class initialized using 'CodeIgniter\Session\Handlers\FileHandler' driver.
CRITICAL - 2025-06-05 14:59:55 --> CodeIgniter\Exceptions\BadMethodCallException: Call to undefined method App\Models\ProductoModel::categorias
[Method: GET, Route: listarProductos]
in SYSTEMPATH\Model.php on line 930.
 1 APPPATH\Controllers\AdminController.php(17): CodeIgniter\Model->__call('categorias', [])
 2 SYSTEMPATH\CodeIgniter.php(933): App\Controllers\AdminController->lista()
 3 SYSTEMPATH\CodeIgniter.php(507): CodeIgniter\CodeIgniter->runController(Object(App\Controllers\AdminController))
 4 SYSTEMPATH\CodeIgniter.php(354): CodeIgniter\CodeIgniter->handleRequest(null, Object(Config\Cache), false)
 5 SYSTEMPATH\Boot.php(334): CodeIgniter\CodeIgniter->run()
 6 SYSTEMPATH\Boot.php(67): CodeIgniter\Boot::runCodeIgniter(Object(CodeIgniter\CodeIgniter))
 7 FCPATH\index.php(57): CodeIgniter\Boot::bootWeb(Object(Config\Paths))
DEBUG - 2025-06-05 19:46:11 --> Session: Class initialized using 'CodeIgniter\Session\Handlers\FileHandler' driver.
DEBUG - 2025-06-05 19:50:19 --> Session: Class initialized using 'CodeIgniter\Session\Handlers\FileHandler' driver.
DEBUG - 2025-06-05 19:50:44 --> Session: Class initialized using 'CodeIgniter\Session\Handlers\FileHandler' driver.
DEBUG - 2025-06-05 19:50:52 --> Session: Class initialized using 'CodeIgniter\Session\Handlers\FileHandler' driver.
DEBUG - 2025-06-05 19:51:12 --> Session: Class initialized using 'CodeIgniter\Session\Handlers\FileHandler' driver.
DEBUG - 2025-06-05 19:54:51 --> Session: Class initialized using 'CodeIgniter\Session\Handlers\FileHandler' driver.
DEBUG - 2025-06-05 19:54:57 --> Session: Class initialized using 'CodeIgniter\Session\Handlers\FileHandler' driver.
DEBUG - 2025-06-05 19:58:09 --> Session: Class initialized using 'CodeIgniter\Session\Handlers\FileHandler' driver.
DEBUG - 2025-06-05 20:03:21 --> Session: Class initialized using 'CodeIgniter\Session\Handlers\FileHandler' driver.
DEBUG - 2025-06-05 20:03:48 --> Session: Class initialized using 'CodeIgniter\Session\Handlers\FileHandler' driver.
DEBUG - 2025-06-05 20:11:12 --> Session: Class initialized using 'CodeIgniter\Session\Handlers\FileHandler' driver.
DEBUG - 2025-06-05 20:11:49 --> Session: Class initialized using 'CodeIgniter\Session\Handlers\FileHandler' driver.
DEBUG - 2025-06-05 20:12:34 --> Session: Class initialized using 'CodeIgniter\Session\Handlers\FileHandler' driver.
DEBUG - 2025-06-05 20:19:31 --> Session: Class initialized using 'CodeIgniter\Session\Handlers\FileHandler' driver.
ERROR - 2025-06-05 20:20:13 --> mysqli_sql_exception: Duplicate entry '1' for key 'categoria_id' in C:\xampp\htdocs\proyecto_esquenon_gomez\system\Database\MySQLi\Connection.php:327
Stack trace:
#0 C:\xampp\htdocs\proyecto_esquenon_gomez\system\Database\MySQLi\Connection.php(327): mysqli->query('INSERT INTO `pr...', 0)
#1 C:\xampp\htdocs\proyecto_esquenon_gomez\system\Database\BaseConnection.php(738): CodeIgniter\Database\MySQLi\Connection->execute('INSERT INTO `pr...')
#2 C:\xampp\htdocs\proyecto_esquenon_gomez\system\Database\BaseConnection.php(652): CodeIgniter\Database\BaseConnection->simpleQuery('INSERT INTO `pr...')
#3 C:\xampp\htdocs\proyecto_esquenon_gomez\system\Database\BaseBuilder.php(2345): CodeIgniter\Database\BaseConnection->query('INSERT INTO `pr...', Array, false)
#4 C:\xampp\htdocs\proyecto_esquenon_gomez\system\Model.php(394): CodeIgniter\Database\BaseBuilder->insert()
#5 C:\xampp\htdocs\proyecto_esquenon_gomez\system\BaseModel.php(839): CodeIgniter\Model->doInsert(Array)
#6 C:\xampp\htdocs\proyecto_esquenon_gomez\system\Model.php(800): CodeIgniter\BaseModel->insert(Array, true)
#7 C:\xampp\htdocs\proyecto_esquenon_gomez\app\Controllers\AdminController.php(135): CodeIgniter\Model->insert(Array)
#8 C:\xampp\htdocs\proyecto_esquenon_gomez\system\CodeIgniter.php(933): App\Controllers\AdminController->guardar_producto()
#9 C:\xampp\htdocs\proyecto_esquenon_gomez\system\CodeIgniter.php(507): CodeIgniter\CodeIgniter->runController(Object(App\Controllers\AdminController))
#10 C:\xampp\htdocs\proyecto_esquenon_gomez\system\CodeIgniter.php(354): CodeIgniter\CodeIgniter->handleRequest(NULL, Object(Config\Cache), false)
#11 C:\xampp\htdocs\proyecto_esquenon_gomez\system\Boot.php(334): CodeIgniter\CodeIgniter->run()
#12 C:\xampp\htdocs\proyecto_esquenon_gomez\system\Boot.php(67): CodeIgniter\Boot::runCodeIgniter(Object(CodeIgniter\CodeIgniter))
#13 C:\xampp\htdocs\proyecto_esquenon_gomez\index.php(57): CodeIgniter\Boot::bootWeb(Object(Config\Paths))
#14 {main}
CRITICAL - 2025-06-05 20:20:13 --> CodeIgniter\Database\Exceptions\DatabaseException: Duplicate entry '1' for key 'categoria_id'
[Method: POST, Route: guardar_producto]
in SYSTEMPATH\Database\BaseConnection.php on line 692.
 1 SYSTEMPATH\Database\BaseBuilder.php(2345): CodeIgniter\Database\BaseConnection->query('INSERT INTO `productos` (`nombre_producto`, `imagen_producto`, `categoria_id`, `subcategoria_id`, `precio`, `marca`, `stock`, `descripcion`) VALUES (:nombre_producto:, :imagen_producto:, :categoria_id:, :subcategoria_id:, :precio:, :marca:, :stock:, :descripcion:)', [...], false)
 2 SYSTEMPATH\Model.php(394): CodeIgniter\Database\BaseBuilder->insert()
 3 SYSTEMPATH\BaseModel.php(839): CodeIgniter\Model->doInsert([...])
 4 SYSTEMPATH\Model.php(800): CodeIgniter\BaseModel->insert([...], true)
 5 APPPATH\Controllers\AdminController.php(135): CodeIgniter\Model->insert([...])
 6 SYSTEMPATH\CodeIgniter.php(933): App\Controllers\AdminController->guardar_producto()
 7 SYSTEMPATH\CodeIgniter.php(507): CodeIgniter\CodeIgniter->runController(Object(App\Controllers\AdminController))
 8 SYSTEMPATH\CodeIgniter.php(354): CodeIgniter\CodeIgniter->handleRequest(null, Object(Config\Cache), false)
 9 SYSTEMPATH\Boot.php(334): CodeIgniter\CodeIgniter->run()
10 SYSTEMPATH\Boot.php(67): CodeIgniter\Boot::runCodeIgniter(Object(CodeIgniter\CodeIgniter))
11 FCPATH\index.php(57): CodeIgniter\Boot::bootWeb(Object(Config\Paths))
CRITICAL - 2025-06-05 20:20:13 --> [Caused by] CodeIgniter\Database\Exceptions\DatabaseException: Duplicate entry '1' for key 'categoria_id'
in SYSTEMPATH\Database\MySQLi\Connection.php on line 332.
 1 SYSTEMPATH\Database\BaseConnection.php(738): CodeIgniter\Database\MySQLi\Connection->execute('INSERT INTO `productos` (`nombre_producto`, `imagen_producto`, `categoria_id`, `subcategoria_id`, `precio`, `marca`, `stock`, `descripcion`) VALUES (\'Auto\', \'assets/img/1749154813_284d072e29c78bc26411.png\', \'1\', \'5\', \'123\', \'Samsung\', \'34\', \'Anda _)\')')
 2 SYSTEMPATH\Database\BaseConnection.php(652): CodeIgniter\Database\BaseConnection->simpleQuery('INSERT INTO `productos` (`nombre_producto`, `imagen_producto`, `categoria_id`, `subcategoria_id`, `precio`, `marca`, `stock`, `descripcion`) VALUES (\'Auto\', \'assets/img/1749154813_284d072e29c78bc26411.png\', \'1\', \'5\', \'123\', \'Samsung\', \'34\', \'Anda _)\')')
 3 SYSTEMPATH\Database\BaseBuilder.php(2345): CodeIgniter\Database\BaseConnection->query('INSERT INTO `productos` (`nombre_producto`, `imagen_producto`, `categoria_id`, `subcategoria_id`, `precio`, `marca`, `stock`, `descripcion`) VALUES (:nombre_producto:, :imagen_producto:, :categoria_id:, :subcategoria_id:, :precio:, :marca:, :stock:, :descripcion:)', [...], false)
 4 SYSTEMPATH\Model.php(394): CodeIgniter\Database\BaseBuilder->insert()
 5 SYSTEMPATH\BaseModel.php(839): CodeIgniter\Model->doInsert([...])
 6 SYSTEMPATH\Model.php(800): CodeIgniter\BaseModel->insert([...], true)
 7 APPPATH\Controllers\AdminController.php(135): CodeIgniter\Model->insert([...])
 8 SYSTEMPATH\CodeIgniter.php(933): App\Controllers\AdminController->guardar_producto()
 9 SYSTEMPATH\CodeIgniter.php(507): CodeIgniter\CodeIgniter->runController(Object(App\Controllers\AdminController))
10 SYSTEMPATH\CodeIgniter.php(354): CodeIgniter\CodeIgniter->handleRequest(null, Object(Config\Cache), false)
11 SYSTEMPATH\Boot.php(334): CodeIgniter\CodeIgniter->run()
12 SYSTEMPATH\Boot.php(67): CodeIgniter\Boot::runCodeIgniter(Object(CodeIgniter\CodeIgniter))
13 FCPATH\index.php(57): CodeIgniter\Boot::bootWeb(Object(Config\Paths))
CRITICAL - 2025-06-05 20:20:13 --> [Caused by] mysqli_sql_exception: Duplicate entry '1' for key 'categoria_id'
in SYSTEMPATH\Database\MySQLi\Connection.php on line 327.
 1 SYSTEMPATH\Database\MySQLi\Connection.php(327): mysqli->query('INSERT INTO `productos` (`nombre_producto`, `imagen_producto`, `categoria_id`, `subcategoria_id`, `precio`, `marca`, `stock`, `descripcion`) VALUES (\'Auto\', \'assets/img/1749154813_284d072e29c78bc26411.png\', \'1\', \'5\', \'123\', \'Samsung\', \'34\', \'Anda _)\')', 0)
 2 SYSTEMPATH\Database\BaseConnection.php(738): CodeIgniter\Database\MySQLi\Connection->execute('INSERT INTO `productos` (`nombre_producto`, `imagen_producto`, `categoria_id`, `subcategoria_id`, `precio`, `marca`, `stock`, `descripcion`) VALUES (\'Auto\', \'assets/img/1749154813_284d072e29c78bc26411.png\', \'1\', \'5\', \'123\', \'Samsung\', \'34\', \'Anda _)\')')
 3 SYSTEMPATH\Database\BaseConnection.php(652): CodeIgniter\Database\BaseConnection->simpleQuery('INSERT INTO `productos` (`nombre_producto`, `imagen_producto`, `categoria_id`, `subcategoria_id`, `precio`, `marca`, `stock`, `descripcion`) VALUES (\'Auto\', \'assets/img/1749154813_284d072e29c78bc26411.png\', \'1\', \'5\', \'123\', \'Samsung\', \'34\', \'Anda _)\')')
 4 SYSTEMPATH\Database\BaseBuilder.php(2345): CodeIgniter\Database\BaseConnection->query('INSERT INTO `productos` (`nombre_producto`, `imagen_producto`, `categoria_id`, `subcategoria_id`, `precio`, `marca`, `stock`, `descripcion`) VALUES (:nombre_producto:, :imagen_producto:, :categoria_id:, :subcategoria_id:, :precio:, :marca:, :stock:, :descripcion:)', [...], false)
 5 SYSTEMPATH\Model.php(394): CodeIgniter\Database\BaseBuilder->insert()
 6 SYSTEMPATH\BaseModel.php(839): CodeIgniter\Model->doInsert([...])
 7 SYSTEMPATH\Model.php(800): CodeIgniter\BaseModel->insert([...], true)
 8 APPPATH\Controllers\AdminController.php(135): CodeIgniter\Model->insert([...])
 9 SYSTEMPATH\CodeIgniter.php(933): App\Controllers\AdminController->guardar_producto()
10 SYSTEMPATH\CodeIgniter.php(507): CodeIgniter\CodeIgniter->runController(Object(App\Controllers\AdminController))
11 SYSTEMPATH\CodeIgniter.php(354): CodeIgniter\CodeIgniter->handleRequest(null, Object(Config\Cache), false)
12 SYSTEMPATH\Boot.php(334): CodeIgniter\CodeIgniter->run()
13 SYSTEMPATH\Boot.php(67): CodeIgniter\Boot::runCodeIgniter(Object(CodeIgniter\CodeIgniter))
14 FCPATH\index.php(57): CodeIgniter\Boot::bootWeb(Object(Config\Paths))
ERROR - 2025-06-05 20:24:07 --> mysqli_sql_exception: Duplicate entry '1' for key 'categoria_id' in C:\xampp\htdocs\proyecto_esquenon_gomez\system\Database\MySQLi\Connection.php:327
Stack trace:
#0 C:\xampp\htdocs\proyecto_esquenon_gomez\system\Database\MySQLi\Connection.php(327): mysqli->query('INSERT INTO `pr...', 0)
#1 C:\xampp\htdocs\proyecto_esquenon_gomez\system\Database\BaseConnection.php(738): CodeIgniter\Database\MySQLi\Connection->execute('INSERT INTO `pr...')
#2 C:\xampp\htdocs\proyecto_esquenon_gomez\system\Database\BaseConnection.php(652): CodeIgniter\Database\BaseConnection->simpleQuery('INSERT INTO `pr...')
#3 C:\xampp\htdocs\proyecto_esquenon_gomez\system\Database\BaseBuilder.php(2345): CodeIgniter\Database\BaseConnection->query('INSERT INTO `pr...', Array, false)
#4 C:\xampp\htdocs\proyecto_esquenon_gomez\system\Model.php(394): CodeIgniter\Database\BaseBuilder->insert()
#5 C:\xampp\htdocs\proyecto_esquenon_gomez\system\BaseModel.php(839): CodeIgniter\Model->doInsert(Array)
#6 C:\xampp\htdocs\proyecto_esquenon_gomez\system\Model.php(800): CodeIgniter\BaseModel->insert(Array, true)
#7 C:\xampp\htdocs\proyecto_esquenon_gomez\app\Controllers\AdminController.php(135): CodeIgniter\Model->insert(Array)
#8 C:\xampp\htdocs\proyecto_esquenon_gomez\system\CodeIgniter.php(933): App\Controllers\AdminController->guardar_producto()
#9 C:\xampp\htdocs\proyecto_esquenon_gomez\system\CodeIgniter.php(507): CodeIgniter\CodeIgniter->runController(Object(App\Controllers\AdminController))
#10 C:\xampp\htdocs\proyecto_esquenon_gomez\system\CodeIgniter.php(354): CodeIgniter\CodeIgniter->handleRequest(NULL, Object(Config\Cache), false)
#11 C:\xampp\htdocs\proyecto_esquenon_gomez\system\Boot.php(334): CodeIgniter\CodeIgniter->run()
#12 C:\xampp\htdocs\proyecto_esquenon_gomez\system\Boot.php(67): CodeIgniter\Boot::runCodeIgniter(Object(CodeIgniter\CodeIgniter))
#13 C:\xampp\htdocs\proyecto_esquenon_gomez\index.php(57): CodeIgniter\Boot::bootWeb(Object(Config\Paths))
#14 {main}
CRITICAL - 2025-06-05 20:24:07 --> CodeIgniter\Database\Exceptions\DatabaseException: Duplicate entry '1' for key 'categoria_id'
[Method: POST, Route: guardar_producto]
in SYSTEMPATH\Database\BaseConnection.php on line 692.
 1 SYSTEMPATH\Database\BaseBuilder.php(2345): CodeIgniter\Database\BaseConnection->query('INSERT INTO `productos` (`nombre_producto`, `imagen_producto`, `categoria_id`, `subcategoria_id`, `precio`, `marca`, `stock`, `descripcion`) VALUES (:nombre_producto:, :imagen_producto:, :categoria_id:, :subcategoria_id:, :precio:, :marca:, :stock:, :descripcion:)', [...], false)
 2 SYSTEMPATH\Model.php(394): CodeIgniter\Database\BaseBuilder->insert()
 3 SYSTEMPATH\BaseModel.php(839): CodeIgniter\Model->doInsert([...])
 4 SYSTEMPATH\Model.php(800): CodeIgniter\BaseModel->insert([...], true)
 5 APPPATH\Controllers\AdminController.php(135): CodeIgniter\Model->insert([...])
 6 SYSTEMPATH\CodeIgniter.php(933): App\Controllers\AdminController->guardar_producto()
 7 SYSTEMPATH\CodeIgniter.php(507): CodeIgniter\CodeIgniter->runController(Object(App\Controllers\AdminController))
 8 SYSTEMPATH\CodeIgniter.php(354): CodeIgniter\CodeIgniter->handleRequest(null, Object(Config\Cache), false)
 9 SYSTEMPATH\Boot.php(334): CodeIgniter\CodeIgniter->run()
10 SYSTEMPATH\Boot.php(67): CodeIgniter\Boot::runCodeIgniter(Object(CodeIgniter\CodeIgniter))
11 FCPATH\index.php(57): CodeIgniter\Boot::bootWeb(Object(Config\Paths))
CRITICAL - 2025-06-05 20:24:07 --> [Caused by] CodeIgniter\Database\Exceptions\DatabaseException: Duplicate entry '1' for key 'categoria_id'
in SYSTEMPATH\Database\MySQLi\Connection.php on line 332.
 1 SYSTEMPATH\Database\BaseConnection.php(738): CodeIgniter\Database\MySQLi\Connection->execute('INSERT INTO `productos` (`nombre_producto`, `imagen_producto`, `categoria_id`, `subcategoria_id`, `precio`, `marca`, `stock`, `descripcion`) VALUES (\'Auto\', \'assets/img/1749155047_70a8ce918cb808264a68.png\', \'1\', \'5\', \'123\', \'Samsung\', \'34\', \'Anda _)\')')
 2 SYSTEMPATH\Database\BaseConnection.php(652): CodeIgniter\Database\BaseConnection->simpleQuery('INSERT INTO `productos` (`nombre_producto`, `imagen_producto`, `categoria_id`, `subcategoria_id`, `precio`, `marca`, `stock`, `descripcion`) VALUES (\'Auto\', \'assets/img/1749155047_70a8ce918cb808264a68.png\', \'1\', \'5\', \'123\', \'Samsung\', \'34\', \'Anda _)\')')
 3 SYSTEMPATH\Database\BaseBuilder.php(2345): CodeIgniter\Database\BaseConnection->query('INSERT INTO `productos` (`nombre_producto`, `imagen_producto`, `categoria_id`, `subcategoria_id`, `precio`, `marca`, `stock`, `descripcion`) VALUES (:nombre_producto:, :imagen_producto:, :categoria_id:, :subcategoria_id:, :precio:, :marca:, :stock:, :descripcion:)', [...], false)
 4 SYSTEMPATH\Model.php(394): CodeIgniter\Database\BaseBuilder->insert()
 5 SYSTEMPATH\BaseModel.php(839): CodeIgniter\Model->doInsert([...])
 6 SYSTEMPATH\Model.php(800): CodeIgniter\BaseModel->insert([...], true)
 7 APPPATH\Controllers\AdminController.php(135): CodeIgniter\Model->insert([...])
 8 SYSTEMPATH\CodeIgniter.php(933): App\Controllers\AdminController->guardar_producto()
 9 SYSTEMPATH\CodeIgniter.php(507): CodeIgniter\CodeIgniter->runController(Object(App\Controllers\AdminController))
10 SYSTEMPATH\CodeIgniter.php(354): CodeIgniter\CodeIgniter->handleRequest(null, Object(Config\Cache), false)
11 SYSTEMPATH\Boot.php(334): CodeIgniter\CodeIgniter->run()
12 SYSTEMPATH\Boot.php(67): CodeIgniter\Boot::runCodeIgniter(Object(CodeIgniter\CodeIgniter))
13 FCPATH\index.php(57): CodeIgniter\Boot::bootWeb(Object(Config\Paths))
CRITICAL - 2025-06-05 20:24:07 --> [Caused by] mysqli_sql_exception: Duplicate entry '1' for key 'categoria_id'
in SYSTEMPATH\Database\MySQLi\Connection.php on line 327.
 1 SYSTEMPATH\Database\MySQLi\Connection.php(327): mysqli->query('INSERT INTO `productos` (`nombre_producto`, `imagen_producto`, `categoria_id`, `subcategoria_id`, `precio`, `marca`, `stock`, `descripcion`) VALUES (\'Auto\', \'assets/img/1749155047_70a8ce918cb808264a68.png\', \'1\', \'5\', \'123\', \'Samsung\', \'34\', \'Anda _)\')', 0)
 2 SYSTEMPATH\Database\BaseConnection.php(738): CodeIgniter\Database\MySQLi\Connection->execute('INSERT INTO `productos` (`nombre_producto`, `imagen_producto`, `categoria_id`, `subcategoria_id`, `precio`, `marca`, `stock`, `descripcion`) VALUES (\'Auto\', \'assets/img/1749155047_70a8ce918cb808264a68.png\', \'1\', \'5\', \'123\', \'Samsung\', \'34\', \'Anda _)\')')
 3 SYSTEMPATH\Database\BaseConnection.php(652): CodeIgniter\Database\BaseConnection->simpleQuery('INSERT INTO `productos` (`nombre_producto`, `imagen_producto`, `categoria_id`, `subcategoria_id`, `precio`, `marca`, `stock`, `descripcion`) VALUES (\'Auto\', \'assets/img/1749155047_70a8ce918cb808264a68.png\', \'1\', \'5\', \'123\', \'Samsung\', \'34\', \'Anda _)\')')
 4 SYSTEMPATH\Database\BaseBuilder.php(2345): CodeIgniter\Database\BaseConnection->query('INSERT INTO `productos` (`nombre_producto`, `imagen_producto`, `categoria_id`, `subcategoria_id`, `precio`, `marca`, `stock`, `descripcion`) VALUES (:nombre_producto:, :imagen_producto:, :categoria_id:, :subcategoria_id:, :precio:, :marca:, :stock:, :descripcion:)', [...], false)
 5 SYSTEMPATH\Model.php(394): CodeIgniter\Database\BaseBuilder->insert()
 6 SYSTEMPATH\BaseModel.php(839): CodeIgniter\Model->doInsert([...])
 7 SYSTEMPATH\Model.php(800): CodeIgniter\BaseModel->insert([...], true)
 8 APPPATH\Controllers\AdminController.php(135): CodeIgniter\Model->insert([...])
 9 SYSTEMPATH\CodeIgniter.php(933): App\Controllers\AdminController->guardar_producto()
10 SYSTEMPATH\CodeIgniter.php(507): CodeIgniter\CodeIgniter->runController(Object(App\Controllers\AdminController))
11 SYSTEMPATH\CodeIgniter.php(354): CodeIgniter\CodeIgniter->handleRequest(null, Object(Config\Cache), false)
12 SYSTEMPATH\Boot.php(334): CodeIgniter\CodeIgniter->run()
13 SYSTEMPATH\Boot.php(67): CodeIgniter\Boot::runCodeIgniter(Object(CodeIgniter\CodeIgniter))
14 FCPATH\index.php(57): CodeIgniter\Boot::bootWeb(Object(Config\Paths))
DEBUG - 2025-06-05 20:24:10 --> Session: Class initialized using 'CodeIgniter\Session\Handlers\FileHandler' driver.
ERROR - 2025-06-05 20:24:12 --> mysqli_sql_exception: Duplicate entry '1' for key 'categoria_id' in C:\xampp\htdocs\proyecto_esquenon_gomez\system\Database\MySQLi\Connection.php:327
Stack trace:
#0 C:\xampp\htdocs\proyecto_esquenon_gomez\system\Database\MySQLi\Connection.php(327): mysqli->query('INSERT INTO `pr...', 0)
#1 C:\xampp\htdocs\proyecto_esquenon_gomez\system\Database\BaseConnection.php(738): CodeIgniter\Database\MySQLi\Connection->execute('INSERT INTO `pr...')
#2 C:\xampp\htdocs\proyecto_esquenon_gomez\system\Database\BaseConnection.php(652): CodeIgniter\Database\BaseConnection->simpleQuery('INSERT INTO `pr...')
#3 C:\xampp\htdocs\proyecto_esquenon_gomez\system\Database\BaseBuilder.php(2345): CodeIgniter\Database\BaseConnection->query('INSERT INTO `pr...', Array, false)
#4 C:\xampp\htdocs\proyecto_esquenon_gomez\system\Model.php(394): CodeIgniter\Database\BaseBuilder->insert()
#5 C:\xampp\htdocs\proyecto_esquenon_gomez\system\BaseModel.php(839): CodeIgniter\Model->doInsert(Array)
#6 C:\xampp\htdocs\proyecto_esquenon_gomez\system\Model.php(800): CodeIgniter\BaseModel->insert(Array, true)
#7 C:\xampp\htdocs\proyecto_esquenon_gomez\app\Controllers\AdminController.php(135): CodeIgniter\Model->insert(Array)
#8 C:\xampp\htdocs\proyecto_esquenon_gomez\system\CodeIgniter.php(933): App\Controllers\AdminController->guardar_producto()
#9 C:\xampp\htdocs\proyecto_esquenon_gomez\system\CodeIgniter.php(507): CodeIgniter\CodeIgniter->runController(Object(App\Controllers\AdminController))
#10 C:\xampp\htdocs\proyecto_esquenon_gomez\system\CodeIgniter.php(354): CodeIgniter\CodeIgniter->handleRequest(NULL, Object(Config\Cache), false)
#11 C:\xampp\htdocs\proyecto_esquenon_gomez\system\Boot.php(334): CodeIgniter\CodeIgniter->run()
#12 C:\xampp\htdocs\proyecto_esquenon_gomez\system\Boot.php(67): CodeIgniter\Boot::runCodeIgniter(Object(CodeIgniter\CodeIgniter))
#13 C:\xampp\htdocs\proyecto_esquenon_gomez\index.php(57): CodeIgniter\Boot::bootWeb(Object(Config\Paths))
#14 {main}
CRITICAL - 2025-06-05 20:24:12 --> CodeIgniter\Database\Exceptions\DatabaseException: Duplicate entry '1' for key 'categoria_id'
[Method: POST, Route: guardar_producto]
in SYSTEMPATH\Database\BaseConnection.php on line 692.
 1 SYSTEMPATH\Database\BaseBuilder.php(2345): CodeIgniter\Database\BaseConnection->query('INSERT INTO `productos` (`nombre_producto`, `imagen_producto`, `categoria_id`, `subcategoria_id`, `precio`, `marca`, `stock`, `descripcion`) VALUES (:nombre_producto:, :imagen_producto:, :categoria_id:, :subcategoria_id:, :precio:, :marca:, :stock:, :descripcion:)', [...], false)
 2 SYSTEMPATH\Model.php(394): CodeIgniter\Database\BaseBuilder->insert()
 3 SYSTEMPATH\BaseModel.php(839): CodeIgniter\Model->doInsert([...])
 4 SYSTEMPATH\Model.php(800): CodeIgniter\BaseModel->insert([...], true)
 5 APPPATH\Controllers\AdminController.php(135): CodeIgniter\Model->insert([...])
 6 SYSTEMPATH\CodeIgniter.php(933): App\Controllers\AdminController->guardar_producto()
 7 SYSTEMPATH\CodeIgniter.php(507): CodeIgniter\CodeIgniter->runController(Object(App\Controllers\AdminController))
 8 SYSTEMPATH\CodeIgniter.php(354): CodeIgniter\CodeIgniter->handleRequest(null, Object(Config\Cache), false)
 9 SYSTEMPATH\Boot.php(334): CodeIgniter\CodeIgniter->run()
10 SYSTEMPATH\Boot.php(67): CodeIgniter\Boot::runCodeIgniter(Object(CodeIgniter\CodeIgniter))
11 FCPATH\index.php(57): CodeIgniter\Boot::bootWeb(Object(Config\Paths))
CRITICAL - 2025-06-05 20:24:12 --> [Caused by] CodeIgniter\Database\Exceptions\DatabaseException: Duplicate entry '1' for key 'categoria_id'
in SYSTEMPATH\Database\MySQLi\Connection.php on line 332.
 1 SYSTEMPATH\Database\BaseConnection.php(738): CodeIgniter\Database\MySQLi\Connection->execute('INSERT INTO `productos` (`nombre_producto`, `imagen_producto`, `categoria_id`, `subcategoria_id`, `precio`, `marca`, `stock`, `descripcion`) VALUES (\'Auto\', \'assets/img/1749155052_62ae48b5902daa1d95d6.png\', \'1\', \'5\', \'123\', \'Samsung\', \'34\', \'Anda _)\')')
 2 SYSTEMPATH\Database\BaseConnection.php(652): CodeIgniter\Database\BaseConnection->simpleQuery('INSERT INTO `productos` (`nombre_producto`, `imagen_producto`, `categoria_id`, `subcategoria_id`, `precio`, `marca`, `stock`, `descripcion`) VALUES (\'Auto\', \'assets/img/1749155052_62ae48b5902daa1d95d6.png\', \'1\', \'5\', \'123\', \'Samsung\', \'34\', \'Anda _)\')')
 3 SYSTEMPATH\Database\BaseBuilder.php(2345): CodeIgniter\Database\BaseConnection->query('INSERT INTO `productos` (`nombre_producto`, `imagen_producto`, `categoria_id`, `subcategoria_id`, `precio`, `marca`, `stock`, `descripcion`) VALUES (:nombre_producto:, :imagen_producto:, :categoria_id:, :subcategoria_id:, :precio:, :marca:, :stock:, :descripcion:)', [...], false)
 4 SYSTEMPATH\Model.php(394): CodeIgniter\Database\BaseBuilder->insert()
 5 SYSTEMPATH\BaseModel.php(839): CodeIgniter\Model->doInsert([...])
 6 SYSTEMPATH\Model.php(800): CodeIgniter\BaseModel->insert([...], true)
 7 APPPATH\Controllers\AdminController.php(135): CodeIgniter\Model->insert([...])
 8 SYSTEMPATH\CodeIgniter.php(933): App\Controllers\AdminController->guardar_producto()
 9 SYSTEMPATH\CodeIgniter.php(507): CodeIgniter\CodeIgniter->runController(Object(App\Controllers\AdminController))
10 SYSTEMPATH\CodeIgniter.php(354): CodeIgniter\CodeIgniter->handleRequest(null, Object(Config\Cache), false)
11 SYSTEMPATH\Boot.php(334): CodeIgniter\CodeIgniter->run()
12 SYSTEMPATH\Boot.php(67): CodeIgniter\Boot::runCodeIgniter(Object(CodeIgniter\CodeIgniter))
13 FCPATH\index.php(57): CodeIgniter\Boot::bootWeb(Object(Config\Paths))
CRITICAL - 2025-06-05 20:24:12 --> [Caused by] mysqli_sql_exception: Duplicate entry '1' for key 'categoria_id'
in SYSTEMPATH\Database\MySQLi\Connection.php on line 327.
 1 SYSTEMPATH\Database\MySQLi\Connection.php(327): mysqli->query('INSERT INTO `productos` (`nombre_producto`, `imagen_producto`, `categoria_id`, `subcategoria_id`, `precio`, `marca`, `stock`, `descripcion`) VALUES (\'Auto\', \'assets/img/1749155052_62ae48b5902daa1d95d6.png\', \'1\', \'5\', \'123\', \'Samsung\', \'34\', \'Anda _)\')', 0)
 2 SYSTEMPATH\Database\BaseConnection.php(738): CodeIgniter\Database\MySQLi\Connection->execute('INSERT INTO `productos` (`nombre_producto`, `imagen_producto`, `categoria_id`, `subcategoria_id`, `precio`, `marca`, `stock`, `descripcion`) VALUES (\'Auto\', \'assets/img/1749155052_62ae48b5902daa1d95d6.png\', \'1\', \'5\', \'123\', \'Samsung\', \'34\', \'Anda _)\')')
 3 SYSTEMPATH\Database\BaseConnection.php(652): CodeIgniter\Database\BaseConnection->simpleQuery('INSERT INTO `productos` (`nombre_producto`, `imagen_producto`, `categoria_id`, `subcategoria_id`, `precio`, `marca`, `stock`, `descripcion`) VALUES (\'Auto\', \'assets/img/1749155052_62ae48b5902daa1d95d6.png\', \'1\', \'5\', \'123\', \'Samsung\', \'34\', \'Anda _)\')')
 4 SYSTEMPATH\Database\BaseBuilder.php(2345): CodeIgniter\Database\BaseConnection->query('INSERT INTO `productos` (`nombre_producto`, `imagen_producto`, `categoria_id`, `subcategoria_id`, `precio`, `marca`, `stock`, `descripcion`) VALUES (:nombre_producto:, :imagen_producto:, :categoria_id:, :subcategoria_id:, :precio:, :marca:, :stock:, :descripcion:)', [...], false)
 5 SYSTEMPATH\Model.php(394): CodeIgniter\Database\BaseBuilder->insert()
 6 SYSTEMPATH\BaseModel.php(839): CodeIgniter\Model->doInsert([...])
 7 SYSTEMPATH\Model.php(800): CodeIgniter\BaseModel->insert([...], true)
 8 APPPATH\Controllers\AdminController.php(135): CodeIgniter\Model->insert([...])
 9 SYSTEMPATH\CodeIgniter.php(933): App\Controllers\AdminController->guardar_producto()
10 SYSTEMPATH\CodeIgniter.php(507): CodeIgniter\CodeIgniter->runController(Object(App\Controllers\AdminController))
11 SYSTEMPATH\CodeIgniter.php(354): CodeIgniter\CodeIgniter->handleRequest(null, Object(Config\Cache), false)
12 SYSTEMPATH\Boot.php(334): CodeIgniter\CodeIgniter->run()
13 SYSTEMPATH\Boot.php(67): CodeIgniter\Boot::runCodeIgniter(Object(CodeIgniter\CodeIgniter))
14 FCPATH\index.php(57): CodeIgniter\Boot::bootWeb(Object(Config\Paths))
DEBUG - 2025-06-05 20:24:15 --> Session: Class initialized using 'CodeIgniter\Session\Handlers\FileHandler' driver.
ERROR - 2025-06-05 20:26:51 --> mysqli_sql_exception: Duplicate entry '1' for key 'categoria_id' in C:\xampp\htdocs\proyecto_esquenon_gomez\system\Database\MySQLi\Connection.php:327
Stack trace:
#0 C:\xampp\htdocs\proyecto_esquenon_gomez\system\Database\MySQLi\Connection.php(327): mysqli->query('INSERT INTO `pr...', 0)
#1 C:\xampp\htdocs\proyecto_esquenon_gomez\system\Database\BaseConnection.php(738): CodeIgniter\Database\MySQLi\Connection->execute('INSERT INTO `pr...')
#2 C:\xampp\htdocs\proyecto_esquenon_gomez\system\Database\BaseConnection.php(652): CodeIgniter\Database\BaseConnection->simpleQuery('INSERT INTO `pr...')
#3 C:\xampp\htdocs\proyecto_esquenon_gomez\system\Database\BaseBuilder.php(2345): CodeIgniter\Database\BaseConnection->query('INSERT INTO `pr...', Array, false)
#4 C:\xampp\htdocs\proyecto_esquenon_gomez\system\Model.php(394): CodeIgniter\Database\BaseBuilder->insert()
#5 C:\xampp\htdocs\proyecto_esquenon_gomez\system\BaseModel.php(839): CodeIgniter\Model->doInsert(Array)
#6 C:\xampp\htdocs\proyecto_esquenon_gomez\system\Model.php(800): CodeIgniter\BaseModel->insert(Array, true)
#7 C:\xampp\htdocs\proyecto_esquenon_gomez\app\Controllers\AdminController.php(135): CodeIgniter\Model->insert(Array)
#8 C:\xampp\htdocs\proyecto_esquenon_gomez\system\CodeIgniter.php(933): App\Controllers\AdminController->guardar_producto()
#9 C:\xampp\htdocs\proyecto_esquenon_gomez\system\CodeIgniter.php(507): CodeIgniter\CodeIgniter->runController(Object(App\Controllers\AdminController))
#10 C:\xampp\htdocs\proyecto_esquenon_gomez\system\CodeIgniter.php(354): CodeIgniter\CodeIgniter->handleRequest(NULL, Object(Config\Cache), false)
#11 C:\xampp\htdocs\proyecto_esquenon_gomez\system\Boot.php(334): CodeIgniter\CodeIgniter->run()
#12 C:\xampp\htdocs\proyecto_esquenon_gomez\system\Boot.php(67): CodeIgniter\Boot::runCodeIgniter(Object(CodeIgniter\CodeIgniter))
#13 C:\xampp\htdocs\proyecto_esquenon_gomez\index.php(57): CodeIgniter\Boot::bootWeb(Object(Config\Paths))
#14 {main}
CRITICAL - 2025-06-05 20:26:51 --> CodeIgniter\Database\Exceptions\DatabaseException: Duplicate entry '1' for key 'categoria_id'
[Method: POST, Route: guardar_producto]
in SYSTEMPATH\Database\BaseConnection.php on line 692.
 1 SYSTEMPATH\Database\BaseBuilder.php(2345): CodeIgniter\Database\BaseConnection->query('INSERT INTO `productos` (`nombre_producto`, `imagen_producto`, `categoria_id`, `subcategoria_id`, `precio`, `marca`, `stock`, `descripcion`) VALUES (:nombre_producto:, :imagen_producto:, :categoria_id:, :subcategoria_id:, :precio:, :marca:, :stock:, :descripcion:)', [...], false)
 2 SYSTEMPATH\Model.php(394): CodeIgniter\Database\BaseBuilder->insert()
 3 SYSTEMPATH\BaseModel.php(839): CodeIgniter\Model->doInsert([...])
 4 SYSTEMPATH\Model.php(800): CodeIgniter\BaseModel->insert([...], true)
 5 APPPATH\Controllers\AdminController.php(135): CodeIgniter\Model->insert([...])
 6 SYSTEMPATH\CodeIgniter.php(933): App\Controllers\AdminController->guardar_producto()
 7 SYSTEMPATH\CodeIgniter.php(507): CodeIgniter\CodeIgniter->runController(Object(App\Controllers\AdminController))
 8 SYSTEMPATH\CodeIgniter.php(354): CodeIgniter\CodeIgniter->handleRequest(null, Object(Config\Cache), false)
 9 SYSTEMPATH\Boot.php(334): CodeIgniter\CodeIgniter->run()
10 SYSTEMPATH\Boot.php(67): CodeIgniter\Boot::runCodeIgniter(Object(CodeIgniter\CodeIgniter))
11 FCPATH\index.php(57): CodeIgniter\Boot::bootWeb(Object(Config\Paths))
CRITICAL - 2025-06-05 20:26:51 --> [Caused by] CodeIgniter\Database\Exceptions\DatabaseException: Duplicate entry '1' for key 'categoria_id'
in SYSTEMPATH\Database\MySQLi\Connection.php on line 332.
 1 SYSTEMPATH\Database\BaseConnection.php(738): CodeIgniter\Database\MySQLi\Connection->execute('INSERT INTO `productos` (`nombre_producto`, `imagen_producto`, `categoria_id`, `subcategoria_id`, `precio`, `marca`, `stock`, `descripcion`) VALUES (\'Auto\', \'assets/img/1749155211_3bcac18fdf30b126549b.png\', \'1\', \'5\', \'123\', \'Samsung\', \'34\', \'Anda _)\')')
 2 SYSTEMPATH\Database\BaseConnection.php(652): CodeIgniter\Database\BaseConnection->simpleQuery('INSERT INTO `productos` (`nombre_producto`, `imagen_producto`, `categoria_id`, `subcategoria_id`, `precio`, `marca`, `stock`, `descripcion`) VALUES (\'Auto\', \'assets/img/1749155211_3bcac18fdf30b126549b.png\', \'1\', \'5\', \'123\', \'Samsung\', \'34\', \'Anda _)\')')
 3 SYSTEMPATH\Database\BaseBuilder.php(2345): CodeIgniter\Database\BaseConnection->query('INSERT INTO `productos` (`nombre_producto`, `imagen_producto`, `categoria_id`, `subcategoria_id`, `precio`, `marca`, `stock`, `descripcion`) VALUES (:nombre_producto:, :imagen_producto:, :categoria_id:, :subcategoria_id:, :precio:, :marca:, :stock:, :descripcion:)', [...], false)
 4 SYSTEMPATH\Model.php(394): CodeIgniter\Database\BaseBuilder->insert()
 5 SYSTEMPATH\BaseModel.php(839): CodeIgniter\Model->doInsert([...])
 6 SYSTEMPATH\Model.php(800): CodeIgniter\BaseModel->insert([...], true)
 7 APPPATH\Controllers\AdminController.php(135): CodeIgniter\Model->insert([...])
 8 SYSTEMPATH\CodeIgniter.php(933): App\Controllers\AdminController->guardar_producto()
 9 SYSTEMPATH\CodeIgniter.php(507): CodeIgniter\CodeIgniter->runController(Object(App\Controllers\AdminController))
10 SYSTEMPATH\CodeIgniter.php(354): CodeIgniter\CodeIgniter->handleRequest(null, Object(Config\Cache), false)
11 SYSTEMPATH\Boot.php(334): CodeIgniter\CodeIgniter->run()
12 SYSTEMPATH\Boot.php(67): CodeIgniter\Boot::runCodeIgniter(Object(CodeIgniter\CodeIgniter))
13 FCPATH\index.php(57): CodeIgniter\Boot::bootWeb(Object(Config\Paths))
CRITICAL - 2025-06-05 20:26:51 --> [Caused by] mysqli_sql_exception: Duplicate entry '1' for key 'categoria_id'
in SYSTEMPATH\Database\MySQLi\Connection.php on line 327.
 1 SYSTEMPATH\Database\MySQLi\Connection.php(327): mysqli->query('INSERT INTO `productos` (`nombre_producto`, `imagen_producto`, `categoria_id`, `subcategoria_id`, `precio`, `marca`, `stock`, `descripcion`) VALUES (\'Auto\', \'assets/img/1749155211_3bcac18fdf30b126549b.png\', \'1\', \'5\', \'123\', \'Samsung\', \'34\', \'Anda _)\')', 0)
 2 SYSTEMPATH\Database\BaseConnection.php(738): CodeIgniter\Database\MySQLi\Connection->execute('INSERT INTO `productos` (`nombre_producto`, `imagen_producto`, `categoria_id`, `subcategoria_id`, `precio`, `marca`, `stock`, `descripcion`) VALUES (\'Auto\', \'assets/img/1749155211_3bcac18fdf30b126549b.png\', \'1\', \'5\', \'123\', \'Samsung\', \'34\', \'Anda _)\')')
 3 SYSTEMPATH\Database\BaseConnection.php(652): CodeIgniter\Database\BaseConnection->simpleQuery('INSERT INTO `productos` (`nombre_producto`, `imagen_producto`, `categoria_id`, `subcategoria_id`, `precio`, `marca`, `stock`, `descripcion`) VALUES (\'Auto\', \'assets/img/1749155211_3bcac18fdf30b126549b.png\', \'1\', \'5\', \'123\', \'Samsung\', \'34\', \'Anda _)\')')
 4 SYSTEMPATH\Database\BaseBuilder.php(2345): CodeIgniter\Database\BaseConnection->query('INSERT INTO `productos` (`nombre_producto`, `imagen_producto`, `categoria_id`, `subcategoria_id`, `precio`, `marca`, `stock`, `descripcion`) VALUES (:nombre_producto:, :imagen_producto:, :categoria_id:, :subcategoria_id:, :precio:, :marca:, :stock:, :descripcion:)', [...], false)
 5 SYSTEMPATH\Model.php(394): CodeIgniter\Database\BaseBuilder->insert()
 6 SYSTEMPATH\BaseModel.php(839): CodeIgniter\Model->doInsert([...])
 7 SYSTEMPATH\Model.php(800): CodeIgniter\BaseModel->insert([...], true)
 8 APPPATH\Controllers\AdminController.php(135): CodeIgniter\Model->insert([...])
 9 SYSTEMPATH\CodeIgniter.php(933): App\Controllers\AdminController->guardar_producto()
10 SYSTEMPATH\CodeIgniter.php(507): CodeIgniter\CodeIgniter->runController(Object(App\Controllers\AdminController))
11 SYSTEMPATH\CodeIgniter.php(354): CodeIgniter\CodeIgniter->handleRequest(null, Object(Config\Cache), false)
12 SYSTEMPATH\Boot.php(334): CodeIgniter\CodeIgniter->run()
13 SYSTEMPATH\Boot.php(67): CodeIgniter\Boot::runCodeIgniter(Object(CodeIgniter\CodeIgniter))
14 FCPATH\index.php(57): CodeIgniter\Boot::bootWeb(Object(Config\Paths))
DEBUG - 2025-06-05 20:28:39 --> Session: Class initialized using 'CodeIgniter\Session\Handlers\FileHandler' driver.
ERROR - 2025-06-05 20:28:50 --> mysqli_sql_exception: Duplicate entry '1' for key 'categoria_id' in C:\xampp\htdocs\proyecto_esquenon_gomez\system\Database\MySQLi\Connection.php:327
Stack trace:
#0 C:\xampp\htdocs\proyecto_esquenon_gomez\system\Database\MySQLi\Connection.php(327): mysqli->query('INSERT INTO `pr...', 0)
#1 C:\xampp\htdocs\proyecto_esquenon_gomez\system\Database\BaseConnection.php(738): CodeIgniter\Database\MySQLi\Connection->execute('INSERT INTO `pr...')
#2 C:\xampp\htdocs\proyecto_esquenon_gomez\system\Database\BaseConnection.php(652): CodeIgniter\Database\BaseConnection->simpleQuery('INSERT INTO `pr...')
#3 C:\xampp\htdocs\proyecto_esquenon_gomez\system\Database\BaseBuilder.php(2345): CodeIgniter\Database\BaseConnection->query('INSERT INTO `pr...', Array, false)
#4 C:\xampp\htdocs\proyecto_esquenon_gomez\system\Model.php(394): CodeIgniter\Database\BaseBuilder->insert()
#5 C:\xampp\htdocs\proyecto_esquenon_gomez\system\BaseModel.php(839): CodeIgniter\Model->doInsert(Array)
#6 C:\xampp\htdocs\proyecto_esquenon_gomez\system\Model.php(800): CodeIgniter\BaseModel->insert(Array, true)
#7 C:\xampp\htdocs\proyecto_esquenon_gomez\app\Controllers\AdminController.php(135): CodeIgniter\Model->insert(Array)
#8 C:\xampp\htdocs\proyecto_esquenon_gomez\system\CodeIgniter.php(933): App\Controllers\AdminController->guardar_producto()
#9 C:\xampp\htdocs\proyecto_esquenon_gomez\system\CodeIgniter.php(507): CodeIgniter\CodeIgniter->runController(Object(App\Controllers\AdminController))
#10 C:\xampp\htdocs\proyecto_esquenon_gomez\system\CodeIgniter.php(354): CodeIgniter\CodeIgniter->handleRequest(NULL, Object(Config\Cache), false)
#11 C:\xampp\htdocs\proyecto_esquenon_gomez\system\Boot.php(334): CodeIgniter\CodeIgniter->run()
#12 C:\xampp\htdocs\proyecto_esquenon_gomez\system\Boot.php(67): CodeIgniter\Boot::runCodeIgniter(Object(CodeIgniter\CodeIgniter))
#13 C:\xampp\htdocs\proyecto_esquenon_gomez\index.php(57): CodeIgniter\Boot::bootWeb(Object(Config\Paths))
#14 {main}
CRITICAL - 2025-06-05 20:28:50 --> CodeIgniter\Database\Exceptions\DatabaseException: Duplicate entry '1' for key 'categoria_id'
[Method: POST, Route: guardar_producto]
in SYSTEMPATH\Database\BaseConnection.php on line 692.
 1 SYSTEMPATH\Database\BaseBuilder.php(2345): CodeIgniter\Database\BaseConnection->query('INSERT INTO `productos` (`nombre_producto`, `imagen_producto`, `categoria_id`, `subcategoria_id`, `precio`, `marca`, `stock`, `descripcion`) VALUES (:nombre_producto:, :imagen_producto:, :categoria_id:, :subcategoria_id:, :precio:, :marca:, :stock:, :descripcion:)', [...], false)
 2 SYSTEMPATH\Model.php(394): CodeIgniter\Database\BaseBuilder->insert()
 3 SYSTEMPATH\BaseModel.php(839): CodeIgniter\Model->doInsert([...])
 4 SYSTEMPATH\Model.php(800): CodeIgniter\BaseModel->insert([...], true)
 5 APPPATH\Controllers\AdminController.php(135): CodeIgniter\Model->insert([...])
 6 SYSTEMPATH\CodeIgniter.php(933): App\Controllers\AdminController->guardar_producto()
 7 SYSTEMPATH\CodeIgniter.php(507): CodeIgniter\CodeIgniter->runController(Object(App\Controllers\AdminController))
 8 SYSTEMPATH\CodeIgniter.php(354): CodeIgniter\CodeIgniter->handleRequest(null, Object(Config\Cache), false)
 9 SYSTEMPATH\Boot.php(334): CodeIgniter\CodeIgniter->run()
10 SYSTEMPATH\Boot.php(67): CodeIgniter\Boot::runCodeIgniter(Object(CodeIgniter\CodeIgniter))
11 FCPATH\index.php(57): CodeIgniter\Boot::bootWeb(Object(Config\Paths))
CRITICAL - 2025-06-05 20:28:50 --> [Caused by] CodeIgniter\Database\Exceptions\DatabaseException: Duplicate entry '1' for key 'categoria_id'
in SYSTEMPATH\Database\MySQLi\Connection.php on line 332.
 1 SYSTEMPATH\Database\BaseConnection.php(738): CodeIgniter\Database\MySQLi\Connection->execute('INSERT INTO `productos` (`nombre_producto`, `imagen_producto`, `categoria_id`, `subcategoria_id`, `precio`, `marca`, `stock`, `descripcion`) VALUES (\'Auto\', \'assets/img/1749155330_d8510a493cab27699018.png\', \'1\', \'5\', \'123\', \'Samsung\', \'34\', \'Anda _)\')')
 2 SYSTEMPATH\Database\BaseConnection.php(652): CodeIgniter\Database\BaseConnection->simpleQuery('INSERT INTO `productos` (`nombre_producto`, `imagen_producto`, `categoria_id`, `subcategoria_id`, `precio`, `marca`, `stock`, `descripcion`) VALUES (\'Auto\', \'assets/img/1749155330_d8510a493cab27699018.png\', \'1\', \'5\', \'123\', \'Samsung\', \'34\', \'Anda _)\')')
 3 SYSTEMPATH\Database\BaseBuilder.php(2345): CodeIgniter\Database\BaseConnection->query('INSERT INTO `productos` (`nombre_producto`, `imagen_producto`, `categoria_id`, `subcategoria_id`, `precio`, `marca`, `stock`, `descripcion`) VALUES (:nombre_producto:, :imagen_producto:, :categoria_id:, :subcategoria_id:, :precio:, :marca:, :stock:, :descripcion:)', [...], false)
 4 SYSTEMPATH\Model.php(394): CodeIgniter\Database\BaseBuilder->insert()
 5 SYSTEMPATH\BaseModel.php(839): CodeIgniter\Model->doInsert([...])
 6 SYSTEMPATH\Model.php(800): CodeIgniter\BaseModel->insert([...], true)
 7 APPPATH\Controllers\AdminController.php(135): CodeIgniter\Model->insert([...])
 8 SYSTEMPATH\CodeIgniter.php(933): App\Controllers\AdminController->guardar_producto()
 9 SYSTEMPATH\CodeIgniter.php(507): CodeIgniter\CodeIgniter->runController(Object(App\Controllers\AdminController))
10 SYSTEMPATH\CodeIgniter.php(354): CodeIgniter\CodeIgniter->handleRequest(null, Object(Config\Cache), false)
11 SYSTEMPATH\Boot.php(334): CodeIgniter\CodeIgniter->run()
12 SYSTEMPATH\Boot.php(67): CodeIgniter\Boot::runCodeIgniter(Object(CodeIgniter\CodeIgniter))
13 FCPATH\index.php(57): CodeIgniter\Boot::bootWeb(Object(Config\Paths))
CRITICAL - 2025-06-05 20:28:50 --> [Caused by] mysqli_sql_exception: Duplicate entry '1' for key 'categoria_id'
in SYSTEMPATH\Database\MySQLi\Connection.php on line 327.
 1 SYSTEMPATH\Database\MySQLi\Connection.php(327): mysqli->query('INSERT INTO `productos` (`nombre_producto`, `imagen_producto`, `categoria_id`, `subcategoria_id`, `precio`, `marca`, `stock`, `descripcion`) VALUES (\'Auto\', \'assets/img/1749155330_d8510a493cab27699018.png\', \'1\', \'5\', \'123\', \'Samsung\', \'34\', \'Anda _)\')', 0)
 2 SYSTEMPATH\Database\BaseConnection.php(738): CodeIgniter\Database\MySQLi\Connection->execute('INSERT INTO `productos` (`nombre_producto`, `imagen_producto`, `categoria_id`, `subcategoria_id`, `precio`, `marca`, `stock`, `descripcion`) VALUES (\'Auto\', \'assets/img/1749155330_d8510a493cab27699018.png\', \'1\', \'5\', \'123\', \'Samsung\', \'34\', \'Anda _)\')')
 3 SYSTEMPATH\Database\BaseConnection.php(652): CodeIgniter\Database\BaseConnection->simpleQuery('INSERT INTO `productos` (`nombre_producto`, `imagen_producto`, `categoria_id`, `subcategoria_id`, `precio`, `marca`, `stock`, `descripcion`) VALUES (\'Auto\', \'assets/img/1749155330_d8510a493cab27699018.png\', \'1\', \'5\', \'123\', \'Samsung\', \'34\', \'Anda _)\')')
 4 SYSTEMPATH\Database\BaseBuilder.php(2345): CodeIgniter\Database\BaseConnection->query('INSERT INTO `productos` (`nombre_producto`, `imagen_producto`, `categoria_id`, `subcategoria_id`, `precio`, `marca`, `stock`, `descripcion`) VALUES (:nombre_producto:, :imagen_producto:, :categoria_id:, :subcategoria_id:, :precio:, :marca:, :stock:, :descripcion:)', [...], false)
 5 SYSTEMPATH\Model.php(394): CodeIgniter\Database\BaseBuilder->insert()
 6 SYSTEMPATH\BaseModel.php(839): CodeIgniter\Model->doInsert([...])
 7 SYSTEMPATH\Model.php(800): CodeIgniter\BaseModel->insert([...], true)
 8 APPPATH\Controllers\AdminController.php(135): CodeIgniter\Model->insert([...])
 9 SYSTEMPATH\CodeIgniter.php(933): App\Controllers\AdminController->guardar_producto()
10 SYSTEMPATH\CodeIgniter.php(507): CodeIgniter\CodeIgniter->runController(Object(App\Controllers\AdminController))
11 SYSTEMPATH\CodeIgniter.php(354): CodeIgniter\CodeIgniter->handleRequest(null, Object(Config\Cache), false)
12 SYSTEMPATH\Boot.php(334): CodeIgniter\CodeIgniter->run()
13 SYSTEMPATH\Boot.php(67): CodeIgniter\Boot::runCodeIgniter(Object(CodeIgniter\CodeIgniter))
14 FCPATH\index.php(57): CodeIgniter\Boot::bootWeb(Object(Config\Paths))
ERROR - 2025-06-05 20:42:37 --> mysqli_sql_exception: Duplicate entry '1' for key 'categoria_id' in C:\xampp\htdocs\proyecto_esquenon_gomez\system\Database\MySQLi\Connection.php:327
Stack trace:
#0 C:\xampp\htdocs\proyecto_esquenon_gomez\system\Database\MySQLi\Connection.php(327): mysqli->query('INSERT INTO `pr...', 0)
#1 C:\xampp\htdocs\proyecto_esquenon_gomez\system\Database\BaseConnection.php(738): CodeIgniter\Database\MySQLi\Connection->execute('INSERT INTO `pr...')
#2 C:\xampp\htdocs\proyecto_esquenon_gomez\system\Database\BaseConnection.php(652): CodeIgniter\Database\BaseConnection->simpleQuery('INSERT INTO `pr...')
#3 C:\xampp\htdocs\proyecto_esquenon_gomez\system\Database\BaseBuilder.php(2345): CodeIgniter\Database\BaseConnection->query('INSERT INTO `pr...', Array, false)
#4 C:\xampp\htdocs\proyecto_esquenon_gomez\system\Model.php(394): CodeIgniter\Database\BaseBuilder->insert()
#5 C:\xampp\htdocs\proyecto_esquenon_gomez\system\BaseModel.php(839): CodeIgniter\Model->doInsert(Array)
#6 C:\xampp\htdocs\proyecto_esquenon_gomez\system\Model.php(800): CodeIgniter\BaseModel->insert(Array, true)
#7 C:\xampp\htdocs\proyecto_esquenon_gomez\app\Controllers\AdminController.php(135): CodeIgniter\Model->insert(Array)
#8 C:\xampp\htdocs\proyecto_esquenon_gomez\system\CodeIgniter.php(933): App\Controllers\AdminController->guardar_producto()
#9 C:\xampp\htdocs\proyecto_esquenon_gomez\system\CodeIgniter.php(507): CodeIgniter\CodeIgniter->runController(Object(App\Controllers\AdminController))
#10 C:\xampp\htdocs\proyecto_esquenon_gomez\system\CodeIgniter.php(354): CodeIgniter\CodeIgniter->handleRequest(NULL, Object(Config\Cache), false)
#11 C:\xampp\htdocs\proyecto_esquenon_gomez\system\Boot.php(334): CodeIgniter\CodeIgniter->run()
#12 C:\xampp\htdocs\proyecto_esquenon_gomez\system\Boot.php(67): CodeIgniter\Boot::runCodeIgniter(Object(CodeIgniter\CodeIgniter))
#13 C:\xampp\htdocs\proyecto_esquenon_gomez\index.php(57): CodeIgniter\Boot::bootWeb(Object(Config\Paths))
#14 {main}
CRITICAL - 2025-06-05 20:42:37 --> CodeIgniter\Database\Exceptions\DatabaseException: Duplicate entry '1' for key 'categoria_id'
[Method: POST, Route: guardar_producto]
in SYSTEMPATH\Database\BaseConnection.php on line 692.
 1 SYSTEMPATH\Database\BaseBuilder.php(2345): CodeIgniter\Database\BaseConnection->query('INSERT INTO `productos` (`nombre_producto`, `imagen_producto`, `categoria_id`, `subcategoria_id`, `precio`, `marca`, `stock`, `descripcion`) VALUES (:nombre_producto:, :imagen_producto:, :categoria_id:, :subcategoria_id:, :precio:, :marca:, :stock:, :descripcion:)', [...], false)
 2 SYSTEMPATH\Model.php(394): CodeIgniter\Database\BaseBuilder->insert()
 3 SYSTEMPATH\BaseModel.php(839): CodeIgniter\Model->doInsert([...])
 4 SYSTEMPATH\Model.php(800): CodeIgniter\BaseModel->insert([...], true)
 5 APPPATH\Controllers\AdminController.php(135): CodeIgniter\Model->insert([...])
 6 SYSTEMPATH\CodeIgniter.php(933): App\Controllers\AdminController->guardar_producto()
 7 SYSTEMPATH\CodeIgniter.php(507): CodeIgniter\CodeIgniter->runController(Object(App\Controllers\AdminController))
 8 SYSTEMPATH\CodeIgniter.php(354): CodeIgniter\CodeIgniter->handleRequest(null, Object(Config\Cache), false)
 9 SYSTEMPATH\Boot.php(334): CodeIgniter\CodeIgniter->run()
10 SYSTEMPATH\Boot.php(67): CodeIgniter\Boot::runCodeIgniter(Object(CodeIgniter\CodeIgniter))
11 FCPATH\index.php(57): CodeIgniter\Boot::bootWeb(Object(Config\Paths))
CRITICAL - 2025-06-05 20:42:37 --> [Caused by] CodeIgniter\Database\Exceptions\DatabaseException: Duplicate entry '1' for key 'categoria_id'
in SYSTEMPATH\Database\MySQLi\Connection.php on line 332.
 1 SYSTEMPATH\Database\BaseConnection.php(738): CodeIgniter\Database\MySQLi\Connection->execute('INSERT INTO `productos` (`nombre_producto`, `imagen_producto`, `categoria_id`, `subcategoria_id`, `precio`, `marca`, `stock`, `descripcion`) VALUES (\'Auto\', \'assets/img/1749156157_6551e6d58e29b14a0dd4.png\', \'1\', \'5\', \'123\', \'Samsung\', \'34\', \'Anda _)\')')
 2 SYSTEMPATH\Database\BaseConnection.php(652): CodeIgniter\Database\BaseConnection->simpleQuery('INSERT INTO `productos` (`nombre_producto`, `imagen_producto`, `categoria_id`, `subcategoria_id`, `precio`, `marca`, `stock`, `descripcion`) VALUES (\'Auto\', \'assets/img/1749156157_6551e6d58e29b14a0dd4.png\', \'1\', \'5\', \'123\', \'Samsung\', \'34\', \'Anda _)\')')
 3 SYSTEMPATH\Database\BaseBuilder.php(2345): CodeIgniter\Database\BaseConnection->query('INSERT INTO `productos` (`nombre_producto`, `imagen_producto`, `categoria_id`, `subcategoria_id`, `precio`, `marca`, `stock`, `descripcion`) VALUES (:nombre_producto:, :imagen_producto:, :categoria_id:, :subcategoria_id:, :precio:, :marca:, :stock:, :descripcion:)', [...], false)
 4 SYSTEMPATH\Model.php(394): CodeIgniter\Database\BaseBuilder->insert()
 5 SYSTEMPATH\BaseModel.php(839): CodeIgniter\Model->doInsert([...])
 6 SYSTEMPATH\Model.php(800): CodeIgniter\BaseModel->insert([...], true)
 7 APPPATH\Controllers\AdminController.php(135): CodeIgniter\Model->insert([...])
 8 SYSTEMPATH\CodeIgniter.php(933): App\Controllers\AdminController->guardar_producto()
 9 SYSTEMPATH\CodeIgniter.php(507): CodeIgniter\CodeIgniter->runController(Object(App\Controllers\AdminController))
10 SYSTEMPATH\CodeIgniter.php(354): CodeIgniter\CodeIgniter->handleRequest(null, Object(Config\Cache), false)
11 SYSTEMPATH\Boot.php(334): CodeIgniter\CodeIgniter->run()
12 SYSTEMPATH\Boot.php(67): CodeIgniter\Boot::runCodeIgniter(Object(CodeIgniter\CodeIgniter))
13 FCPATH\index.php(57): CodeIgniter\Boot::bootWeb(Object(Config\Paths))
CRITICAL - 2025-06-05 20:42:37 --> [Caused by] mysqli_sql_exception: Duplicate entry '1' for key 'categoria_id'
in SYSTEMPATH\Database\MySQLi\Connection.php on line 327.
 1 SYSTEMPATH\Database\MySQLi\Connection.php(327): mysqli->query('INSERT INTO `productos` (`nombre_producto`, `imagen_producto`, `categoria_id`, `subcategoria_id`, `precio`, `marca`, `stock`, `descripcion`) VALUES (\'Auto\', \'assets/img/1749156157_6551e6d58e29b14a0dd4.png\', \'1\', \'5\', \'123\', \'Samsung\', \'34\', \'Anda _)\')', 0)
 2 SYSTEMPATH\Database\BaseConnection.php(738): CodeIgniter\Database\MySQLi\Connection->execute('INSERT INTO `productos` (`nombre_producto`, `imagen_producto`, `categoria_id`, `subcategoria_id`, `precio`, `marca`, `stock`, `descripcion`) VALUES (\'Auto\', \'assets/img/1749156157_6551e6d58e29b14a0dd4.png\', \'1\', \'5\', \'123\', \'Samsung\', \'34\', \'Anda _)\')')
 3 SYSTEMPATH\Database\BaseConnection.php(652): CodeIgniter\Database\BaseConnection->simpleQuery('INSERT INTO `productos` (`nombre_producto`, `imagen_producto`, `categoria_id`, `subcategoria_id`, `precio`, `marca`, `stock`, `descripcion`) VALUES (\'Auto\', \'assets/img/1749156157_6551e6d58e29b14a0dd4.png\', \'1\', \'5\', \'123\', \'Samsung\', \'34\', \'Anda _)\')')
 4 SYSTEMPATH\Database\BaseBuilder.php(2345): CodeIgniter\Database\BaseConnection->query('INSERT INTO `productos` (`nombre_producto`, `imagen_producto`, `categoria_id`, `subcategoria_id`, `precio`, `marca`, `stock`, `descripcion`) VALUES (:nombre_producto:, :imagen_producto:, :categoria_id:, :subcategoria_id:, :precio:, :marca:, :stock:, :descripcion:)', [...], false)
 5 SYSTEMPATH\Model.php(394): CodeIgniter\Database\BaseBuilder->insert()
 6 SYSTEMPATH\BaseModel.php(839): CodeIgniter\Model->doInsert([...])
 7 SYSTEMPATH\Model.php(800): CodeIgniter\BaseModel->insert([...], true)
 8 APPPATH\Controllers\AdminController.php(135): CodeIgniter\Model->insert([...])
 9 SYSTEMPATH\CodeIgniter.php(933): App\Controllers\AdminController->guardar_producto()
10 SYSTEMPATH\CodeIgniter.php(507): CodeIgniter\CodeIgniter->runController(Object(App\Controllers\AdminController))
11 SYSTEMPATH\CodeIgniter.php(354): CodeIgniter\CodeIgniter->handleRequest(null, Object(Config\Cache), false)
12 SYSTEMPATH\Boot.php(334): CodeIgniter\CodeIgniter->run()
13 SYSTEMPATH\Boot.php(67): CodeIgniter\Boot::runCodeIgniter(Object(CodeIgniter\CodeIgniter))
14 FCPATH\index.php(57): CodeIgniter\Boot::bootWeb(Object(Config\Paths))
DEBUG - 2025-06-05 20:42:40 --> Session: Class initialized using 'CodeIgniter\Session\Handlers\FileHandler' driver.
ERROR - 2025-06-05 20:42:42 --> mysqli_sql_exception: Duplicate entry '1' for key 'categoria_id' in C:\xampp\htdocs\proyecto_esquenon_gomez\system\Database\MySQLi\Connection.php:327
Stack trace:
#0 C:\xampp\htdocs\proyecto_esquenon_gomez\system\Database\MySQLi\Connection.php(327): mysqli->query('INSERT INTO `pr...', 0)
#1 C:\xampp\htdocs\proyecto_esquenon_gomez\system\Database\BaseConnection.php(738): CodeIgniter\Database\MySQLi\Connection->execute('INSERT INTO `pr...')
#2 C:\xampp\htdocs\proyecto_esquenon_gomez\system\Database\BaseConnection.php(652): CodeIgniter\Database\BaseConnection->simpleQuery('INSERT INTO `pr...')
#3 C:\xampp\htdocs\proyecto_esquenon_gomez\system\Database\BaseBuilder.php(2345): CodeIgniter\Database\BaseConnection->query('INSERT INTO `pr...', Array, false)
#4 C:\xampp\htdocs\proyecto_esquenon_gomez\system\Model.php(394): CodeIgniter\Database\BaseBuilder->insert()
#5 C:\xampp\htdocs\proyecto_esquenon_gomez\system\BaseModel.php(839): CodeIgniter\Model->doInsert(Array)
#6 C:\xampp\htdocs\proyecto_esquenon_gomez\system\Model.php(800): CodeIgniter\BaseModel->insert(Array, true)
#7 C:\xampp\htdocs\proyecto_esquenon_gomez\app\Controllers\AdminController.php(135): CodeIgniter\Model->insert(Array)
#8 C:\xampp\htdocs\proyecto_esquenon_gomez\system\CodeIgniter.php(933): App\Controllers\AdminController->guardar_producto()
#9 C:\xampp\htdocs\proyecto_esquenon_gomez\system\CodeIgniter.php(507): CodeIgniter\CodeIgniter->runController(Object(App\Controllers\AdminController))
#10 C:\xampp\htdocs\proyecto_esquenon_gomez\system\CodeIgniter.php(354): CodeIgniter\CodeIgniter->handleRequest(NULL, Object(Config\Cache), false)
#11 C:\xampp\htdocs\proyecto_esquenon_gomez\system\Boot.php(334): CodeIgniter\CodeIgniter->run()
#12 C:\xampp\htdocs\proyecto_esquenon_gomez\system\Boot.php(67): CodeIgniter\Boot::runCodeIgniter(Object(CodeIgniter\CodeIgniter))
#13 C:\xampp\htdocs\proyecto_esquenon_gomez\index.php(57): CodeIgniter\Boot::bootWeb(Object(Config\Paths))
#14 {main}
CRITICAL - 2025-06-05 20:42:42 --> CodeIgniter\Database\Exceptions\DatabaseException: Duplicate entry '1' for key 'categoria_id'
[Method: POST, Route: guardar_producto]
in SYSTEMPATH\Database\BaseConnection.php on line 692.
 1 SYSTEMPATH\Database\BaseBuilder.php(2345): CodeIgniter\Database\BaseConnection->query('INSERT INTO `productos` (`nombre_producto`, `imagen_producto`, `categoria_id`, `subcategoria_id`, `precio`, `marca`, `stock`, `descripcion`) VALUES (:nombre_producto:, :imagen_producto:, :categoria_id:, :subcategoria_id:, :precio:, :marca:, :stock:, :descripcion:)', [...], false)
 2 SYSTEMPATH\Model.php(394): CodeIgniter\Database\BaseBuilder->insert()
 3 SYSTEMPATH\BaseModel.php(839): CodeIgniter\Model->doInsert([...])
 4 SYSTEMPATH\Model.php(800): CodeIgniter\BaseModel->insert([...], true)
 5 APPPATH\Controllers\AdminController.php(135): CodeIgniter\Model->insert([...])
 6 SYSTEMPATH\CodeIgniter.php(933): App\Controllers\AdminController->guardar_producto()
 7 SYSTEMPATH\CodeIgniter.php(507): CodeIgniter\CodeIgniter->runController(Object(App\Controllers\AdminController))
 8 SYSTEMPATH\CodeIgniter.php(354): CodeIgniter\CodeIgniter->handleRequest(null, Object(Config\Cache), false)
 9 SYSTEMPATH\Boot.php(334): CodeIgniter\CodeIgniter->run()
10 SYSTEMPATH\Boot.php(67): CodeIgniter\Boot::runCodeIgniter(Object(CodeIgniter\CodeIgniter))
11 FCPATH\index.php(57): CodeIgniter\Boot::bootWeb(Object(Config\Paths))
CRITICAL - 2025-06-05 20:42:42 --> [Caused by] CodeIgniter\Database\Exceptions\DatabaseException: Duplicate entry '1' for key 'categoria_id'
in SYSTEMPATH\Database\MySQLi\Connection.php on line 332.
 1 SYSTEMPATH\Database\BaseConnection.php(738): CodeIgniter\Database\MySQLi\Connection->execute('INSERT INTO `productos` (`nombre_producto`, `imagen_producto`, `categoria_id`, `subcategoria_id`, `precio`, `marca`, `stock`, `descripcion`) VALUES (\'Auto\', \'assets/img/1749156162_7404f86ff995b845611c.png\', \'1\', \'5\', \'123\', \'Samsung\', \'34\', \'Anda _)\')')
 2 SYSTEMPATH\Database\BaseConnection.php(652): CodeIgniter\Database\BaseConnection->simpleQuery('INSERT INTO `productos` (`nombre_producto`, `imagen_producto`, `categoria_id`, `subcategoria_id`, `precio`, `marca`, `stock`, `descripcion`) VALUES (\'Auto\', \'assets/img/1749156162_7404f86ff995b845611c.png\', \'1\', \'5\', \'123\', \'Samsung\', \'34\', \'Anda _)\')')
 3 SYSTEMPATH\Database\BaseBuilder.php(2345): CodeIgniter\Database\BaseConnection->query('INSERT INTO `productos` (`nombre_producto`, `imagen_producto`, `categoria_id`, `subcategoria_id`, `precio`, `marca`, `stock`, `descripcion`) VALUES (:nombre_producto:, :imagen_producto:, :categoria_id:, :subcategoria_id:, :precio:, :marca:, :stock:, :descripcion:)', [...], false)
 4 SYSTEMPATH\Model.php(394): CodeIgniter\Database\BaseBuilder->insert()
 5 SYSTEMPATH\BaseModel.php(839): CodeIgniter\Model->doInsert([...])
 6 SYSTEMPATH\Model.php(800): CodeIgniter\BaseModel->insert([...], true)
 7 APPPATH\Controllers\AdminController.php(135): CodeIgniter\Model->insert([...])
 8 SYSTEMPATH\CodeIgniter.php(933): App\Controllers\AdminController->guardar_producto()
 9 SYSTEMPATH\CodeIgniter.php(507): CodeIgniter\CodeIgniter->runController(Object(App\Controllers\AdminController))
10 SYSTEMPATH\CodeIgniter.php(354): CodeIgniter\CodeIgniter->handleRequest(null, Object(Config\Cache), false)
11 SYSTEMPATH\Boot.php(334): CodeIgniter\CodeIgniter->run()
12 SYSTEMPATH\Boot.php(67): CodeIgniter\Boot::runCodeIgniter(Object(CodeIgniter\CodeIgniter))
13 FCPATH\index.php(57): CodeIgniter\Boot::bootWeb(Object(Config\Paths))
CRITICAL - 2025-06-05 20:42:42 --> [Caused by] mysqli_sql_exception: Duplicate entry '1' for key 'categoria_id'
in SYSTEMPATH\Database\MySQLi\Connection.php on line 327.
 1 SYSTEMPATH\Database\MySQLi\Connection.php(327): mysqli->query('INSERT INTO `productos` (`nombre_producto`, `imagen_producto`, `categoria_id`, `subcategoria_id`, `precio`, `marca`, `stock`, `descripcion`) VALUES (\'Auto\', \'assets/img/1749156162_7404f86ff995b845611c.png\', \'1\', \'5\', \'123\', \'Samsung\', \'34\', \'Anda _)\')', 0)
 2 SYSTEMPATH\Database\BaseConnection.php(738): CodeIgniter\Database\MySQLi\Connection->execute('INSERT INTO `productos` (`nombre_producto`, `imagen_producto`, `categoria_id`, `subcategoria_id`, `precio`, `marca`, `stock`, `descripcion`) VALUES (\'Auto\', \'assets/img/1749156162_7404f86ff995b845611c.png\', \'1\', \'5\', \'123\', \'Samsung\', \'34\', \'Anda _)\')')
 3 SYSTEMPATH\Database\BaseConnection.php(652): CodeIgniter\Database\BaseConnection->simpleQuery('INSERT INTO `productos` (`nombre_producto`, `imagen_producto`, `categoria_id`, `subcategoria_id`, `precio`, `marca`, `stock`, `descripcion`) VALUES (\'Auto\', \'assets/img/1749156162_7404f86ff995b845611c.png\', \'1\', \'5\', \'123\', \'Samsung\', \'34\', \'Anda _)\')')
 4 SYSTEMPATH\Database\BaseBuilder.php(2345): CodeIgniter\Database\BaseConnection->query('INSERT INTO `productos` (`nombre_producto`, `imagen_producto`, `categoria_id`, `subcategoria_id`, `precio`, `marca`, `stock`, `descripcion`) VALUES (:nombre_producto:, :imagen_producto:, :categoria_id:, :subcategoria_id:, :precio:, :marca:, :stock:, :descripcion:)', [...], false)
 5 SYSTEMPATH\Model.php(394): CodeIgniter\Database\BaseBuilder->insert()
 6 SYSTEMPATH\BaseModel.php(839): CodeIgniter\Model->doInsert([...])
 7 SYSTEMPATH\Model.php(800): CodeIgniter\BaseModel->insert([...], true)
 8 APPPATH\Controllers\AdminController.php(135): CodeIgniter\Model->insert([...])
 9 SYSTEMPATH\CodeIgniter.php(933): App\Controllers\AdminController->guardar_producto()
10 SYSTEMPATH\CodeIgniter.php(507): CodeIgniter\CodeIgniter->runController(Object(App\Controllers\AdminController))
11 SYSTEMPATH\CodeIgniter.php(354): CodeIgniter\CodeIgniter->handleRequest(null, Object(Config\Cache), false)
12 SYSTEMPATH\Boot.php(334): CodeIgniter\CodeIgniter->run()
13 SYSTEMPATH\Boot.php(67): CodeIgniter\Boot::runCodeIgniter(Object(CodeIgniter\CodeIgniter))
14 FCPATH\index.php(57): CodeIgniter\Boot::bootWeb(Object(Config\Paths))
DEBUG - 2025-06-05 20:56:54 --> Session: Class initialized using 'CodeIgniter\Session\Handlers\FileHandler' driver.
DEBUG - 2025-06-05 21:12:05 --> Session: Class initialized using 'CodeIgniter\Session\Handlers\FileHandler' driver.
DEBUG - 2025-06-05 21:12:14 --> Session: Class initialized using 'CodeIgniter\Session\Handlers\FileHandler' driver.
DEBUG - 2025-06-05 21:12:41 --> Session: Class initialized using 'CodeIgniter\Session\Handlers\FileHandler' driver.
DEBUG - 2025-06-05 21:14:01 --> Session: Class initialized using 'CodeIgniter\Session\Handlers\FileHandler' driver.
DEBUG - 2025-06-05 21:14:49 --> Session: Class initialized using 'CodeIgniter\Session\Handlers\FileHandler' driver.
CRITICAL - 2025-06-05 22:39:17 --> CodeIgniter\View\Exceptions\ViewException: Invalid file: "backend/admin/modificarProducto.php"
[Method: GET, Route: modificar/1]
in SYSTEMPATH\Exceptions\FrameworkException.php on line 39.
 1 SYSTEMPATH\View\View.php(212): CodeIgniter\Exceptions\FrameworkException::forInvalidFile('backend/admin/modificarProducto.php')
 2 SYSTEMPATH\Common.php(1173): CodeIgniter\View\View->render('backend/admin/modificarProducto', [], true)
 3 APPPATH\Controllers\AdminController.php(162): view('backend/admin/modificarProducto', [...])
 4 SYSTEMPATH\CodeIgniter.php(933): App\Controllers\AdminController->mostrar_producto('1')
 5 SYSTEMPATH\CodeIgniter.php(507): CodeIgniter\CodeIgniter->runController(Object(App\Controllers\AdminController))
 6 SYSTEMPATH\CodeIgniter.php(354): CodeIgniter\CodeIgniter->handleRequest(null, Object(Config\Cache), false)
 7 SYSTEMPATH\Boot.php(334): CodeIgniter\CodeIgniter->run()
 8 SYSTEMPATH\Boot.php(67): CodeIgniter\Boot::runCodeIgniter(Object(CodeIgniter\CodeIgniter))
 9 FCPATH\index.php(57): CodeIgniter\Boot::bootWeb(Object(Config\Paths))
CRITICAL - 2025-06-05 22:41:11 --> ParseError: syntax error, unexpected token ",", expecting ")"
[Method: GET, Route: modificar/1]
in APPPATH\Views\backend\admin\modificarProductos.php on line 49.
 1 SYSTEMPATH\View\View.php(227): CodeIgniter\View\View->CodeIgniter\View\{closure}()
 2 SYSTEMPATH\Common.php(1173): CodeIgniter\View\View->render('backend/admin/modificarProductos', [], true)
 3 APPPATH\Controllers\AdminController.php(162): view('backend/admin/modificarProductos', [...])
 4 SYSTEMPATH\CodeIgniter.php(933): App\Controllers\AdminController->mostrar_producto('1')
 5 SYSTEMPATH\CodeIgniter.php(507): CodeIgniter\CodeIgniter->runController(Object(App\Controllers\AdminController))
 6 SYSTEMPATH\CodeIgniter.php(354): CodeIgniter\CodeIgniter->handleRequest(null, Object(Config\Cache), false)
 7 SYSTEMPATH\Boot.php(334): CodeIgniter\CodeIgniter->run()
 8 SYSTEMPATH\Boot.php(67): CodeIgniter\Boot::runCodeIgniter(Object(CodeIgniter\CodeIgniter))
 9 FCPATH\index.php(57): CodeIgniter\Boot::bootWeb(Object(Config\Paths))
CRITICAL - 2025-06-05 22:41:41 --> ErrorException: Undefined variable $producto
[Method: GET, Route: modificar/1]
in APPPATH\Views\backend\admin\modificarProductos.php on line 6.
 1 APPPATH\Views\backend\admin\modificarProductos.php(6): CodeIgniter\Debug\Exceptions->errorHandler(2, 'Undefined variable $producto', 'C:\\xampp\\htdocs\\proyecto_esquenon_gomez\\app\\Views\\backend\\admin\\modificarProductos.php', 6)
 2 SYSTEMPATH\View\View.php(224): include('C:\\xampp\\htdocs\\proyecto_esquenon_gomez\\app\\Views\\backend\\admin\\modificarProductos.php')
 3 SYSTEMPATH\View\View.php(227): CodeIgniter\View\View->CodeIgniter\View\{closure}()
 4 SYSTEMPATH\Common.php(1173): CodeIgniter\View\View->render('backend/admin/modificarProductos', [], true)
 5 APPPATH\Controllers\AdminController.php(162): view('backend/admin/modificarProductos', [...])
 6 SYSTEMPATH\CodeIgniter.php(933): App\Controllers\AdminController->mostrar_producto('1')
 7 SYSTEMPATH\CodeIgniter.php(507): CodeIgniter\CodeIgniter->runController(Object(App\Controllers\AdminController))
 8 SYSTEMPATH\CodeIgniter.php(354): CodeIgniter\CodeIgniter->handleRequest(null, Object(Config\Cache), false)
 9 SYSTEMPATH\Boot.php(334): CodeIgniter\CodeIgniter->run()
10 SYSTEMPATH\Boot.php(67): CodeIgniter\Boot::runCodeIgniter(Object(CodeIgniter\CodeIgniter))
11 FCPATH\index.php(57): CodeIgniter\Boot::bootWeb(Object(Config\Paths))
CRITICAL - 2025-06-05 22:43:00 --> ErrorException: Undefined variable $producto
[Method: GET, Route: modificar/1]
in APPPATH\Views\backend\admin\modificarProductos.php on line 10.
 1 APPPATH\Views\backend\admin\modificarProductos.php(10): CodeIgniter\Debug\Exceptions->errorHandler(2, 'Undefined variable $producto', 'C:\\xampp\\htdocs\\proyecto_esquenon_gomez\\app\\Views\\backend\\admin\\modificarProductos.php', 10)
 2 SYSTEMPATH\View\View.php(224): include('C:\\xampp\\htdocs\\proyecto_esquenon_gomez\\app\\Views\\backend\\admin\\modificarProductos.php')
 3 SYSTEMPATH\View\View.php(227): CodeIgniter\View\View->CodeIgniter\View\{closure}()
 4 SYSTEMPATH\Common.php(1173): CodeIgniter\View\View->render('backend/admin/modificarProductos', [], true)
 5 APPPATH\Controllers\AdminController.php(162): view('backend/admin/modificarProductos', [...])
 6 SYSTEMPATH\CodeIgniter.php(933): App\Controllers\AdminController->mostrar_producto('1')
 7 SYSTEMPATH\CodeIgniter.php(507): CodeIgniter\CodeIgniter->runController(Object(App\Controllers\AdminController))
 8 SYSTEMPATH\CodeIgniter.php(354): CodeIgniter\CodeIgniter->handleRequest(null, Object(Config\Cache), false)
 9 SYSTEMPATH\Boot.php(334): CodeIgniter\CodeIgniter->run()
10 SYSTEMPATH\Boot.php(67): CodeIgniter\Boot::runCodeIgniter(Object(CodeIgniter\CodeIgniter))
11 FCPATH\index.php(57): CodeIgniter\Boot::bootWeb(Object(Config\Paths))
DEBUG - 2025-06-05 22:43:43 --> Session: Class initialized using 'CodeIgniter\Session\Handlers\FileHandler' driver.
DEBUG - 2025-06-05 22:45:48 --> Session: Class initialized using 'CodeIgniter\Session\Handlers\FileHandler' driver.
DEBUG - 2025-06-05 22:47:27 --> Session: Class initialized using 'CodeIgniter\Session\Handlers\FileHandler' driver.
DEBUG - 2025-06-05 22:49:40 --> Session: Class initialized using 'CodeIgniter\Session\Handlers\FileHandler' driver.
DEBUG - 2025-06-05 22:52:19 --> Session: Class initialized using 'CodeIgniter\Session\Handlers\FileHandler' driver.
DEBUG - 2025-06-05 22:52:25 --> Session: Class initialized using 'CodeIgniter\Session\Handlers\FileHandler' driver.
CRITICAL - 2025-06-05 22:52:32 --> Error: Call to undefined function App\Controllers\isValid()
[Method: POST, Route: actualizar/1]
in APPPATH\Controllers\AdminController.php on line 173.
 1 SYSTEMPATH\CodeIgniter.php(933): App\Controllers\AdminController->modificar([...])
 2 SYSTEMPATH\CodeIgniter.php(507): CodeIgniter\CodeIgniter->runController(Object(App\Controllers\AdminController))
 3 SYSTEMPATH\CodeIgniter.php(354): CodeIgniter\CodeIgniter->handleRequest(null, Object(Config\Cache), false)
 4 SYSTEMPATH\Boot.php(334): CodeIgniter\CodeIgniter->run()
 5 SYSTEMPATH\Boot.php(67): CodeIgniter\Boot::runCodeIgniter(Object(CodeIgniter\CodeIgniter))
 6 FCPATH\index.php(57): CodeIgniter\Boot::bootWeb(Object(Config\Paths))
DEBUG - 2025-06-05 22:54:12 --> Session: Class initialized using 'CodeIgniter\Session\Handlers\FileHandler' driver.
DEBUG - 2025-06-05 22:54:17 --> Session: Class initialized using 'CodeIgniter\Session\Handlers\FileHandler' driver.
DEBUG - 2025-06-05 22:54:32 --> Session: Class initialized using 'CodeIgniter\Session\Handlers\FileHandler' driver.
DEBUG - 2025-06-05 22:55:45 --> Session: Class initialized using 'CodeIgniter\Session\Handlers\FileHandler' driver.
CRITICAL - 2025-06-05 22:56:02 --> ErrorException: Undefined variable $request
[Method: POST, Route: actualizar/12355]
in APPPATH\Controllers\AdminController.php on line 179.
 1 APPPATH\Controllers\AdminController.php(179): CodeIgniter\Debug\Exceptions->errorHandler(2, 'Undefined variable $request', 'C:\\xampp\\htdocs\\proyecto_esquenon_gomez\\app\\Controllers\\AdminController.php', 179)
 2 SYSTEMPATH\CodeIgniter.php(933): App\Controllers\AdminController->modificar([...])
 3 SYSTEMPATH\CodeIgniter.php(507): CodeIgniter\CodeIgniter->runController(Object(App\Controllers\AdminController))
 4 SYSTEMPATH\CodeIgniter.php(354): CodeIgniter\CodeIgniter->handleRequest(null, Object(Config\Cache), false)
 5 SYSTEMPATH\Boot.php(334): CodeIgniter\CodeIgniter->run()
 6 SYSTEMPATH\Boot.php(67): CodeIgniter\Boot::runCodeIgniter(Object(CodeIgniter\CodeIgniter))
 7 FCPATH\index.php(57): CodeIgniter\Boot::bootWeb(Object(Config\Paths))
CRITICAL - 2025-06-05 22:56:58 --> ErrorException: Undefined variable $request
[Method: POST, Route: actualizar/12355]
in APPPATH\Controllers\AdminController.php on line 179.
 1 APPPATH\Controllers\AdminController.php(179): CodeIgniter\Debug\Exceptions->errorHandler(2, 'Undefined variable $request', 'C:\\xampp\\htdocs\\proyecto_esquenon_gomez\\app\\Controllers\\AdminController.php', 179)
 2 SYSTEMPATH\CodeIgniter.php(933): App\Controllers\AdminController->modificar([...])
 3 SYSTEMPATH\CodeIgniter.php(507): CodeIgniter\CodeIgniter->runController(Object(App\Controllers\AdminController))
 4 SYSTEMPATH\CodeIgniter.php(354): CodeIgniter\CodeIgniter->handleRequest(null, Object(Config\Cache), false)
 5 SYSTEMPATH\Boot.php(334): CodeIgniter\CodeIgniter->run()
 6 SYSTEMPATH\Boot.php(67): CodeIgniter\Boot::runCodeIgniter(Object(CodeIgniter\CodeIgniter))
 7 FCPATH\index.php(57): CodeIgniter\Boot::bootWeb(Object(Config\Paths))
DEBUG - 2025-06-05 22:57:22 --> Session: Class initialized using 'CodeIgniter\Session\Handlers\FileHandler' driver.
DEBUG - 2025-06-05 22:57:26 --> Session: Class initialized using 'CodeIgniter\Session\Handlers\FileHandler' driver.
DEBUG - 2025-06-05 22:57:38 --> Session: Class initialized using 'CodeIgniter\Session\Handlers\FileHandler' driver.
DEBUG - 2025-06-05 23:00:47 --> Session: Class initialized using 'CodeIgniter\Session\Handlers\FileHandler' driver.
DEBUG - 2025-06-05 23:01:04 --> Session: Class initialized using 'CodeIgniter\Session\Handlers\FileHandler' driver.
DEBUG - 2025-06-05 23:02:39 --> Session: Class initialized using 'CodeIgniter\Session\Handlers\FileHandler' driver.
DEBUG - 2025-06-05 23:02:58 --> Session: Class initialized using 'CodeIgniter\Session\Handlers\FileHandler' driver.
DEBUG - 2025-06-05 23:10:55 --> Session: Class initialized using 'CodeIgniter\Session\Handlers\FileHandler' driver.
DEBUG - 2025-06-05 23:11:31 --> Session: Class initialized using 'CodeIgniter\Session\Handlers\FileHandler' driver.
DEBUG - 2025-06-05 23:11:45 --> Session: Class initialized using 'CodeIgniter\Session\Handlers\FileHandler' driver.
DEBUG - 2025-06-05 23:18:45 --> Session: Class initialized using 'CodeIgniter\Session\Handlers\FileHandler' driver.
DEBUG - 2025-06-05 23:18:59 --> Session: Class initialized using 'CodeIgniter\Session\Handlers\FileHandler' driver.
DEBUG - 2025-06-05 23:19:21 --> Session: Class initialized using 'CodeIgniter\Session\Handlers\FileHandler' driver.
DEBUG - 2025-06-05 23:19:40 --> Session: Class initialized using 'CodeIgniter\Session\Handlers\FileHandler' driver.
DEBUG - 2025-06-05 23:21:06 --> Session: Class initialized using 'CodeIgniter\Session\Handlers\FileHandler' driver.
DEBUG - 2025-06-05 23:21:44 --> Session: Class initialized using 'CodeIgniter\Session\Handlers\FileHandler' driver.
DEBUG - 2025-06-05 23:21:57 --> Session: Class initialized using 'CodeIgniter\Session\Handlers\FileHandler' driver.
DEBUG - 2025-06-05 23:22:19 --> Session: Class initialized using 'CodeIgniter\Session\Handlers\FileHandler' driver.
